#
# There is insufficient memory for the Java Runtime Environment to continue.
# Native memory allocation (mmap) failed to map 258998272 bytes for Failed to commit area from 0x0000000093f00000 to 0x00000000a3600000 of length 258998272.
# Possible reasons:
#   The system is out of physical RAM or swap space
#   The process is running with CompressedOops enabled, and the Java Heap may be blocking the growth of the native heap
# Possible solutions:
#   Reduce memory load on the system
#   Increase physical memory or swap space
#   Check if swap backing store is full
#   Decrease Java heap size (-Xmx/-Xms)
#   Decrease number of Java threads
#   Decrease Java thread stack sizes (-Xss)
#   Set larger code cache with -XX:ReservedCodeCacheSize=
#   JVM is running with Unscaled Compressed Oops mode in which the Java heap is
#     placed in the first 4GB address space. The Java Heap base address is the
#     maximum limit for the native heap growth. Please use -XX:HeapBaseMinAddress
#     to set the Java Heap base and to place the Java Heap above 4GB virtual address.
# This output file may be truncated or incomplete.
#
#  Out of Memory Error (./src/hotspot/os/windows/os_windows.cpp:3301), pid=26060, tid=1912
#
# JRE version: OpenJDK Runtime Environment (11.0.11+9) (build 11.0.11+9-b60-7590822)
# Java VM: OpenJDK 64-Bit Server VM (11.0.11+9-b60-7590822, mixed mode, tiered, compressed oops, g1 gc, windows-amd64)
# No core dump will be written. Minidumps are not enabled by default on client versions of Windows
#

---------------  S U M M A R Y ------------

Command Line: --add-opens=java.base/java.util=ALL-UNNAMED --add-opens=java.base/java.lang=ALL-UNNAMED --add-opens=java.base/java.lang.invoke=ALL-UNNAMED --add-opens=java.base/java.util=ALL-UNNAMED --add-opens=java.prefs/java.util.prefs=ALL-UNNAMED --add-opens=java.prefs/java.util.prefs=ALL-UNNAMED --add-opens=java.base/java.nio.charset=ALL-UNNAMED --add-opens=java.base/java.net=ALL-UNNAMED --add-opens=java.base/java.util.concurrent.atomic=ALL-UNNAMED -Xmx2048m -Dfile.encoding=UTF-8 -Duser.country=US -Duser.language=en -Duser.variant org.gradle.launcher.daemon.bootstrap.GradleDaemon 7.0.2

Host: Intel(R) Core(TM) i7-10510U CPU @ 1.80GHz, 8 cores, 15G,  Windows 10 , 64 bit Build 19041 (10.0.19041.1466)
Time: Mon Feb 28 16:02:59 2022 Jerusalem Standard Time elapsed time: 41.083796 seconds (0d 0h 0m 41s)

---------------  T H R E A D  ---------------

Current thread (0x000001f3c26c0000):  VMThread "VM Thread" [stack: 0x0000003053200000,0x0000003053300000] [id=1912]

Stack: [0x0000003053200000,0x0000003053300000]
[error occurred during error reporting (printing stack bounds), id 0xc0000005, EXCEPTION_ACCESS_VIOLATION (0xc0000005) at pc=0x000001f3ab4d0f2d]

Native frames: (J=compiled Java code, j=interpreted, Vv=VM code, C=native code)
V  [jvm.dll+0x5f214a]
V  [jvm.dll+0x726fb5]
V  [jvm.dll+0x7285cd]
V  [jvm.dll+0x728be5]
V  [jvm.dll+0x728b9b]
V  [jvm.dll+0x5f14e8]
V  [jvm.dll+0x5f1c78]
C  [ntdll.dll+0xa20cf]
C  [ntdll.dll+0x51454]
C  [ntdll.dll+0xa0bfe]
C  0x000001f3ab4d0f2d

VM_Operation (0x0000003056cf8a30): G1CollectForAllocation, mode: safepoint, requested by thread 0x000001f3c7f6a800


---------------  P R O C E S S  ---------------

Threads class SMR info:
_java_thread_list=0x000001f3cb218ac0, length=69, elements={
0x000001f3a79d3000, 0x000001f3c26c2000, 0x000001f3c26c5800, 0x000001f3c26e7800,
0x000001f3c26e9000, 0x000001f3c26ea000, 0x000001f3c26eb800, 0x000001f3c2739800,
0x000001f3c2740000, 0x000001f3c28a3000, 0x000001f3c4276800, 0x000001f3c5451000,
0x000001f3c5dca800, 0x000001f3c40d2800, 0x000001f3c4ae8800, 0x000001f3c4a4b800,
0x000001f3c4a47800, 0x000001f3c4a4c800, 0x000001f3c4a4e000, 0x000001f3c4a4b000,
0x000001f3c4a48800, 0x000001f3c4a4d800, 0x000001f3c6c91800, 0x000001f3c6c8d800,
0x000001f3c6c8e000, 0x000001f3c6c92000, 0x000001f3c6c94800, 0x000001f3c6c94000,
0x000001f3c6c90000, 0x000001f3c6c97000, 0x000001f3c7f5d800, 0x000001f3c7f5f000,
0x000001f3c7f61000, 0x000001f3c7f62800, 0x000001f3c7f61800, 0x000001f3c7f5c800,
0x000001f3c7f65800, 0x000001f3c2a8e000, 0x000001f3c2d6e800, 0x000001f3c7f67800,
0x000001f3c7f63000, 0x000001f3c7f69000, 0x000001f3c7f69800, 0x000001f3c7f66800,
0x000001f3c7f68000, 0x000001f3c7f64000, 0x000001f3c7f65000, 0x000001f3c7f6b800,
0x000001f3c7f6a800, 0x000001f3c6c93000, 0x000001f3c6c8f000, 0x000001f3c6c99800,
0x000001f3c6c9a800, 0x000001f3c6c9b000, 0x000001f3c6c95800, 0x000001f3c6c9c000,
0x000001f3c4a4a000, 0x000001f3c4a49000, 0x000001f3c4f24000, 0x000001f3c4f28000,
0x000001f3c4f26000, 0x000001f3c4f25000, 0x000001f3c4f23800, 0x000001f3c4f26800,
0x000001f3c4f27800, 0x000001f3c4f22800, 0x000001f3c4f2e000, 0x000001f3c4f2f000,
0x000001f3c4f2d000
}

Java Threads: ( => current thread )
  0x000001f3a79d3000 JavaThread "main" [_thread_blocked, id=12204, stack(0x0000003052c00000,0x0000003052d00000)]
  0x000001f3c26c2000 JavaThread "Reference Handler" daemon [_thread_blocked, id=35976, stack(0x0000003053300000,0x0000003053400000)]
  0x000001f3c26c5800 JavaThread "Finalizer" daemon [_thread_blocked, id=32268, stack(0x0000003053400000,0x0000003053500000)]
  0x000001f3c26e7800 JavaThread "Signal Dispatcher" daemon [_thread_blocked, id=6092, stack(0x0000003053500000,0x0000003053600000)]
  0x000001f3c26e9000 JavaThread "Attach Listener" daemon [_thread_blocked, id=25244, stack(0x0000003053600000,0x0000003053700000)]
  0x000001f3c26ea000 JavaThread "Service Thread" daemon [_thread_blocked, id=13316, stack(0x0000003053700000,0x0000003053800000)]
  0x000001f3c26eb800 JavaThread "C2 CompilerThread0" daemon [_thread_blocked, id=24600, stack(0x0000003053800000,0x0000003053900000)]
  0x000001f3c2739800 JavaThread "C1 CompilerThread0" daemon [_thread_blocked, id=32132, stack(0x0000003053900000,0x0000003053a00000)]
  0x000001f3c2740000 JavaThread "Sweeper thread" daemon [_thread_blocked, id=32772, stack(0x0000003053a00000,0x0000003053b00000)]
  0x000001f3c28a3000 JavaThread "Common-Cleaner" daemon [_thread_blocked, id=15928, stack(0x0000003053b00000,0x0000003053c00000)]
  0x000001f3c4276800 JavaThread "Daemon health stats" [_thread_blocked, id=7016, stack(0x0000003054300000,0x0000003054400000)]
  0x000001f3c5451000 JavaThread "Incoming local TCP Connector on port 57103" [_thread_in_native, id=32192, stack(0x0000003054400000,0x0000003054500000)]
  0x000001f3c5dca800 JavaThread "Daemon periodic checks" [_thread_blocked, id=4524, stack(0x0000003054500000,0x0000003054600000)]
  0x000001f3c40d2800 JavaThread "Daemon" [_thread_blocked, id=19248, stack(0x0000003054600000,0x0000003054700000)]
  0x000001f3c4ae8800 JavaThread "Daemon worker" [_thread_blocked, id=31680, stack(0x0000003054900000,0x0000003054a00000)]
  0x000001f3c4a4b800 JavaThread "Cache worker for file hash cache (C:\Users\ShadiZidan\.gradle\caches\7.0.2\fileHashes)" [_thread_blocked, id=3980, stack(0x0000003054d00000,0x0000003054e00000)]
  0x000001f3c4a47800 JavaThread "File lock request listener" [_thread_in_native, id=27136, stack(0x0000003054e00000,0x0000003054f00000)]
  0x000001f3c4a4c800 JavaThread "Cache worker for journal cache (C:\Users\ShadiZidan\.gradle\caches\journal-1)" [_thread_blocked, id=27408, stack(0x0000003055200000,0x0000003055300000)]
  0x000001f3c4a4e000 JavaThread "File watcher server" daemon [_thread_blocked, id=19776, stack(0x0000003055400000,0x0000003055500000)]
  0x000001f3c4a4b000 JavaThread "File watcher consumer" daemon [_thread_blocked, id=35220, stack(0x0000003055500000,0x0000003055600000)]
  0x000001f3c4a48800 JavaThread "jar transforms" [_thread_blocked, id=20304, stack(0x0000003055600000,0x0000003055700000)]
  0x000001f3c4a4d800 JavaThread "jar transforms Thread 2" [_thread_blocked, id=17064, stack(0x0000003055700000,0x0000003055800000)]
  0x000001f3c6c91800 JavaThread "jar transforms Thread 3" [_thread_blocked, id=16772, stack(0x0000003055800000,0x0000003055900000)]
  0x000001f3c6c8d800 JavaThread "jar transforms Thread 4" [_thread_blocked, id=29412, stack(0x0000003055900000,0x0000003055a00000)]
  0x000001f3c6c8e000 JavaThread "jar transforms Thread 5" [_thread_blocked, id=26900, stack(0x0000003055a00000,0x0000003055b00000)]
  0x000001f3c6c92000 JavaThread "jar transforms Thread 6" [_thread_blocked, id=24768, stack(0x0000003055b00000,0x0000003055c00000)]
  0x000001f3c6c94800 JavaThread "jar transforms Thread 7" [_thread_blocked, id=36028, stack(0x0000003055c00000,0x0000003055d00000)]
  0x000001f3c6c94000 JavaThread "jar transforms Thread 8" [_thread_blocked, id=17504, stack(0x0000003055d00000,0x0000003055e00000)]
  0x000001f3c6c90000 JavaThread "Cache worker for execution history cache (C:\Users\ShadiZidan\.gradle\caches\7.0.2\executionHistory)" [_thread_blocked, id=35964, stack(0x0000003056200000,0x0000003056300000)]
  0x000001f3c6c97000 JavaThread "Cache worker for file content cache (C:\Users\ShadiZidan\.gradle\caches\7.0.2\fileContent)" [_thread_blocked, id=11092, stack(0x0000003056300000,0x0000003056400000)]
  0x000001f3c7f5d800 JavaThread "Memory manager" [_thread_blocked, id=20900, stack(0x0000003057100000,0x0000003057200000)]
  0x000001f3c7f5f000 JavaThread "Handler for socket connection from /127.0.0.1:57103 to /127.0.0.1:57125" [_thread_in_native, id=32264, stack(0x0000003054800000,0x0000003054900000)]
  0x000001f3c7f61000 JavaThread "Cancel handler" [_thread_blocked, id=33624, stack(0x0000003054a00000,0x0000003054b00000)]
  0x000001f3c7f62800 JavaThread "Asynchronous log dispatcher for DefaultDaemonConnection: socket connection from /127.0.0.1:57103 to /127.0.0.1:57125" [_thread_blocked, id=34260, stack(0x0000003054b00000,0x0000003054c00000)]
  0x000001f3c7f61800 JavaThread "Stdin handler" [_thread_blocked, id=33396, stack(0x0000003054c00000,0x0000003054d00000)]
  0x000001f3c7f5c800 JavaThread "Daemon client event forwarder" [_thread_blocked, id=26252, stack(0x0000003055300000,0x0000003055400000)]
  0x000001f3c7f65800 JavaThread "Cache worker for file hash cache (C:\Users\ShadiZidan\Desktop\nuwrss\.gradle\7.0.2\fileHashes)" [_thread_blocked, id=33640, stack(0x0000003055e00000,0x0000003055f00000)]
  0x000001f3c2a8e000 JavaThread "C2 CompilerThread1" daemon [_thread_in_native, id=23128, stack(0x0000003055f00000,0x0000003056000000)]
  0x000001f3c2d6e800 JavaThread "C2 CompilerThread2" daemon [_thread_blocked, id=11008, stack(0x0000003056000000,0x0000003056100000)]
  0x000001f3c7f67800 JavaThread "Cache worker for checksums cache (C:\Users\ShadiZidan\Desktop\nuwrss\.gradle\checksums)" [_thread_blocked, id=29248, stack(0x0000003056100000,0x0000003056200000)]
  0x000001f3c7f63000 JavaThread "Cache worker for cache directory md-supplier (C:\Users\ShadiZidan\.gradle\caches\7.0.2\md-supplier)" [_thread_blocked, id=35572, stack(0x0000003056400000,0x0000003056500000)]
  0x000001f3c7f69000 JavaThread "Cache worker for cache directory md-rule (C:\Users\ShadiZidan\.gradle\caches\7.0.2\md-rule)" [_thread_blocked, id=13064, stack(0x0000003056500000,0x0000003056600000)]
  0x000001f3c7f69800 JavaThread "Cache worker for dependencies-accessors (C:\Users\ShadiZidan\Desktop\nuwrss\.gradle\7.0.2\dependencies-accessors)" [_thread_blocked, id=12680, stack(0x0000003056600000,0x0000003056700000)]
  0x000001f3c7f66800 JavaThread "Cache worker for Build Output Cleanup Cache (C:\Users\ShadiZidan\Desktop\nuwrss\.gradle\buildOutputCleanup)" [_thread_blocked, id=17828, stack(0x0000003056700000,0x0000003056800000)]
  0x000001f3c7f68000 JavaThread "Build operations" [_thread_blocked, id=15648, stack(0x0000003056800000,0x0000003056900000)]
  0x000001f3c7f64000 JavaThread "Build operations Thread 2" [_thread_blocked, id=15108, stack(0x0000003056900000,0x0000003056a00000)]
  0x000001f3c7f65000 JavaThread "Build operations Thread 3" [_thread_blocked, id=14392, stack(0x0000003056a00000,0x0000003056b00000)]
  0x000001f3c7f6b800 JavaThread "Build operations Thread 4" [_thread_blocked, id=34780, stack(0x0000003056b00000,0x0000003056c00000)]
  0x000001f3c7f6a800 JavaThread "Build operations Thread 5" [_thread_blocked, id=1244, stack(0x0000003056c00000,0x0000003056d00000)]
  0x000001f3c6c93000 JavaThread "Build operations Thread 6" [_thread_blocked, id=33676, stack(0x0000003056d00000,0x0000003056e00000)]
  0x000001f3c6c8f000 JavaThread "Build operations Thread 7" [_thread_blocked, id=27876, stack(0x0000003057200000,0x0000003057300000)]
  0x000001f3c6c99800 JavaThread "Build operations Thread 8" [_thread_blocked, id=25532, stack(0x0000003057300000,0x0000003057400000)]
  0x000001f3c6c9a800 JavaThread "build event listener" [_thread_blocked, id=12672, stack(0x0000003057400000,0x0000003057500000)]
  0x000001f3c6c9b000 JavaThread "Execution worker for ':'" [_thread_blocked, id=34140, stack(0x0000003057500000,0x0000003057600000)]
  0x000001f3c6c95800 JavaThread "Execution worker for ':' Thread 2" [_thread_blocked, id=36792, stack(0x0000003057600000,0x0000003057700000)]
  0x000001f3c6c9c000 JavaThread "Execution worker for ':' Thread 3" [_thread_blocked, id=10356, stack(0x0000003057700000,0x0000003057800000)]
  0x000001f3c4a4a000 JavaThread "Execution worker for ':' Thread 4" [_thread_blocked, id=32532, stack(0x0000003057800000,0x0000003057900000)]
  0x000001f3c4a49000 JavaThread "Execution worker for ':' Thread 5" [_thread_blocked, id=12752, stack(0x0000003057900000,0x0000003057a00000)]
  0x000001f3c4f24000 JavaThread "Execution worker for ':' Thread 6" [_thread_blocked, id=2624, stack(0x0000003057a00000,0x0000003057b00000)]
  0x000001f3c4f28000 JavaThread "Execution worker for ':' Thread 7" [_thread_blocked, id=22952, stack(0x0000003057b00000,0x0000003057c00000)]
  0x000001f3c4f26000 JavaThread "Cache worker for execution history cache (C:\Users\ShadiZidan\Desktop\nuwrss\.gradle\7.0.2\executionHistory)" [_thread_blocked, id=34492, stack(0x0000003057c00000,0x0000003057d00000)]
  0x000001f3c4f25000 JavaThread "WorkerExecutor Queue" [_thread_blocked, id=28680, stack(0x0000003057d00000,0x0000003057e00000)]
  0x000001f3c4f23800 JavaThread "WorkerExecutor Queue Thread 2" [_thread_blocked, id=828, stack(0x0000003057e00000,0x0000003057f00000)]
  0x000001f3c4f26800 JavaThread "WorkerExecutor Queue Thread 3" [_thread_blocked, id=16980, stack(0x0000003057f00000,0x0000003058000000)]
  0x000001f3c4f27800 JavaThread "WorkerExecutor Queue Thread 4" [_thread_blocked, id=15812, stack(0x0000003058000000,0x0000003058100000)]
  0x000001f3c4f22800 JavaThread "WorkerExecutor Queue Thread 5" [_thread_blocked, id=7248, stack(0x0000003058100000,0x0000003058200000)]
  0x000001f3c4f2e000 JavaThread "WorkerExecutor Queue Thread 6" [_thread_blocked, id=34756, stack(0x0000003058200000,0x0000003058300000)]
  0x000001f3c4f2f000 JavaThread "WorkerExecutor Queue Thread 7" [_thread_blocked, id=21620, stack(0x0000003058300000,0x0000003058400000)]
  0x000001f3c4f2d000 JavaThread "WorkerExecutor Queue Thread 8" [_thread_blocked, id=13200, stack(0x0000003058400000,0x0000003058500000)]

Other Threads:
=>0x000001f3c26c0000 VMThread "VM Thread" [stack: 0x0000003053200000,0x0000003053300000] [id=1912]
  0x000001f3c28a6800 WatcherThread [stack: 0x0000003053c00000,0x0000003053d00000] [id=29420]
  0x000001f3a79ec000 GCTaskThread "GC Thread#0" [stack: 0x0000003052d00000,0x0000003052e00000] [id=5948]
  0x000001f3c3448000 GCTaskThread "GC Thread#1" [stack: 0x0000003053e00000,0x0000003053f00000] [id=25148]
  0x000001f3c2c4c000 GCTaskThread "GC Thread#2" [stack: 0x0000003053f00000,0x0000003054000000] [id=31312]
  0x000001f3c3659800 GCTaskThread "GC Thread#3" [stack: 0x0000003054000000,0x0000003054100000] [id=8176]
  0x000001f3c3977800 GCTaskThread "GC Thread#4" [stack: 0x0000003054100000,0x0000003054200000] [id=29748]
  0x000001f3c3976000 GCTaskThread "GC Thread#5" [stack: 0x0000003054200000,0x0000003054300000] [id=8668]
  0x000001f3c3977000 GCTaskThread "GC Thread#6" [stack: 0x0000003054f00000,0x0000003055000000] [id=2960]
  0x000001f3c3975800 GCTaskThread "GC Thread#7" [stack: 0x0000003055000000,0x0000003055100000] [id=35140]
  0x000001f3a7a20000 ConcurrentGCThread "G1 Main Marker" [stack: 0x0000003052e00000,0x0000003052f00000] [id=32400]
  0x000001f3a7a22000 ConcurrentGCThread "G1 Conc#0" [stack: 0x0000003052f00000,0x0000003053000000] [id=29932]
  0x000001f3c3978800 ConcurrentGCThread "G1 Conc#1" [stack: 0x0000003055100000,0x0000003055200000] [id=29780]
  0x000001f3a7aae000 ConcurrentGCThread "G1 Refine#0" [stack: 0x0000003053000000,0x0000003053100000] [id=22844]
  0x000001f3cac89000 ConcurrentGCThread "G1 Refine#1" [stack: 0x0000003056e00000,0x0000003056f00000] [id=13368]
  0x000001f3c82d7000 ConcurrentGCThread "G1 Refine#2" [stack: 0x0000003056f00000,0x0000003057000000] [id=27516]
  0x000001f3cae7d000 ConcurrentGCThread "G1 Refine#3" [stack: 0x0000003057000000,0x0000003057100000] [id=24508]
  0x000001f3c1d0e800 ConcurrentGCThread "G1 Young RemSet Sampling" [stack: 0x0000003053100000,0x0000003053200000] [id=20692]

Threads with active compile tasks:
C2 CompilerThread0  41092 17976       4       com.android.tools.r8.internal.oh::a (990 bytes)
C2 CompilerThread1  41092 17740       4       com.android.tools.r8.graph.B0$d::<init> (207 bytes)
C2 CompilerThread2  41092 17759       4       com.android.tools.r8.graph.B0$d::c (797 bytes)

VM state:at safepoint (normal execution)

VM Mutex/Monitor currently owned by a thread:  ([mutex/lock_event])
[0x000001f3a79d0240] Threads_lock - owner thread: 0x000001f3c26c0000
[0x000001f3a79cefb0] Heap_lock - owner thread: 0x000001f3c7f6a800

Heap address: 0x0000000080000000, size: 2048 MB, Compressed Oops mode: 32-bit
Narrow klass base: 0x0000000000000000, Narrow klass shift: 3
Compressed class space size: 1073741824 Address: 0x0000000100000000

Heap:
 garbage-first heap   total 579584K, used 227877K [0x0000000080000000, 0x0000000100000000)
  region size 1024K, 7 young (7168K), 7 survivors (7168K)
 Metaspace       used 124074K, capacity 127511K, committed 127872K, reserved 1161216K
  class space    used 15557K, capacity 16832K, committed 17024K, reserved 1048576K
Heap Regions: E=young(eden), S=young(survivor), O=old, HS=humongous(starts), HC=humongous(continues), CS=collection set, F=free, A=archive, TAMS=top-at-mark-start (previous, next)
|   0|0x0000000080000000, 0x0000000080100000, 0x0000000080100000|100%| O|  |TAMS 0x0000000080100000, 0x0000000080000000| Untracked 
|   1|0x0000000080100000, 0x0000000080200000, 0x0000000080200000|100%| O|  |TAMS 0x0000000080200000, 0x0000000080100000| Untracked 
|   2|0x0000000080200000, 0x0000000080300000, 0x0000000080300000|100%| O|  |TAMS 0x0000000080300000, 0x0000000080200000| Untracked 
|   3|0x0000000080300000, 0x0000000080400000, 0x0000000080400000|100%|HS|  |TAMS 0x0000000080400000, 0x0000000080300000| Complete 
|   4|0x0000000080400000, 0x0000000080500000, 0x0000000080500000|100%|HC|  |TAMS 0x0000000080500000, 0x0000000080400000| Complete 
|   5|0x0000000080500000, 0x0000000080600000, 0x0000000080600000|100%|HC|  |TAMS 0x0000000080600000, 0x0000000080500000| Complete 
|   6|0x0000000080600000, 0x0000000080700000, 0x0000000080700000|100%| O|  |TAMS 0x0000000080700000, 0x0000000080600000| Untracked 
|   7|0x0000000080700000, 0x0000000080800000, 0x0000000080800000|100%| O|  |TAMS 0x0000000080800000, 0x0000000080700000| Untracked 
|   8|0x0000000080800000, 0x0000000080900000, 0x0000000080900000|100%| O|  |TAMS 0x0000000080900000, 0x0000000080800000| Untracked 
|   9|0x0000000080900000, 0x0000000080a00000, 0x0000000080a00000|100%| O|  |TAMS 0x0000000080a00000, 0x0000000080900000| Untracked 
|  10|0x0000000080a00000, 0x0000000080b00000, 0x0000000080b00000|100%| O|  |TAMS 0x0000000080b00000, 0x0000000080a00000| Untracked 
|  11|0x0000000080b00000, 0x0000000080c00000, 0x0000000080c00000|100%| O|  |TAMS 0x0000000080c00000, 0x0000000080b00000| Untracked 
|  12|0x0000000080c00000, 0x0000000080d00000, 0x0000000080d00000|100%| O|  |TAMS 0x0000000080d00000, 0x0000000080c00000| Untracked 
|  13|0x0000000080d00000, 0x0000000080e00000, 0x0000000080e00000|100%| O|  |TAMS 0x0000000080e00000, 0x0000000080d00000| Untracked 
|  14|0x0000000080e00000, 0x0000000080f00000, 0x0000000080f00000|100%| O|  |TAMS 0x0000000080f00000, 0x0000000080e00000| Untracked 
|  15|0x0000000080f00000, 0x0000000081000000, 0x0000000081000000|100%| O|  |TAMS 0x0000000081000000, 0x0000000080f00000| Untracked 
|  16|0x0000000081000000, 0x0000000081100000, 0x0000000081100000|100%| O|  |TAMS 0x0000000081100000, 0x0000000081000000| Untracked 
|  17|0x0000000081100000, 0x0000000081200000, 0x0000000081200000|100%|HS|  |TAMS 0x0000000081200000, 0x0000000081100000| Complete 
|  18|0x0000000081200000, 0x0000000081300000, 0x0000000081300000|100%|HC|  |TAMS 0x0000000081300000, 0x0000000081200000| Complete 
|  19|0x0000000081300000, 0x0000000081400000, 0x0000000081400000|100%|HS|  |TAMS 0x0000000081400000, 0x0000000081300000| Complete 
|  20|0x0000000081400000, 0x0000000081500000, 0x0000000081500000|100%|HC|  |TAMS 0x0000000081500000, 0x0000000081400000| Complete 
|  21|0x0000000081500000, 0x0000000081600000, 0x0000000081600000|100%|HC|  |TAMS 0x0000000081600000, 0x0000000081500000| Complete 
|  22|0x0000000081600000, 0x0000000081700000, 0x0000000081700000|100%|HS|  |TAMS 0x0000000081700000, 0x0000000081600000| Complete 
|  23|0x0000000081700000, 0x0000000081800000, 0x0000000081800000|100%|HC|  |TAMS 0x0000000081800000, 0x0000000081700000| Complete 
|  24|0x0000000081800000, 0x0000000081900000, 0x0000000081900000|100%|HC|  |TAMS 0x0000000081900000, 0x0000000081800000| Complete 
|  25|0x0000000081900000, 0x0000000081a00000, 0x0000000081a00000|100%|HC|  |TAMS 0x0000000081a00000, 0x0000000081900000| Complete 
|  26|0x0000000081a00000, 0x0000000081b00000, 0x0000000081b00000|100%|HS|  |TAMS 0x0000000081b00000, 0x0000000081a00000| Complete 
|  27|0x0000000081b00000, 0x0000000081c00000, 0x0000000081c00000|100%|HS|  |TAMS 0x0000000081c00000, 0x0000000081b00000| Complete 
|  28|0x0000000081c00000, 0x0000000081d00000, 0x0000000081d00000|100%|HS|  |TAMS 0x0000000081d00000, 0x0000000081c00000| Complete 
|  29|0x0000000081d00000, 0x0000000081e00000, 0x0000000081e00000|100%|HS|  |TAMS 0x0000000081e00000, 0x0000000081d00000| Complete 
|  30|0x0000000081e00000, 0x0000000081f00000, 0x0000000081f00000|100%|HC|  |TAMS 0x0000000081f00000, 0x0000000081e00000| Complete 
|  31|0x0000000081f00000, 0x0000000082000000, 0x0000000082000000|100%|HC|  |TAMS 0x0000000082000000, 0x0000000081f00000| Complete 
|  32|0x0000000082000000, 0x0000000082100000, 0x0000000082100000|100%|HS|  |TAMS 0x0000000082100000, 0x0000000082000000| Complete 
|  33|0x0000000082100000, 0x0000000082200000, 0x0000000082200000|100%|HC|  |TAMS 0x0000000082200000, 0x0000000082100000| Complete 
|  34|0x0000000082200000, 0x0000000082300000, 0x0000000082300000|100%|HC|  |TAMS 0x0000000082300000, 0x0000000082200000| Complete 
|  35|0x0000000082300000, 0x0000000082400000, 0x0000000082400000|100%|HC|  |TAMS 0x0000000082400000, 0x0000000082300000| Complete 
|  36|0x0000000082400000, 0x0000000082500000, 0x0000000082500000|100%|HS|  |TAMS 0x0000000082500000, 0x0000000082400000| Complete 
|  37|0x0000000082500000, 0x0000000082600000, 0x0000000082600000|100%|HC|  |TAMS 0x0000000082600000, 0x0000000082500000| Complete 
|  38|0x0000000082600000, 0x0000000082700000, 0x0000000082700000|100%|HC|  |TAMS 0x0000000082700000, 0x0000000082600000| Complete 
|  39|0x0000000082700000, 0x0000000082800000, 0x0000000082800000|100%|HS|  |TAMS 0x0000000082800000, 0x0000000082700000| Complete 
|  40|0x0000000082800000, 0x0000000082900000, 0x0000000082900000|100%|HC|  |TAMS 0x0000000082900000, 0x0000000082800000| Complete 
|  41|0x0000000082900000, 0x0000000082a00000, 0x0000000082a00000|100%| O|  |TAMS 0x0000000082a00000, 0x0000000082900000| Untracked 
|  42|0x0000000082a00000, 0x0000000082b00000, 0x0000000082b00000|100%| O|  |TAMS 0x0000000082b00000, 0x0000000082a00000| Untracked 
|  43|0x0000000082b00000, 0x0000000082c00000, 0x0000000082c00000|100%| O|  |TAMS 0x0000000082c00000, 0x0000000082b00000| Untracked 
|  44|0x0000000082c00000, 0x0000000082d00000, 0x0000000082d00000|100%| O|  |TAMS 0x0000000082d00000, 0x0000000082c00000| Untracked 
|  45|0x0000000082d00000, 0x0000000082e00000, 0x0000000082e00000|100%| O|  |TAMS 0x0000000082e00000, 0x0000000082d00000| Untracked 
|  46|0x0000000082e00000, 0x0000000082f00000, 0x0000000082f00000|100%| O|  |TAMS 0x0000000082f00000, 0x0000000082e00000| Untracked 
|  47|0x0000000082f00000, 0x0000000083000000, 0x0000000083000000|100%| O|  |TAMS 0x0000000083000000, 0x0000000082f00000| Untracked 
|  48|0x0000000083000000, 0x0000000083100000, 0x0000000083100000|100%| O|  |TAMS 0x0000000083100000, 0x0000000083000000| Untracked 
|  49|0x0000000083100000, 0x0000000083200000, 0x0000000083200000|100%| O|  |TAMS 0x0000000083200000, 0x0000000083100000| Untracked 
|  50|0x0000000083200000, 0x0000000083300000, 0x0000000083300000|100%| O|  |TAMS 0x0000000083300000, 0x0000000083200000| Untracked 
|  51|0x0000000083300000, 0x0000000083400000, 0x0000000083400000|100%| O|  |TAMS 0x0000000083400000, 0x0000000083300000| Untracked 
|  52|0x0000000083400000, 0x0000000083500000, 0x0000000083500000|100%| O|  |TAMS 0x0000000083500000, 0x0000000083400000| Untracked 
|  53|0x0000000083500000, 0x0000000083600000, 0x0000000083600000|100%| O|  |TAMS 0x0000000083600000, 0x0000000083500000| Untracked 
|  54|0x0000000083600000, 0x0000000083700000, 0x0000000083700000|100%| O|  |TAMS 0x0000000083700000, 0x0000000083600000| Untracked 
|  55|0x0000000083700000, 0x0000000083800000, 0x0000000083800000|100%| O|  |TAMS 0x0000000083800000, 0x0000000083700000| Untracked 
|  56|0x0000000083800000, 0x0000000083900000, 0x0000000083900000|100%| O|  |TAMS 0x0000000083900000, 0x0000000083800000| Untracked 
|  57|0x0000000083900000, 0x0000000083a00000, 0x0000000083a00000|100%| O|  |TAMS 0x0000000083a00000, 0x0000000083900000| Untracked 
|  58|0x0000000083a00000, 0x0000000083b00000, 0x0000000083b00000|100%| O|  |TAMS 0x0000000083b00000, 0x0000000083a00000| Untracked 
|  59|0x0000000083b00000, 0x0000000083c00000, 0x0000000083c00000|100%| O|  |TAMS 0x0000000083c00000, 0x0000000083b00000| Untracked 
|  60|0x0000000083c00000, 0x0000000083d00000, 0x0000000083d00000|100%| O|  |TAMS 0x0000000083d00000, 0x0000000083c00000| Untracked 
|  61|0x0000000083d00000, 0x0000000083e00000, 0x0000000083e00000|100%| O|  |TAMS 0x0000000083e00000, 0x0000000083d00000| Untracked 
|  62|0x0000000083e00000, 0x0000000083f00000, 0x0000000083f00000|100%| O|  |TAMS 0x0000000083f00000, 0x0000000083e00000| Untracked 
|  63|0x0000000083f00000, 0x0000000084000000, 0x0000000084000000|100%| O|  |TAMS 0x0000000084000000, 0x0000000083f00000| Untracked 
|  64|0x0000000084000000, 0x0000000084100000, 0x0000000084100000|100%| O|  |TAMS 0x0000000084100000, 0x0000000084000000| Untracked 
|  65|0x0000000084100000, 0x0000000084200000, 0x0000000084200000|100%| O|  |TAMS 0x0000000084200000, 0x0000000084100000| Untracked 
|  66|0x0000000084200000, 0x0000000084300000, 0x0000000084300000|100%| O|  |TAMS 0x0000000084300000, 0x0000000084200000| Untracked 
|  67|0x0000000084300000, 0x0000000084400000, 0x0000000084400000|100%| O|  |TAMS 0x0000000084400000, 0x0000000084300000| Untracked 
|  68|0x0000000084400000, 0x0000000084500000, 0x0000000084500000|100%| O|  |TAMS 0x0000000084500000, 0x0000000084400000| Untracked 
|  69|0x0000000084500000, 0x0000000084600000, 0x0000000084600000|100%| O|  |TAMS 0x0000000084600000, 0x0000000084500000| Untracked 
|  70|0x0000000084600000, 0x0000000084700000, 0x0000000084700000|100%| O|  |TAMS 0x0000000084700000, 0x0000000084600000| Untracked 
|  71|0x0000000084700000, 0x0000000084800000, 0x0000000084800000|100%| O|  |TAMS 0x0000000084800000, 0x0000000084700000| Untracked 
|  72|0x0000000084800000, 0x0000000084900000, 0x0000000084900000|100%|HS|  |TAMS 0x0000000084900000, 0x0000000084800000| Complete 
|  73|0x0000000084900000, 0x0000000084a00000, 0x0000000084a00000|100%|HC|  |TAMS 0x0000000084a00000, 0x0000000084900000| Complete 
|  74|0x0000000084a00000, 0x0000000084b00000, 0x0000000084b00000|100%|HS|  |TAMS 0x0000000084b00000, 0x0000000084a00000| Complete 
|  75|0x0000000084b00000, 0x0000000084c00000, 0x0000000084c00000|100%|HC|  |TAMS 0x0000000084c00000, 0x0000000084b00000| Complete 
|  76|0x0000000084c00000, 0x0000000084d00000, 0x0000000084d00000|100%|HC|  |TAMS 0x0000000084d00000, 0x0000000084c00000| Complete 
|  77|0x0000000084d00000, 0x0000000084e00000, 0x0000000084e00000|100%|HS|  |TAMS 0x0000000084e00000, 0x0000000084d00000| Complete 
|  78|0x0000000084e00000, 0x0000000084f00000, 0x0000000084f00000|100%|HC|  |TAMS 0x0000000084f00000, 0x0000000084e00000| Complete 
|  79|0x0000000084f00000, 0x0000000085000000, 0x0000000085000000|100%|HC|  |TAMS 0x0000000085000000, 0x0000000084f00000| Complete 
|  80|0x0000000085000000, 0x0000000085100000, 0x0000000085100000|100%|HC|  |TAMS 0x0000000085100000, 0x0000000085000000| Complete 
|  81|0x0000000085100000, 0x0000000085200000, 0x0000000085200000|100%| O|  |TAMS 0x0000000085200000, 0x0000000085100000| Untracked 
|  82|0x0000000085200000, 0x0000000085300000, 0x0000000085300000|100%| O|  |TAMS 0x0000000085300000, 0x0000000085200000| Untracked 
|  83|0x0000000085300000, 0x0000000085400000, 0x0000000085400000|100%| O|  |TAMS 0x0000000085400000, 0x0000000085300000| Untracked 
|  84|0x0000000085400000, 0x0000000085500000, 0x0000000085500000|100%| O|  |TAMS 0x0000000085500000, 0x0000000085400000| Untracked 
|  85|0x0000000085500000, 0x0000000085600000, 0x0000000085600000|100%| O|  |TAMS 0x0000000085600000, 0x0000000085500000| Untracked 
|  86|0x0000000085600000, 0x0000000085700000, 0x0000000085700000|100%| O|  |TAMS 0x0000000085700000, 0x0000000085600000| Untracked 
|  87|0x0000000085700000, 0x0000000085800000, 0x0000000085800000|100%| O|  |TAMS 0x0000000085800000, 0x0000000085700000| Untracked 
|  88|0x0000000085800000, 0x0000000085900000, 0x0000000085900000|100%| O|  |TAMS 0x0000000085900000, 0x0000000085800000| Untracked 
|  89|0x0000000085900000, 0x0000000085a00000, 0x0000000085a00000|100%| O|  |TAMS 0x0000000085a00000, 0x0000000085900000| Untracked 
|  90|0x0000000085a00000, 0x0000000085b00000, 0x0000000085b00000|100%| O|  |TAMS 0x0000000085b00000, 0x0000000085a00000| Untracked 
|  91|0x0000000085b00000, 0x0000000085c00000, 0x0000000085c00000|100%| O|  |TAMS 0x0000000085c00000, 0x0000000085b00000| Untracked 
|  92|0x0000000085c00000, 0x0000000085d00000, 0x0000000085d00000|100%| O|  |TAMS 0x0000000085d00000, 0x0000000085c00000| Untracked 
|  93|0x0000000085d00000, 0x0000000085e00000, 0x0000000085e00000|100%| O|  |TAMS 0x0000000085e00000, 0x0000000085d00000| Untracked 
|  94|0x0000000085e00000, 0x0000000085f00000, 0x0000000085f00000|100%| O|  |TAMS 0x0000000085f00000, 0x0000000085e00000| Untracked 
|  95|0x0000000085f00000, 0x0000000086000000, 0x0000000086000000|100%| O|  |TAMS 0x0000000086000000, 0x0000000085f00000| Untracked 
|  96|0x0000000086000000, 0x0000000086100000, 0x0000000086100000|100%| O|  |TAMS 0x0000000086100000, 0x0000000086000000| Untracked 
|  97|0x0000000086100000, 0x0000000086200000, 0x0000000086200000|100%| O|  |TAMS 0x0000000086200000, 0x0000000086100000| Untracked 
|  98|0x0000000086200000, 0x0000000086300000, 0x0000000086300000|100%| O|  |TAMS 0x0000000086300000, 0x0000000086200000| Untracked 
|  99|0x0000000086300000, 0x0000000086400000, 0x0000000086400000|100%| O|  |TAMS 0x0000000086400000, 0x0000000086300000| Untracked 
| 100|0x0000000086400000, 0x0000000086500000, 0x0000000086500000|100%| O|  |TAMS 0x0000000086400000, 0x0000000086400000| Untracked 
| 101|0x0000000086500000, 0x0000000086600000, 0x0000000086600000|100%| O|  |TAMS 0x0000000086600000, 0x0000000086500000| Untracked 
| 102|0x0000000086600000, 0x0000000086700000, 0x0000000086700000|100%| O|  |TAMS 0x0000000086700000, 0x0000000086600000| Untracked 
| 103|0x0000000086700000, 0x0000000086800000, 0x0000000086800000|100%| O|  |TAMS 0x0000000086800000, 0x0000000086700000| Untracked 
| 104|0x0000000086800000, 0x0000000086900000, 0x0000000086900000|100%| O|  |TAMS 0x0000000086900000, 0x0000000086800000| Untracked 
| 105|0x0000000086900000, 0x0000000086a00000, 0x0000000086a00000|100%| O|  |TAMS 0x0000000086a00000, 0x0000000086900000| Untracked 
| 106|0x0000000086a00000, 0x0000000086b00000, 0x0000000086b00000|100%| O|  |TAMS 0x0000000086b00000, 0x0000000086a00000| Untracked 
| 107|0x0000000086b00000, 0x0000000086c00000, 0x0000000086c00000|100%| O|  |TAMS 0x0000000086c00000, 0x0000000086b00000| Untracked 
| 108|0x0000000086c00000, 0x0000000086d00000, 0x0000000086d00000|100%| O|  |TAMS 0x0000000086d00000, 0x0000000086c00000| Untracked 
| 109|0x0000000086d00000, 0x0000000086e00000, 0x0000000086e00000|100%| O|  |TAMS 0x0000000086e00000, 0x0000000086d00000| Untracked 
| 110|0x0000000086e00000, 0x0000000086f00000, 0x0000000086f00000|100%| O|  |TAMS 0x0000000086f00000, 0x0000000086e00000| Untracked 
| 111|0x0000000086f00000, 0x0000000087000000, 0x0000000087000000|100%| O|  |TAMS 0x0000000087000000, 0x0000000086f00000| Untracked 
| 112|0x0000000087000000, 0x0000000087100000, 0x0000000087100000|100%| O|  |TAMS 0x0000000087100000, 0x0000000087000000| Untracked 
| 113|0x0000000087100000, 0x0000000087200000, 0x0000000087200000|100%| O|  |TAMS 0x0000000087200000, 0x0000000087100000| Untracked 
| 114|0x0000000087200000, 0x0000000087300000, 0x0000000087300000|100%| O|  |TAMS 0x0000000087300000, 0x0000000087200000| Untracked 
| 115|0x0000000087300000, 0x0000000087400000, 0x0000000087400000|100%| O|  |TAMS 0x0000000087400000, 0x0000000087300000| Untracked 
| 116|0x0000000087400000, 0x0000000087500000, 0x0000000087500000|100%| O|  |TAMS 0x0000000087500000, 0x0000000087400000| Untracked 
| 117|0x0000000087500000, 0x0000000087600000, 0x0000000087600000|100%| O|  |TAMS 0x0000000087600000, 0x0000000087500000| Untracked 
| 118|0x0000000087600000, 0x0000000087700000, 0x0000000087700000|100%| O|  |TAMS 0x0000000087700000, 0x0000000087600000| Untracked 
| 119|0x0000000087700000, 0x0000000087800000, 0x0000000087800000|100%| O|  |TAMS 0x0000000087800000, 0x0000000087700000| Untracked 
| 120|0x0000000087800000, 0x0000000087900000, 0x0000000087900000|100%| O|  |TAMS 0x0000000087900000, 0x0000000087800000| Untracked 
| 121|0x0000000087900000, 0x0000000087a00000, 0x0000000087a00000|100%| O|  |TAMS 0x0000000087a00000, 0x0000000087900000| Untracked 
| 122|0x0000000087a00000, 0x0000000087b00000, 0x0000000087b00000|100%| O|  |TAMS 0x0000000087b00000, 0x0000000087a00000| Untracked 
| 123|0x0000000087b00000, 0x0000000087c00000, 0x0000000087c00000|100%| O|  |TAMS 0x0000000087c00000, 0x0000000087b00000| Untracked 
| 124|0x0000000087c00000, 0x0000000087d00000, 0x0000000087d00000|100%| O|  |TAMS 0x0000000087d00000, 0x0000000087c00000| Untracked 
| 125|0x0000000087d00000, 0x0000000087e00000, 0x0000000087e00000|100%| O|  |TAMS 0x0000000087e00000, 0x0000000087d00000| Untracked 
| 126|0x0000000087e00000, 0x0000000087f00000, 0x0000000087f00000|100%| O|  |TAMS 0x0000000087f00000, 0x0000000087e00000| Untracked 
| 127|0x0000000087f00000, 0x0000000088000000, 0x0000000088000000|100%| O|  |TAMS 0x0000000088000000, 0x0000000087f00000| Untracked 
| 128|0x0000000088000000, 0x0000000088100000, 0x0000000088100000|100%|HS|  |TAMS 0x0000000088100000, 0x0000000088000000| Complete 
| 129|0x0000000088100000, 0x0000000088200000, 0x0000000088200000|100%|HC|  |TAMS 0x0000000088200000, 0x0000000088100000| Complete 
| 130|0x0000000088200000, 0x0000000088300000, 0x0000000088300000|100%| O|  |TAMS 0x0000000088300000, 0x0000000088200000| Untracked 
| 131|0x0000000088300000, 0x0000000088400000, 0x0000000088400000|100%| O|  |TAMS 0x0000000088400000, 0x0000000088300000| Untracked 
| 132|0x0000000088400000, 0x0000000088500000, 0x0000000088500000|100%| O|  |TAMS 0x0000000088500000, 0x0000000088400000| Untracked 
| 133|0x0000000088500000, 0x0000000088600000, 0x0000000088600000|100%| O|  |TAMS 0x0000000088600000, 0x0000000088500000| Untracked 
| 134|0x0000000088600000, 0x0000000088700000, 0x0000000088700000|100%| O|  |TAMS 0x0000000088700000, 0x0000000088600000| Untracked 
| 135|0x0000000088700000, 0x0000000088800000, 0x0000000088800000|100%| O|  |TAMS 0x0000000088800000, 0x0000000088700000| Untracked 
| 136|0x0000000088800000, 0x0000000088900000, 0x0000000088900000|100%| O|  |TAMS 0x0000000088900000, 0x0000000088800000| Untracked 
| 137|0x0000000088900000, 0x0000000088a00000, 0x0000000088a00000|100%| O|  |TAMS 0x0000000088a00000, 0x0000000088900000| Untracked 
| 138|0x0000000088a00000, 0x0000000088b00000, 0x0000000088b00000|100%| O|  |TAMS 0x0000000088b00000, 0x0000000088a00000| Untracked 
| 139|0x0000000088b00000, 0x0000000088c00000, 0x0000000088c00000|100%| O|  |TAMS 0x0000000088c00000, 0x0000000088b00000| Untracked 
| 140|0x0000000088c00000, 0x0000000088d00000, 0x0000000088d00000|100%| O|  |TAMS 0x0000000088d00000, 0x0000000088c00000| Untracked 
| 141|0x0000000088d00000, 0x0000000088e00000, 0x0000000088e00000|100%| O|  |TAMS 0x0000000088e00000, 0x0000000088d00000| Untracked 
| 142|0x0000000088e00000, 0x0000000088f00000, 0x0000000088f00000|100%| O|  |TAMS 0x0000000088f00000, 0x0000000088e00000| Untracked 
| 143|0x0000000088f00000, 0x0000000089000000, 0x0000000089000000|100%| O|  |TAMS 0x0000000088f25a00, 0x0000000088f00000| Untracked 
| 144|0x0000000089000000, 0x0000000089100000, 0x0000000089100000|100%| O|  |TAMS 0x0000000089000000, 0x0000000089000000| Untracked 
| 145|0x0000000089100000, 0x0000000089200000, 0x0000000089200000|100%| O|  |TAMS 0x0000000089100000, 0x0000000089100000| Untracked 
| 146|0x0000000089200000, 0x0000000089300000, 0x0000000089300000|100%| O|  |TAMS 0x0000000089200000, 0x0000000089200000| Untracked 
| 147|0x0000000089300000, 0x0000000089400000, 0x0000000089400000|100%| O|  |TAMS 0x0000000089300000, 0x0000000089300000| Untracked 
| 148|0x0000000089400000, 0x0000000089500000, 0x0000000089500000|100%| O|  |TAMS 0x0000000089400000, 0x0000000089400000| Untracked 
| 149|0x0000000089500000, 0x0000000089600000, 0x0000000089600000|100%| O|  |TAMS 0x0000000089500000, 0x0000000089500000| Untracked 
| 150|0x0000000089600000, 0x0000000089700000, 0x0000000089700000|100%| O|  |TAMS 0x0000000089600000, 0x0000000089600000| Untracked 
| 151|0x0000000089700000, 0x0000000089800000, 0x0000000089800000|100%| O|  |TAMS 0x0000000089700000, 0x0000000089700000| Untracked 
| 152|0x0000000089800000, 0x0000000089900000, 0x0000000089900000|100%| O|  |TAMS 0x0000000089800000, 0x0000000089800000| Untracked 
| 153|0x0000000089900000, 0x0000000089a00000, 0x0000000089a00000|100%| O|  |TAMS 0x0000000089900000, 0x0000000089900000| Untracked 
| 154|0x0000000089a00000, 0x0000000089b00000, 0x0000000089b00000|100%| O|  |TAMS 0x0000000089a00000, 0x0000000089a00000| Untracked 
| 155|0x0000000089b00000, 0x0000000089c00000, 0x0000000089c00000|100%| O|  |TAMS 0x0000000089b00000, 0x0000000089b00000| Untracked 
| 156|0x0000000089c00000, 0x0000000089d00000, 0x0000000089d00000|100%| O|  |TAMS 0x0000000089c00000, 0x0000000089c00000| Untracked 
| 157|0x0000000089d00000, 0x0000000089e00000, 0x0000000089e00000|100%| O|  |TAMS 0x0000000089d00000, 0x0000000089d00000| Untracked 
| 158|0x0000000089e00000, 0x0000000089f00000, 0x0000000089f00000|100%| O|  |TAMS 0x0000000089e00000, 0x0000000089e00000| Untracked 
| 159|0x0000000089f00000, 0x000000008a000000, 0x000000008a000000|100%| O|  |TAMS 0x0000000089f00000, 0x0000000089f00000| Untracked 
| 160|0x000000008a000000, 0x000000008a100000, 0x000000008a100000|100%| O|  |TAMS 0x000000008a100000, 0x000000008a000000| Untracked 
| 161|0x000000008a100000, 0x000000008a200000, 0x000000008a200000|100%| O|  |TAMS 0x000000008a100000, 0x000000008a100000| Untracked 
| 162|0x000000008a200000, 0x000000008a300000, 0x000000008a300000|100%| O|  |TAMS 0x000000008a300000, 0x000000008a200000| Untracked 
| 163|0x000000008a300000, 0x000000008a400000, 0x000000008a400000|100%| O|  |TAMS 0x000000008a300000, 0x000000008a300000| Untracked 
| 164|0x000000008a400000, 0x000000008a500000, 0x000000008a500000|100%| O|  |TAMS 0x000000008a500000, 0x000000008a400000| Untracked 
| 165|0x000000008a500000, 0x000000008a600000, 0x000000008a600000|100%| O|  |TAMS 0x000000008a500000, 0x000000008a500000| Untracked 
| 166|0x000000008a600000, 0x000000008a700000, 0x000000008a700000|100%| O|  |TAMS 0x000000008a700000, 0x000000008a600000| Untracked 
| 167|0x000000008a700000, 0x000000008a800000, 0x000000008a800000|100%| O|  |TAMS 0x000000008a700000, 0x000000008a700000| Untracked 
| 168|0x000000008a800000, 0x000000008a900000, 0x000000008a900000|100%| O|  |TAMS 0x000000008a800000, 0x000000008a800000| Untracked 
| 169|0x000000008a900000, 0x000000008aa00000, 0x000000008aa00000|100%| O|  |TAMS 0x000000008a900000, 0x000000008a900000| Untracked 
| 170|0x000000008aa00000, 0x000000008ab00000, 0x000000008ab00000|100%| O|  |TAMS 0x000000008aa00000, 0x000000008aa00000| Untracked 
| 171|0x000000008ab00000, 0x000000008ac00000, 0x000000008ac00000|100%| O|  |TAMS 0x000000008ab00000, 0x000000008ab00000| Untracked 
| 172|0x000000008ac00000, 0x000000008ad00000, 0x000000008ad00000|100%| O|  |TAMS 0x000000008ac00000, 0x000000008ac00000| Untracked 
| 173|0x000000008ad00000, 0x000000008ae00000, 0x000000008ae00000|100%| O|  |TAMS 0x000000008ad00000, 0x000000008ad00000| Untracked 
| 174|0x000000008ae00000, 0x000000008af00000, 0x000000008af00000|100%| O|  |TAMS 0x000000008ae00000, 0x000000008ae00000| Untracked 
| 175|0x000000008af00000, 0x000000008b000000, 0x000000008b000000|100%| O|  |TAMS 0x000000008af00000, 0x000000008af00000| Untracked 
| 176|0x000000008b000000, 0x000000008b100000, 0x000000008b100000|100%| O|  |TAMS 0x000000008b000000, 0x000000008b000000| Untracked 
| 177|0x000000008b100000, 0x000000008b200000, 0x000000008b200000|100%| O|  |TAMS 0x000000008b100000, 0x000000008b100000| Untracked 
| 178|0x000000008b200000, 0x000000008b300000, 0x000000008b300000|100%| O|  |TAMS 0x000000008b200000, 0x000000008b200000| Untracked 
| 179|0x000000008b300000, 0x000000008b400000, 0x000000008b400000|100%| O|  |TAMS 0x000000008b300000, 0x000000008b300000| Untracked 
| 180|0x000000008b400000, 0x000000008b500000, 0x000000008b500000|100%| O|  |TAMS 0x000000008b400000, 0x000000008b400000| Untracked 
| 181|0x000000008b500000, 0x000000008b600000, 0x000000008b600000|100%| O|  |TAMS 0x000000008b500000, 0x000000008b500000| Untracked 
| 182|0x000000008b600000, 0x000000008b700000, 0x000000008b700000|100%| O|  |TAMS 0x000000008b600000, 0x000000008b600000| Untracked 
| 183|0x000000008b700000, 0x000000008b800000, 0x000000008b800000|100%| O|  |TAMS 0x000000008b700000, 0x000000008b700000| Untracked 
| 184|0x000000008b800000, 0x000000008b900000, 0x000000008b900000|100%| O|  |TAMS 0x000000008b800000, 0x000000008b800000| Untracked 
| 185|0x000000008b900000, 0x000000008ba00000, 0x000000008ba00000|100%| O|  |TAMS 0x000000008b900000, 0x000000008b900000| Untracked 
| 186|0x000000008ba00000, 0x000000008bb00000, 0x000000008bb00000|100%| O|  |TAMS 0x000000008ba00000, 0x000000008ba00000| Untracked 
| 187|0x000000008bb00000, 0x000000008bc00000, 0x000000008bc00000|100%| O|  |TAMS 0x000000008bb00000, 0x000000008bb00000| Untracked 
| 188|0x000000008bc00000, 0x000000008bd00000, 0x000000008bd00000|100%| O|  |TAMS 0x000000008bc00000, 0x000000008bc00000| Untracked 
| 189|0x000000008bd00000, 0x000000008be00000, 0x000000008be00000|100%| O|  |TAMS 0x000000008bd00000, 0x000000008bd00000| Untracked 
| 190|0x000000008be00000, 0x000000008bf00000, 0x000000008bf00000|100%| O|  |TAMS 0x000000008be00000, 0x000000008be00000| Untracked 
| 191|0x000000008bf00000, 0x000000008c000000, 0x000000008c000000|100%| O|  |TAMS 0x000000008bf00000, 0x000000008bf00000| Untracked 
| 192|0x000000008c000000, 0x000000008c100000, 0x000000008c100000|100%| O|  |TAMS 0x000000008c000000, 0x000000008c000000| Untracked 
| 193|0x000000008c100000, 0x000000008c200000, 0x000000008c200000|100%| O|  |TAMS 0x000000008c100000, 0x000000008c100000| Untracked 
| 194|0x000000008c200000, 0x000000008c300000, 0x000000008c300000|100%| O|  |TAMS 0x000000008c200000, 0x000000008c200000| Untracked 
| 195|0x000000008c300000, 0x000000008c400000, 0x000000008c400000|100%| O|  |TAMS 0x000000008c300000, 0x000000008c300000| Untracked 
| 196|0x000000008c400000, 0x000000008c500000, 0x000000008c500000|100%| O|  |TAMS 0x000000008c400000, 0x000000008c400000| Untracked 
| 197|0x000000008c500000, 0x000000008c600000, 0x000000008c600000|100%| O|  |TAMS 0x000000008c500000, 0x000000008c500000| Untracked 
| 198|0x000000008c600000, 0x000000008c700000, 0x000000008c700000|100%| O|  |TAMS 0x000000008c600000, 0x000000008c600000| Untracked 
| 199|0x000000008c700000, 0x000000008c800000, 0x000000008c800000|100%| O|  |TAMS 0x000000008c700000, 0x000000008c700000| Untracked 
| 200|0x000000008c800000, 0x000000008c900000, 0x000000008c900000|100%| O|  |TAMS 0x000000008c800000, 0x000000008c800000| Untracked 
| 201|0x000000008c900000, 0x000000008ca00000, 0x000000008ca00000|100%| O|  |TAMS 0x000000008c900000, 0x000000008c900000| Untracked 
| 202|0x000000008ca00000, 0x000000008cb00000, 0x000000008cb00000|100%| O|  |TAMS 0x000000008ca00000, 0x000000008ca00000| Untracked 
| 203|0x000000008cb00000, 0x000000008cc00000, 0x000000008cc00000|100%| O|  |TAMS 0x000000008cb00000, 0x000000008cb00000| Untracked 
| 204|0x000000008cc00000, 0x000000008cd00000, 0x000000008cd00000|100%| O|  |TAMS 0x000000008cc00000, 0x000000008cc00000| Untracked 
| 205|0x000000008cd00000, 0x000000008ce00000, 0x000000008ce00000|100%| O|  |TAMS 0x000000008cd00000, 0x000000008cd00000| Untracked 
| 206|0x000000008ce00000, 0x000000008cf00000, 0x000000008cf00000|100%| O|  |TAMS 0x000000008ce00000, 0x000000008ce00000| Untracked 
| 207|0x000000008cf00000, 0x000000008d000000, 0x000000008d000000|100%| O|  |TAMS 0x000000008cf00000, 0x000000008cf00000| Untracked 
| 208|0x000000008d000000, 0x000000008d100000, 0x000000008d100000|100%| O|  |TAMS 0x000000008d000000, 0x000000008d000000| Untracked 
| 209|0x000000008d100000, 0x000000008d200000, 0x000000008d200000|100%| O|  |TAMS 0x000000008d100000, 0x000000008d100000| Untracked 
| 210|0x000000008d200000, 0x000000008d300000, 0x000000008d300000|100%| O|  |TAMS 0x000000008d200000, 0x000000008d200000| Untracked 
| 211|0x000000008d300000, 0x000000008d400000, 0x000000008d400000|100%| O|  |TAMS 0x000000008d300000, 0x000000008d300000| Untracked 
| 212|0x000000008d400000, 0x000000008d500000, 0x000000008d500000|100%| O|  |TAMS 0x000000008d400000, 0x000000008d400000| Untracked 
| 213|0x000000008d500000, 0x000000008d600000, 0x000000008d600000|100%| O|  |TAMS 0x000000008d500000, 0x000000008d500000| Untracked 
| 214|0x000000008d600000, 0x000000008d700000, 0x000000008d700000|100%| O|  |TAMS 0x000000008d600000, 0x000000008d600000| Untracked 
| 215|0x000000008d700000, 0x000000008d789400, 0x000000008d800000| 53%| O|  |TAMS 0x000000008d700000, 0x000000008d700000| Untracked 
| 216|0x000000008d800000, 0x000000008d800000, 0x000000008d900000|  0%| F|  |TAMS 0x000000008d800000, 0x000000008d800000| Untracked 
| 217|0x000000008d900000, 0x000000008d900000, 0x000000008da00000|  0%| F|  |TAMS 0x000000008d900000, 0x000000008d900000| Untracked 
| 218|0x000000008da00000, 0x000000008da00000, 0x000000008db00000|  0%| F|  |TAMS 0x000000008da00000, 0x000000008da00000| Untracked 
| 219|0x000000008db00000, 0x000000008db00000, 0x000000008dc00000|  0%| F|  |TAMS 0x000000008db00000, 0x000000008db00000| Untracked 
| 220|0x000000008dc00000, 0x000000008dc00000, 0x000000008dd00000|  0%| F|  |TAMS 0x000000008dc00000, 0x000000008dc00000| Untracked 
| 221|0x000000008dd00000, 0x000000008dd00000, 0x000000008de00000|  0%| F|  |TAMS 0x000000008dd00000, 0x000000008dd00000| Untracked 
| 222|0x000000008de00000, 0x000000008de00000, 0x000000008df00000|  0%| F|  |TAMS 0x000000008de00000, 0x000000008de00000| Untracked 
| 223|0x000000008df00000, 0x000000008df00000, 0x000000008e000000|  0%| F|  |TAMS 0x000000008df00000, 0x000000008df00000| Untracked 
| 224|0x000000008e000000, 0x000000008e000000, 0x000000008e100000|  0%| F|  |TAMS 0x000000008e000000, 0x000000008e000000| Untracked 
| 225|0x000000008e100000, 0x000000008e100000, 0x000000008e200000|  0%| F|  |TAMS 0x000000008e100000, 0x000000008e100000| Untracked 
| 226|0x000000008e200000, 0x000000008e200000, 0x000000008e300000|  0%| F|  |TAMS 0x000000008e200000, 0x000000008e200000| Untracked 
| 227|0x000000008e300000, 0x000000008e300000, 0x000000008e400000|  0%| F|  |TAMS 0x000000008e300000, 0x000000008e300000| Untracked 
| 228|0x000000008e400000, 0x000000008e400000, 0x000000008e500000|  0%| F|  |TAMS 0x000000008e400000, 0x000000008e400000| Untracked 
| 229|0x000000008e500000, 0x000000008e500000, 0x000000008e600000|  0%| F|  |TAMS 0x000000008e500000, 0x000000008e500000| Untracked 
| 230|0x000000008e600000, 0x000000008e600000, 0x000000008e700000|  0%| F|  |TAMS 0x000000008e600000, 0x000000008e600000| Untracked 
| 231|0x000000008e700000, 0x000000008e700000, 0x000000008e800000|  0%| F|  |TAMS 0x000000008e700000, 0x000000008e700000| Untracked 
| 232|0x000000008e800000, 0x000000008e800000, 0x000000008e900000|  0%| F|  |TAMS 0x000000008e800000, 0x000000008e800000| Untracked 
| 233|0x000000008e900000, 0x000000008e900000, 0x000000008ea00000|  0%| F|  |TAMS 0x000000008e900000, 0x000000008e900000| Untracked 
| 234|0x000000008ea00000, 0x000000008ea00000, 0x000000008eb00000|  0%| F|  |TAMS 0x000000008ea00000, 0x000000008ea00000| Untracked 
| 235|0x000000008eb00000, 0x000000008eb00000, 0x000000008ec00000|  0%| F|  |TAMS 0x000000008eb00000, 0x000000008eb00000| Untracked 
| 236|0x000000008ec00000, 0x000000008ec00000, 0x000000008ed00000|  0%| F|  |TAMS 0x000000008ec00000, 0x000000008ec00000| Untracked 
| 237|0x000000008ed00000, 0x000000008ed00000, 0x000000008ee00000|  0%| F|  |TAMS 0x000000008ed00000, 0x000000008ed00000| Untracked 
| 238|0x000000008ee00000, 0x000000008ee00000, 0x000000008ef00000|  0%| F|  |TAMS 0x000000008ee00000, 0x000000008ee00000| Untracked 
| 239|0x000000008ef00000, 0x000000008ef00000, 0x000000008f000000|  0%| F|  |TAMS 0x000000008ef00000, 0x000000008ef00000| Untracked 
| 240|0x000000008f000000, 0x000000008f000000, 0x000000008f100000|  0%| F|  |TAMS 0x000000008f000000, 0x000000008f000000| Untracked 
| 241|0x000000008f100000, 0x000000008f100000, 0x000000008f200000|  0%| F|  |TAMS 0x000000008f100000, 0x000000008f100000| Untracked 
| 242|0x000000008f200000, 0x000000008f200000, 0x000000008f300000|  0%| F|  |TAMS 0x000000008f200000, 0x000000008f200000| Untracked 
| 243|0x000000008f300000, 0x000000008f300000, 0x000000008f400000|  0%| F|  |TAMS 0x000000008f300000, 0x000000008f300000| Untracked 
| 244|0x000000008f400000, 0x000000008f400000, 0x000000008f500000|  0%| F|  |TAMS 0x000000008f400000, 0x000000008f400000| Untracked 
| 245|0x000000008f500000, 0x000000008f500000, 0x000000008f600000|  0%| F|  |TAMS 0x000000008f500000, 0x000000008f500000| Untracked 
| 246|0x000000008f600000, 0x000000008f600000, 0x000000008f700000|  0%| F|  |TAMS 0x000000008f600000, 0x000000008f600000| Untracked 
| 247|0x000000008f700000, 0x000000008f700000, 0x000000008f800000|  0%| F|  |TAMS 0x000000008f700000, 0x000000008f700000| Untracked 
| 248|0x000000008f800000, 0x000000008f800000, 0x000000008f900000|  0%| F|  |TAMS 0x000000008f800000, 0x000000008f800000| Untracked 
| 249|0x000000008f900000, 0x000000008f900000, 0x000000008fa00000|  0%| F|  |TAMS 0x000000008f900000, 0x000000008f900000| Untracked 
| 250|0x000000008fa00000, 0x000000008fa00000, 0x000000008fb00000|  0%| F|  |TAMS 0x000000008fa00000, 0x000000008fa00000| Untracked 
| 251|0x000000008fb00000, 0x000000008fb00000, 0x000000008fc00000|  0%| F|  |TAMS 0x000000008fb00000, 0x000000008fb00000| Untracked 
| 252|0x000000008fc00000, 0x000000008fc00000, 0x000000008fd00000|  0%| F|  |TAMS 0x000000008fc00000, 0x000000008fc00000| Untracked 
| 253|0x000000008fd00000, 0x000000008fd00000, 0x000000008fe00000|  0%| F|  |TAMS 0x000000008fd00000, 0x000000008fd00000| Untracked 
| 254|0x000000008fe00000, 0x000000008fe00000, 0x000000008ff00000|  0%| F|  |TAMS 0x000000008fe00000, 0x000000008fe00000| Untracked 
| 255|0x000000008ff00000, 0x000000008ff00000, 0x0000000090000000|  0%| F|  |TAMS 0x000000008ff00000, 0x000000008ff00000| Untracked 
| 256|0x0000000090000000, 0x0000000090000000, 0x0000000090100000|  0%| F|  |TAMS 0x0000000090000000, 0x0000000090000000| Untracked 
| 257|0x0000000090100000, 0x0000000090100000, 0x0000000090200000|  0%| F|  |TAMS 0x0000000090100000, 0x0000000090100000| Untracked 
| 258|0x0000000090200000, 0x0000000090300000, 0x0000000090300000|100%| S|CS|TAMS 0x0000000090200000, 0x0000000090200000| Complete 
| 259|0x0000000090300000, 0x0000000090400000, 0x0000000090400000|100%| S|CS|TAMS 0x0000000090300000, 0x0000000090300000| Complete 
| 260|0x0000000090400000, 0x0000000090400000, 0x0000000090500000|  0%| F|  |TAMS 0x0000000090400000, 0x0000000090400000| Untracked 
| 261|0x0000000090500000, 0x0000000090500000, 0x0000000090600000|  0%| F|  |TAMS 0x0000000090500000, 0x0000000090500000| Untracked 
| 262|0x0000000090600000, 0x0000000090600000, 0x0000000090700000|  0%| F|  |TAMS 0x0000000090600000, 0x0000000090600000| Untracked 
| 263|0x0000000090700000, 0x0000000090700000, 0x0000000090800000|  0%| F|  |TAMS 0x0000000090700000, 0x0000000090700000| Untracked 
| 264|0x0000000090800000, 0x0000000090800000, 0x0000000090900000|  0%| F|  |TAMS 0x0000000090800000, 0x0000000090800000| Untracked 
| 265|0x0000000090900000, 0x0000000090900000, 0x0000000090a00000|  0%| F|  |TAMS 0x0000000090900000, 0x0000000090900000| Untracked 
| 266|0x0000000090a00000, 0x0000000090a00000, 0x0000000090b00000|  0%| F|  |TAMS 0x0000000090a00000, 0x0000000090a00000| Untracked 
| 267|0x0000000090b00000, 0x0000000090c00000, 0x0000000090c00000|100%| S|CS|TAMS 0x0000000090b00000, 0x0000000090b00000| Complete 
| 268|0x0000000090c00000, 0x0000000090d00000, 0x0000000090d00000|100%| S|CS|TAMS 0x0000000090c00000, 0x0000000090c00000| Complete 
| 269|0x0000000090d00000, 0x0000000090e00000, 0x0000000090e00000|100%| S|CS|TAMS 0x0000000090d00000, 0x0000000090d00000| Complete 
| 270|0x0000000090e00000, 0x0000000090f00000, 0x0000000090f00000|100%| S|CS|TAMS 0x0000000090e00000, 0x0000000090e00000| Complete 
| 271|0x0000000090f00000, 0x0000000091000000, 0x0000000091000000|100%| S|CS|TAMS 0x0000000090f00000, 0x0000000090f00000| Complete 
| 272|0x0000000091000000, 0x0000000091000000, 0x0000000091100000|  0%| F|  |TAMS 0x0000000091000000, 0x0000000091000000| Untracked 
| 273|0x0000000091100000, 0x0000000091100000, 0x0000000091200000|  0%| F|  |TAMS 0x0000000091100000, 0x0000000091100000| Untracked 
| 274|0x0000000091200000, 0x0000000091200000, 0x0000000091300000|  0%| F|  |TAMS 0x0000000091200000, 0x0000000091200000| Untracked 
| 275|0x0000000091300000, 0x0000000091300000, 0x0000000091400000|  0%| F|  |TAMS 0x0000000091300000, 0x0000000091300000| Untracked 
| 276|0x0000000091400000, 0x0000000091400000, 0x0000000091500000|  0%| F|  |TAMS 0x0000000091400000, 0x0000000091400000| Untracked 
| 277|0x0000000091500000, 0x0000000091500000, 0x0000000091600000|  0%| F|  |TAMS 0x0000000091500000, 0x0000000091500000| Untracked 
| 278|0x0000000091600000, 0x0000000091600000, 0x0000000091700000|  0%| F|  |TAMS 0x0000000091600000, 0x0000000091600000| Untracked 
| 279|0x0000000091700000, 0x0000000091700000, 0x0000000091800000|  0%| F|  |TAMS 0x0000000091700000, 0x0000000091700000| Untracked 
| 280|0x0000000091800000, 0x0000000091800000, 0x0000000091900000|  0%| F|  |TAMS 0x0000000091800000, 0x0000000091800000| Untracked 
| 281|0x0000000091900000, 0x0000000091900000, 0x0000000091a00000|  0%| F|  |TAMS 0x0000000091900000, 0x0000000091900000| Untracked 
| 282|0x0000000091a00000, 0x0000000091a00000, 0x0000000091b00000|  0%| F|  |TAMS 0x0000000091a00000, 0x0000000091a00000| Untracked 
| 283|0x0000000091b00000, 0x0000000091b00000, 0x0000000091c00000|  0%| F|  |TAMS 0x0000000091b00000, 0x0000000091b00000| Untracked 
| 284|0x0000000091c00000, 0x0000000091c00000, 0x0000000091d00000|  0%| F|  |TAMS 0x0000000091c00000, 0x0000000091c00000| Untracked 
| 285|0x0000000091d00000, 0x0000000091d00000, 0x0000000091e00000|  0%| F|  |TAMS 0x0000000091d00000, 0x0000000091d00000| Untracked 
| 286|0x0000000091e00000, 0x0000000091e00000, 0x0000000091f00000|  0%| F|  |TAMS 0x0000000091e00000, 0x0000000091e00000| Untracked 
| 287|0x0000000091f00000, 0x0000000091f00000, 0x0000000092000000|  0%| F|  |TAMS 0x0000000091f00000, 0x0000000091f00000| Untracked 
| 288|0x0000000092000000, 0x0000000092000000, 0x0000000092100000|  0%| F|  |TAMS 0x0000000092000000, 0x0000000092000000| Untracked 
| 289|0x0000000092100000, 0x0000000092100000, 0x0000000092200000|  0%| F|  |TAMS 0x0000000092100000, 0x0000000092100000| Untracked 
| 290|0x0000000092200000, 0x0000000092200000, 0x0000000092300000|  0%| F|  |TAMS 0x0000000092200000, 0x0000000092200000| Untracked 
| 291|0x0000000092300000, 0x0000000092300000, 0x0000000092400000|  0%| F|  |TAMS 0x0000000092300000, 0x0000000092300000| Untracked 
| 292|0x0000000092400000, 0x0000000092400000, 0x0000000092500000|  0%| F|  |TAMS 0x0000000092400000, 0x0000000092400000| Untracked 
| 293|0x0000000092500000, 0x0000000092500000, 0x0000000092600000|  0%| F|  |TAMS 0x0000000092500000, 0x0000000092500000| Untracked 
| 294|0x0000000092600000, 0x0000000092600000, 0x0000000092700000|  0%| F|  |TAMS 0x0000000092600000, 0x0000000092600000| Untracked 
| 295|0x0000000092700000, 0x0000000092700000, 0x0000000092800000|  0%| F|  |TAMS 0x0000000092700000, 0x0000000092700000| Untracked 
| 296|0x0000000092800000, 0x0000000092800000, 0x0000000092900000|  0%| F|  |TAMS 0x0000000092800000, 0x0000000092800000| Untracked 
| 297|0x0000000092900000, 0x0000000092900000, 0x0000000092a00000|  0%| F|  |TAMS 0x0000000092900000, 0x0000000092900000| Untracked 
| 298|0x0000000092a00000, 0x0000000092a00000, 0x0000000092b00000|  0%| F|  |TAMS 0x0000000092a00000, 0x0000000092a00000| Untracked 
| 299|0x0000000092b00000, 0x0000000092b00000, 0x0000000092c00000|  0%| F|  |TAMS 0x0000000092b00000, 0x0000000092b00000| Untracked 
| 300|0x0000000092c00000, 0x0000000092c00000, 0x0000000092d00000|  0%| F|  |TAMS 0x0000000092c00000, 0x0000000092c00000| Untracked 
| 301|0x0000000092d00000, 0x0000000092d00000, 0x0000000092e00000|  0%| F|  |TAMS 0x0000000092d00000, 0x0000000092d00000| Untracked 
| 302|0x0000000092e00000, 0x0000000092e00000, 0x0000000092f00000|  0%| F|  |TAMS 0x0000000092e00000, 0x0000000092e00000| Untracked 
| 303|0x0000000092f00000, 0x0000000092f00000, 0x0000000093000000|  0%| F|  |TAMS 0x0000000092f00000, 0x0000000092f00000| Untracked 
| 304|0x0000000093000000, 0x0000000093000000, 0x0000000093100000|  0%| F|  |TAMS 0x0000000093000000, 0x0000000093000000| Untracked 
| 305|0x0000000093100000, 0x0000000093100000, 0x0000000093200000|  0%| F|  |TAMS 0x0000000093100000, 0x0000000093100000| Untracked 
| 306|0x0000000093200000, 0x0000000093200000, 0x0000000093300000|  0%| F|  |TAMS 0x0000000093200000, 0x0000000093200000| Untracked 
| 307|0x0000000093300000, 0x0000000093300000, 0x0000000093400000|  0%| F|  |TAMS 0x0000000093300000, 0x0000000093300000| Untracked 
| 308|0x0000000093400000, 0x0000000093400000, 0x0000000093500000|  0%| F|  |TAMS 0x0000000093400000, 0x0000000093400000| Untracked 
| 309|0x0000000093500000, 0x0000000093500000, 0x0000000093600000|  0%| F|  |TAMS 0x0000000093500000, 0x0000000093500000| Untracked 
| 310|0x0000000093600000, 0x0000000093600000, 0x0000000093700000|  0%| F|  |TAMS 0x0000000093600000, 0x0000000093600000| Untracked 
| 311|0x0000000093700000, 0x0000000093700000, 0x0000000093800000|  0%| F|  |TAMS 0x0000000093700000, 0x0000000093700000| Untracked 
| 312|0x0000000093800000, 0x0000000093800000, 0x0000000093900000|  0%| F|  |TAMS 0x0000000093800000, 0x0000000093800000| Untracked 
| 313|0x0000000093900000, 0x0000000093900000, 0x0000000093a00000|  0%| F|  |TAMS 0x0000000093900000, 0x0000000093900000| Untracked 
| 314|0x0000000093a00000, 0x0000000093a00000, 0x0000000093b00000|  0%| F|  |TAMS 0x0000000093a00000, 0x0000000093a00000| Untracked 
| 315|0x0000000093b00000, 0x0000000093b00000, 0x0000000093c00000|  0%| F|  |TAMS 0x0000000093b00000, 0x0000000093b00000| Untracked 
| 316|0x0000000093c00000, 0x0000000093c00000, 0x0000000093d00000|  0%| F|  |TAMS 0x0000000093c00000, 0x0000000093c00000| Untracked 
| 317|0x0000000093d00000, 0x0000000093d00000, 0x0000000093e00000|  0%| F|  |TAMS 0x0000000093d00000, 0x0000000093d00000| Untracked 
| 318|0x0000000093e00000, 0x0000000093e00000, 0x0000000093f00000|  0%| F|  |TAMS 0x0000000093e00000, 0x0000000093e00000| Untracked 

Card table byte_map: [0x000001f3bac00000,0x000001f3bb000000] _byte_map_base: 0x000001f3ba800000

Marking Bits (Prev, Next): (CMBitMap*) 0x000001f3a7a172d8, (CMBitMap*) 0x000001f3a7a17310
 Prev Bits: [0x000001f3bb400000, 0x000001f3bd400000)
 Next Bits: [0x000001f3bd400000, 0x000001f3bf400000)

Polling page: 0x000001f3a71b0000

Metaspace:

Usage:
  Non-class:    108.08 MB capacity,   105.97 MB ( 98%) used,     1.75 MB (  2%) free+waste,   371.50 KB ( <1%) overhead. 
      Class:     16.44 MB capacity,    15.19 MB ( 92%) used,     1.08 MB (  7%) free+waste,   167.50 KB ( <1%) overhead. 
       Both:    124.52 MB capacity,   121.17 MB ( 97%) used,     2.83 MB (  2%) free+waste,   539.00 KB ( <1%) overhead. 

Virtual space:
  Non-class space:      110.00 MB reserved,     108.25 MB ( 98%) committed 
      Class space:        1.00 GB reserved,      16.63 MB (  2%) committed 
             Both:        1.11 GB reserved,     124.88 MB ( 11%) committed 

Chunk freelists:
   Non-Class:  41.00 KB
       Class:  96.00 KB
        Both:  137.00 KB

MaxMetaspaceSize: 17179869184.00 GB
CompressedClassSpaceSize: 1.00 GB

CodeHeap 'non-profiled nmethods': size=120000Kb used=11214Kb max_used=11214Kb free=108786Kb
 bounds [0x000001f3b2fa0000, 0x000001f3b3aa0000, 0x000001f3ba4d0000]
CodeHeap 'profiled nmethods': size=120000Kb used=39512Kb max_used=39512Kb free=80487Kb
 bounds [0x000001f3aba70000, 0x000001f3ae110000, 0x000001f3b2fa0000]
CodeHeap 'non-nmethods': size=5760Kb used=2377Kb max_used=2408Kb free=3383Kb
 bounds [0x000001f3ab4d0000, 0x000001f3ab740000, 0x000001f3aba70000]
 total_blobs=18671 nmethods=17689 adapters=890
 compilation: enabled
              stopped_count=0, restarted_count=0
 full_count=0

Compilation events (20 events):
Event: 41.038 Thread 0x000001f3c2739800 18052       2       com.android.tools.r8.graph.H0::a (232 bytes)
Event: 41.039 Thread 0x000001f3c2739800 nmethod 18052 0x000001f3ae102b10 code [0x000001f3ae102d40, 0x000001f3ae1034a8]
Event: 41.039 Thread 0x000001f3c2739800 18053       2       com.android.tools.r8.internal.D4::<init> (86 bytes)
Event: 41.039 Thread 0x000001f3c2739800 nmethod 18053 0x000001f3ae103990 code [0x000001f3ae103b40, 0x000001f3ae103cd8]
Event: 41.042 Thread 0x000001f3c2739800 18054       2       com.android.tools.r8.internal.g7::a (52 bytes)
Event: 41.042 Thread 0x000001f3c2739800 nmethod 18054 0x000001f3ae103d90 code [0x000001f3ae103f60, 0x000001f3ae104178]
Event: 41.042 Thread 0x000001f3c2739800 18055       2       com.android.tools.r8.internal.qr::f (65 bytes)
Event: 41.043 Thread 0x000001f3c2739800 nmethod 18055 0x000001f3ae104290 code [0x000001f3ae1044a0, 0x000001f3ae104968]
Event: 41.043 Thread 0x000001f3c2739800 18056       2       com.android.tools.r8.internal.g7::a (16 bytes)
Event: 41.043 Thread 0x000001f3c2739800 nmethod 18056 0x000001f3ae104b90 code [0x000001f3ae104d40, 0x000001f3ae104e68]
Event: 41.044 Thread 0x000001f3c2739800 18057       2       com.android.tools.r8.internal.ir$$Lambda$1681/0x0000000100ce8840::<init> (15 bytes)
Event: 41.044 Thread 0x000001f3c2739800 nmethod 18057 0x000001f3ae104f10 code [0x000001f3ae1050c0, 0x000001f3ae105258]
Event: 41.046 Thread 0x000001f3c2739800 18058       2       com.android.tools.r8.internal.X3::<init> (151 bytes)
Event: 41.046 Thread 0x000001f3c2739800 nmethod 18058 0x000001f3ae105310 code [0x000001f3ae1054c0, 0x000001f3ae105658]
Event: 41.050 Thread 0x000001f3c2739800 18059       2       com.android.tools.r8.internal.g7::a (18 bytes)
Event: 41.051 Thread 0x000001f3c2739800 nmethod 18059 0x000001f3ae105710 code [0x000001f3ae1058c0, 0x000001f3ae105a08]
Event: 41.056 Thread 0x000001f3c2739800 18060       2       com.android.tools.r8.graph.G0::a (20 bytes)
Event: 41.056 Thread 0x000001f3c2739800 nmethod 18060 0x000001f3ae105a90 code [0x000001f3ae105c40, 0x000001f3ae105dc8]
Event: 41.056 Thread 0x000001f3c2739800 18061       2       com.android.tools.r8.internal.q4::<init> (15 bytes)
Event: 41.057 Thread 0x000001f3c2739800 nmethod 18061 0x000001f3ae105e90 code [0x000001f3ae106040, 0x000001f3ae106138]

GC Heap History (20 events):
Event: 39.548 GC heap after
{Heap after GC invocations=33 (full 0):
 garbage-first heap   total 260096K, used 150113K [0x0000000080000000, 0x0000000100000000)
  region size 1024K, 2 young (2048K), 2 survivors (2048K)
 Metaspace       used 119975K, capacity 123197K, committed 124032K, reserved 1157120K
  class space    used 15020K, capacity 16193K, committed 16512K, reserved 1048576K
}
Event: 40.090 GC heap before
{Heap before GC invocations=34 (full 0):
 garbage-first heap   total 260096K, used 207457K [0x0000000080000000, 0x0000000100000000)
  region size 1024K, 59 young (60416K), 2 survivors (2048K)
 Metaspace       used 120400K, capacity 123748K, committed 124288K, reserved 1157120K
  class space    used 15070K, capacity 16285K, committed 16512K, reserved 1048576K
}
Event: 40.096 GC heap after
{Heap after GC invocations=35 (full 0):
 garbage-first heap   total 260096K, used 152647K [0x0000000080000000, 0x0000000100000000)
  region size 1024K, 7 young (7168K), 7 survivors (7168K)
 Metaspace       used 120400K, capacity 123748K, committed 124288K, reserved 1157120K
  class space    used 15070K, capacity 16285K, committed 16512K, reserved 1048576K
}
Event: 40.103 GC heap before
{Heap before GC invocations=35 (full 0):
 garbage-first heap   total 260096K, used 157767K [0x0000000080000000, 0x0000000100000000)
  region size 1024K, 12 young (12288K), 7 survivors (7168K)
 Metaspace       used 120430K, capacity 123748K, committed 124288K, reserved 1157120K
  class space    used 15076K, capacity 16285K, committed 16512K, reserved 1048576K
}
Event: 40.111 GC heap after
{Heap after GC invocations=36 (full 0):
 garbage-first heap   total 260096K, used 146122K [0x0000000080000000, 0x0000000100000000)
  region size 1024K, 2 young (2048K), 2 survivors (2048K)
 Metaspace       used 120430K, capacity 123748K, committed 124288K, reserved 1157120K
  class space    used 15076K, capacity 16285K, committed 16512K, reserved 1048576K
}
Event: 40.183 GC heap before
{Heap before GC invocations=36 (full 0):
 garbage-first heap   total 260096K, used 205514K [0x0000000080000000, 0x0000000100000000)
  region size 1024K, 62 young (63488K), 2 survivors (2048K)
 Metaspace       used 120756K, capacity 124104K, committed 124672K, reserved 1157120K
  class space    used 15121K, capacity 16338K, committed 16640K, reserved 1048576K
}
Event: 40.191 GC heap after
{Heap after GC invocations=37 (full 0):
 garbage-first heap   total 260096K, used 158870K [0x0000000080000000, 0x0000000100000000)
  region size 1024K, 8 young (8192K), 8 survivors (8192K)
 Metaspace       used 120756K, capacity 124104K, committed 124672K, reserved 1157120K
  class space    used 15121K, capacity 16338K, committed 16640K, reserved 1048576K
}
Event: 40.324 GC heap before
{Heap before GC invocations=37 (full 0):
 garbage-first heap   total 260096K, used 209046K [0x0000000080000000, 0x0000000100000000)
  region size 1024K, 58 young (59392K), 8 survivors (8192K)
 Metaspace       used 121662K, capacity 125007K, committed 125568K, reserved 1159168K
  class space    used 15251K, capacity 16493K, committed 16768K, reserved 1048576K
}
Event: 40.331 GC heap after
{Heap after GC invocations=38 (full 0):
 garbage-first heap   total 260096K, used 167912K [0x0000000080000000, 0x0000000100000000)
  region size 1024K, 8 young (8192K), 8 survivors (8192K)
 Metaspace       used 121662K, capacity 125007K, committed 125568K, reserved 1159168K
  class space    used 15251K, capacity 16493K, committed 16768K, reserved 1048576K
}
Event: 40.539 GC heap before
{Heap before GC invocations=39 (full 0):
 garbage-first heap   total 260096K, used 213992K [0x0000000080000000, 0x0000000100000000)
  region size 1024K, 54 young (55296K), 8 survivors (8192K)
 Metaspace       used 121968K, capacity 125350K, committed 125824K, reserved 1159168K
  class space    used 15278K, capacity 16500K, committed 16768K, reserved 1048576K
}
Event: 40.552 GC heap after
{Heap after GC invocations=40 (full 0):
 garbage-first heap   total 260096K, used 176026K [0x0000000080000000, 0x0000000100000000)
  region size 1024K, 7 young (7168K), 7 survivors (7168K)
 Metaspace       used 121968K, capacity 125350K, committed 125824K, reserved 1159168K
  class space    used 15278K, capacity 16500K, committed 16768K, reserved 1048576K
}
Event: 40.563 GC heap before
{Heap before GC invocations=40 (full 0):
 garbage-first heap   total 260096K, used 180122K [0x0000000080000000, 0x0000000100000000)
  region size 1024K, 12 young (12288K), 7 survivors (7168K)
 Metaspace       used 121979K, capacity 125350K, committed 125824K, reserved 1159168K
  class space    used 15279K, capacity 16500K, committed 16768K, reserved 1048576K
}
Event: 40.574 GC heap after
{Heap after GC invocations=41 (full 0):
 garbage-first heap   total 326656K, used 177388K [0x0000000080000000, 0x0000000100000000)
  region size 1024K, 2 young (2048K), 2 survivors (2048K)
 Metaspace       used 121979K, capacity 125350K, committed 125824K, reserved 1159168K
  class space    used 15279K, capacity 16500K, committed 16768K, reserved 1048576K
}
Event: 40.737 GC heap before
{Heap before GC invocations=41 (full 0):
 garbage-first heap   total 326656K, used 243948K [0x0000000080000000, 0x0000000100000000)
  region size 1024K, 67 young (68608K), 2 survivors (2048K)
 Metaspace       used 122534K, capacity 125886K, committed 126336K, reserved 1159168K
  class space    used 15359K, capacity 16594K, committed 16768K, reserved 1048576K
}
Event: 40.752 GC heap after
{Heap after GC invocations=42 (full 0):
 garbage-first heap   total 326656K, used 192865K [0x0000000080000000, 0x0000000100000000)
  region size 1024K, 9 young (9216K), 9 survivors (9216K)
 Metaspace       used 122534K, capacity 125886K, committed 126336K, reserved 1159168K
  class space    used 15359K, capacity 16594K, committed 16768K, reserved 1048576K
}
Event: 40.888 GC heap before
{Heap before GC invocations=42 (full 0):
 garbage-first heap   total 326656K, used 253281K [0x0000000080000000, 0x0000000100000000)
  region size 1024K, 68 young (69632K), 9 survivors (9216K)
 Metaspace       used 123370K, capacity 126788K, committed 127232K, reserved 1159168K
  class space    used 15476K, capacity 16723K, committed 16896K, reserved 1048576K
}
Event: 40.909 GC heap after
{Heap after GC invocations=43 (full 0):
 garbage-first heap   total 326656K, used 207033K [0x0000000080000000, 0x0000000100000000)
  region size 1024K, 9 young (9216K), 9 survivors (9216K)
 Metaspace       used 123370K, capacity 126788K, committed 127232K, reserved 1159168K
  class space    used 15476K, capacity 16723K, committed 16896K, reserved 1048576K
}
Event: 40.993 GC heap before
{Heap before GC invocations=43 (full 0):
 garbage-first heap   total 326656K, used 260281K [0x0000000080000000, 0x0000000100000000)
  region size 1024K, 61 young (62464K), 9 survivors (9216K)
 Metaspace       used 123988K, capacity 127410K, committed 127872K, reserved 1161216K
  class space    used 15548K, capacity 16824K, committed 17024K, reserved 1048576K
}
Event: 41.012 GC heap after
{Heap after GC invocations=44 (full 0):
 garbage-first heap   total 326656K, used 218404K [0x0000000080000000, 0x0000000100000000)
  region size 1024K, 8 young (8192K), 8 survivors (8192K)
 Metaspace       used 123988K, capacity 127410K, committed 127872K, reserved 1161216K
  class space    used 15548K, capacity 16824K, committed 17024K, reserved 1048576K
}
Event: 41.066 GC heap before
{Heap before GC invocations=44 (full 0):
 garbage-first heap   total 326656K, used 266532K [0x0000000080000000, 0x0000000100000000)
  region size 1024K, 55 young (56320K), 8 survivors (8192K)
 Metaspace       used 124074K, capacity 127511K, committed 127872K, reserved 1161216K
  class space    used 15557K, capacity 16832K, committed 17024K, reserved 1048576K
}

Deoptimization events (20 events):
Event: 40.985 Thread 0x000001f3c7f68000 DEOPT PACKING pc=0x000001f3ae0b3bec sp=0x00000030568fa3d0
Event: 40.985 Thread 0x000001f3c7f68000 DEOPT UNPACKING pc=0x000001f3ab4f6dde sp=0x00000030568f9658 mode 0
Event: 40.988 Thread 0x000001f3c6c93000 DEOPT PACKING pc=0x000001f3ae01f8f7 sp=0x0000003056df8eb0
Event: 40.988 Thread 0x000001f3c6c93000 DEOPT UNPACKING pc=0x000001f3ab4f6dde sp=0x0000003056df8428 mode 0
Event: 40.991 Thread 0x000001f3c6c99800 DEOPT PACKING pc=0x000001f3ae01f8f7 sp=0x00000030573f8f50
Event: 40.991 Thread 0x000001f3c6c99800 DEOPT UNPACKING pc=0x000001f3ab4f6dde sp=0x00000030573f84c8 mode 0
Event: 41.014 Thread 0x000001f3c6c93000 DEOPT PACKING pc=0x000001f3ae01f8f7 sp=0x0000003056df8eb0
Event: 41.014 Thread 0x000001f3c6c93000 DEOPT UNPACKING pc=0x000001f3ab4f6dde sp=0x0000003056df8428 mode 0
Event: 41.021 Thread 0x000001f3c6c93000 Uncommon trap: trap_request=0xffffffde fr.pc=0x000001f3b3a75708 relative=0x0000000000000428
Event: 41.021 Thread 0x000001f3c6c93000 Uncommon trap: reason=class_check action=maybe_recompile pc=0x000001f3b3a75708 method=com.android.tools.r8.internal.Jj.hasNext()Z @ 103 c2
Event: 41.021 Thread 0x000001f3c6c93000 DEOPT PACKING pc=0x000001f3b3a75708 sp=0x0000003056dfa2b0
Event: 41.021 Thread 0x000001f3c6c93000 DEOPT UNPACKING pc=0x000001f3ab4f662f sp=0x0000003056dfa268 mode 2
Event: 41.022 Thread 0x000001f3c6c93000 Uncommon trap: trap_request=0xffffffc6 fr.pc=0x000001f3b3a756e0 relative=0x0000000000000400
Event: 41.022 Thread 0x000001f3c6c93000 Uncommon trap: reason=bimorphic_or_optimized_type_check action=maybe_recompile pc=0x000001f3b3a756e0 method=com.android.tools.r8.internal.Jj.hasNext()Z @ 9 c2
Event: 41.022 Thread 0x000001f3c6c93000 DEOPT PACKING pc=0x000001f3b3a756e0 sp=0x0000003056dfa260
Event: 41.022 Thread 0x000001f3c6c93000 DEOPT UNPACKING pc=0x000001f3ab4f662f sp=0x0000003056dfa218 mode 2
Event: 41.023 Thread 0x000001f3c7f65000 DEOPT PACKING pc=0x000001f3ae01f8f7 sp=0x0000003056af8c40
Event: 41.023 Thread 0x000001f3c7f65000 DEOPT UNPACKING pc=0x000001f3ab4f6dde sp=0x0000003056af81b8 mode 0
Event: 41.026 Thread 0x000001f3c6c93000 Uncommon trap: trap_request=0xffffffc6 fr.pc=0x000001f3b3a756e0 relative=0x0000000000000400
Event: 41.065 Thread 0x000001f3c6c93000 Uncommon trap: reason=bimorphic_or_optimized_type_check action=maybe_recompile pc=0x000001f3b3a756e0 method=com.android.tools.r8.internal.Jj.hasNext()Z @ 9 c2

Classes redefined (0 events):
No events

Internal exceptions (20 events):
Event: 40.246 Thread 0x000001f3c7f68000 Exception <a 'sun/nio/fs/WindowsException'{0x000000008e2de788}> (0x000000008e2de788) thrown at [./src/hotspot/share/prims/jni.cpp, line 615]
Event: 40.250 Thread 0x000001f3c7f65000 Exception <a 'sun/nio/fs/WindowsException'{0x000000008e07c4d8}> (0x000000008e07c4d8) thrown at [./src/hotspot/share/prims/jni.cpp, line 615]
Event: 40.252 Thread 0x000001f3c7f65000 Exception <a 'java/lang/IncompatibleClassChangeError'{0x000000008df24fa8}: Found class java.lang.Object, but interface was expected> (0x000000008df24fa8) thrown at [./src/hotspot/share/interpreter/linkResolver.cpp, line 839]
Event: 40.297 Thread 0x000001f3c7f6b800 Exception <a 'java/lang/NoSuchMethodError'{0x000000008d394b38}: 'java.lang.Object java.lang.invoke.DirectMethodHandle$Holder.invokeStatic(java.lang.Object, long)'> (0x000000008d394b38) thrown at [./src/hotspot/share/interpreter/linkResolver.cpp, line 773]
Event: 40.298 Thread 0x000001f3c7f65000 Exception <a 'java/lang/NoSuchMethodError'{0x000000008d112638}: 'java.lang.Object java.lang.invoke.DirectMethodHandle$Holder.invokeStatic(java.lang.Object, long)'> (0x000000008d112638) thrown at [./src/hotspot/share/interpreter/linkResolver.cpp, line 773]
Event: 40.298 Thread 0x000001f3c7f68000 Exception <a 'java/lang/NoSuchMethodError'{0x000000008d2a4bf8}: 'java.lang.Object java.lang.invoke.DirectMethodHandle$Holder.invokeStatic(java.lang.Object, long)'> (0x000000008d2a4bf8) thrown at [./src/hotspot/share/interpreter/linkResolver.cpp, line 773]
Event: 40.338 Thread 0x000001f3c6c99800 Exception <a 'sun/nio/fs/WindowsException'{0x000000008fcf1760}> (0x000000008fcf1760) thrown at [./src/hotspot/share/prims/jni.cpp, line 615]
Event: 40.382 Thread 0x000001f3c6c8f000 Exception <a 'sun/nio/fs/WindowsException'{0x000000008f5f1038}> (0x000000008f5f1038) thrown at [./src/hotspot/share/prims/jni.cpp, line 615]
Event: 40.421 Thread 0x000001f3c6c93000 Exception <a 'java/lang/NoSuchMethodError'{0x000000008f3dddc0}: 'long java.lang.invoke.DirectMethodHandle$Holder.invokeStatic(java.lang.Object, java.lang.Object)'> (0x000000008f3dddc0) thrown at [./src/hotspot/share/interpreter/linkResolver.cpp, line 773]
Event: 40.611 Thread 0x000001f3c7f6b800 Exception <a 'java/lang/IncompatibleClassChangeError'{0x00000000931c1b58}: Found class java.lang.Object, but interface was expected> (0x00000000931c1b58) thrown at [./src/hotspot/share/interpreter/linkResolver.cpp, line 839]
Event: 40.612 Thread 0x000001f3c7f6b800 Exception <a 'java/lang/NoSuchMethodError'{0x00000000931c9b88}: 'java.lang.Object java.lang.invoke.DirectMethodHandle$Holder.newInvokeSpecial(java.lang.Object, int)'> (0x00000000931c9b88) thrown at [./src/hotspot/share/interpreter/linkResolver.cpp, line 773]
Event: 40.614 Thread 0x000001f3c7f6b800 Exception <a 'java/lang/IncompatibleClassChangeError'{0x0000000092f73300}: Found class java.lang.Object, but interface was expected> (0x0000000092f73300) thrown at [./src/hotspot/share/interpreter/linkResolver.cpp, line 839]
Event: 40.631 Thread 0x000001f3c6c93000 Exception <a 'java/lang/IncompatibleClassChangeError'{0x0000000092edbeb8}: Found class java.lang.Object, but interface was expected> (0x0000000092edbeb8) thrown at [./src/hotspot/share/interpreter/linkResolver.cpp, line 839]
Event: 40.631 Thread 0x000001f3c7f6b800 Exception <a 'java/lang/IncompatibleClassChangeError'{0x0000000092f76850}: Found class java.lang.Object, but interface was expected> (0x0000000092f76850) thrown at [./src/hotspot/share/interpreter/linkResolver.cpp, line 839]
Event: 40.668 Thread 0x000001f3c7f6b800 Exception <a 'java/lang/NoSuchMethodError'{0x0000000091600c90}: 'void java.lang.invoke.DirectMethodHandle$Holder.invokeStatic(java.lang.Object, java.lang.Object, java.lang.Object, int)'> (0x0000000091600c90) thrown at [./src/hotspot/share/interpreter/linkResolver.cpp, line 773]
Event: 40.669 Thread 0x000001f3c7f6b800 Exception <a 'java/lang/IncompatibleClassChangeError'{0x000000009160ab88}: Found class java.lang.Object, but interface was expected> (0x000000009160ab88) thrown at [./src/hotspot/share/interpreter/linkResolver.cpp, line 839]
Event: 40.969 Thread 0x000001f3c7f6a800 Exception <a 'java/lang/NoSuchMethodError'{0x000000009155fce0}: 'int java.lang.invoke.DirectMethodHandle$Holder.invokeSpecial(java.lang.Object, java.lang.Object, java.lang.Object, java.lang.Object, java.lang.Object, java.lang.Object, java.lang.Object, java.lang.Object, java.lang.Object)'> (0x000000009155fce0) thrown at [./src/hotspot/share/interpreter/linkResolver.cpp, line 773]
Event: 40.969 Thread 0x000001f3c7f65000 Exception <a 'java/lang/NoSuchMethodError'{0x0000000091672218}: 'int java.lang.invoke.DirectMethodHandle$Holder.invokeSpecial(java.lang.Object, java.lang.Object, java.lang.Object, java.lang.Object, java.lang.Object, java.lang.Object, java.lang.Object, java.lang.Object, java.lang.Object)'> (0x0000000091672218) thrown at [./src/hotspot/share/interpreter/linkResolver.cpp, line 773]
Event: 40.969 Thread 0x000001f3c6c93000 Exception <a 'java/lang/NoSuchMethodError'{0x00000000918072a0}: 'java.lang.Object java.lang.invoke.Invokers$Holder.linkToTargetMethod(java.lang.Object, java.lang.Object, java.lang.Object, java.lang.Object, java.lang.Object, java.lang.Object, java.lang.Object, java.lang.Object)'> (0x00000000918072a0) thrown at [./src/hotspot/share/interpreter/linkResolver.cpp, line 773]
Event: 40.969 Thread 0x000001f3c7f6b800 Exception <a 'java/lang/NoSuchMethodError'{0x0000000091983e70}: 'java.lang.Object java.lang.invoke.Invokers$Holder.linkToTargetMethod(java.lang.Object, java.lang.Object, java.lang.Object, java.lang.Object, java.lang.Object, java.lang.Object, java.lang.Object, java.lang.Object)'> (0x0000000091983e70) thrown at [./src/hotspot/share/interpreter/linkResolver.cpp, line 773]

Events (20 events):
Event: 41.017 loading class com/android/tools/r8/utils/b0 done
Event: 41.017 loading class com/android/tools/r8/internal/ed
Event: 41.017 loading class com/android/tools/r8/internal/ed done
Event: 41.017 loading class com/android/tools/r8/internal/x4$a
Event: 41.017 loading class com/android/tools/r8/internal/x4$a done
Event: 41.017 loading class com/android/tools/r8/graph/Z
Event: 41.017 loading class com/android/tools/r8/graph/Z done
Event: 41.017 loading class com/android/tools/r8/ir/conversion/i
Event: 41.017 loading class com/android/tools/r8/ir/conversion/i done
Event: 41.018 loading class com/android/tools/r8/graph/O
Event: 41.018 loading class com/android/tools/r8/graph/O done
Event: 41.018 loading class com/android/tools/r8/internal/tj
Event: 41.018 loading class com/android/tools/r8/internal/tj done
Event: 41.021 loading class com/android/tools/r8/internal/Ej
Event: 41.021 loading class com/android/tools/r8/internal/Ej done
Event: 41.022 loading class com/android/tools/r8/internal/I
Event: 41.022 loading class com/android/tools/r8/internal/I done
Event: 41.022 loading class com/android/tools/r8/internal/H
Event: 41.022 loading class com/android/tools/r8/internal/H done
Event: 41.065 Executing VM operation: G1CollectForAllocation


Dynamic libraries:
0x00007ff78b600000 - 0x00007ff78b60a000 	C:\Program Files\Android\Android Studio\jre\bin\java.exe
0x00007ffbc8290000 - 0x00007ffbc8485000 	C:\Windows\SYSTEM32\ntdll.dll
0x00007ffb92c30000 - 0x00007ffb92c44000 	C:\Program Files\AVG\Antivirus\x64\aswhooka.dll
0x00007ffbc7060000 - 0x00007ffbc711e000 	C:\Windows\System32\KERNEL32.DLL
0x00007ffbc5d00000 - 0x00007ffbc5fc8000 	C:\Windows\System32\KERNELBASE.dll
0x00007ffbc59a0000 - 0x00007ffbc5aa0000 	C:\Windows\System32\ucrtbase.dll
0x00007ffbba590000 - 0x00007ffbba5a9000 	C:\Program Files\Android\Android Studio\jre\bin\jli.dll
0x00007ffbc75d0000 - 0x00007ffbc7771000 	C:\Windows\System32\USER32.dll
0x00007ffbc5aa0000 - 0x00007ffbc5ac2000 	C:\Windows\System32\win32u.dll
0x00007ffbc7de0000 - 0x00007ffbc7e0b000 	C:\Windows\System32\GDI32.dll
0x00007ffbc61c0000 - 0x00007ffbc62cd000 	C:\Windows\System32\gdi32full.dll
0x00007ffbc5c30000 - 0x00007ffbc5ccd000 	C:\Windows\System32\msvcp_win.dll
0x00007ffbba570000 - 0x00007ffbba587000 	C:\Program Files\Android\Android Studio\jre\bin\VCRUNTIME140.dll
0x00007ffbb21b0000 - 0x00007ffbb244a000 	C:\Windows\WinSxS\amd64_microsoft.windows.common-controls_6595b64144ccf1df_6.0.19041.1110_none_60b5254171f9507e\COMCTL32.dll
0x00007ffbc6b40000 - 0x00007ffbc6bde000 	C:\Windows\System32\msvcrt.dll
0x00007ffbc6f20000 - 0x00007ffbc6f50000 	C:\Windows\System32\IMM32.DLL
0x00007ffb7ec30000 - 0x00007ffb7eccd000 	C:\Program Files\Android\Android Studio\jre\bin\msvcp140.dll
0x00007ffb6d720000 - 0x00007ffb6e1f5000 	C:\Program Files\Android\Android Studio\jre\bin\server\jvm.dll
0x00007ffbc6e50000 - 0x00007ffbc6efe000 	C:\Windows\System32\ADVAPI32.dll
0x00007ffbc7b60000 - 0x00007ffbc7bfc000 	C:\Windows\System32\sechost.dll
0x00007ffbc7cb0000 - 0x00007ffbc7dd5000 	C:\Windows\System32\RPCRT4.dll
0x00007ffbc6f00000 - 0x00007ffbc6f08000 	C:\Windows\System32\PSAPI.DLL
0x00007ffbab300000 - 0x00007ffbab309000 	C:\Windows\SYSTEM32\WSOCK32.dll
0x00007ffbc8180000 - 0x00007ffbc81eb000 	C:\Windows\System32\WS2_32.dll
0x00007ffbbf570000 - 0x00007ffbbf597000 	C:\Windows\SYSTEM32\WINMM.dll
0x00007ffbc4840000 - 0x00007ffbc484a000 	C:\Windows\SYSTEM32\VERSION.dll
0x00007ffbc4800000 - 0x00007ffbc4812000 	C:\Windows\SYSTEM32\kernel.appcore.dll
0x00007ffbb9e20000 - 0x00007ffbb9e31000 	C:\Program Files\Android\Android Studio\jre\bin\verify.dll
0x00007ffbc35f0000 - 0x00007ffbc37d4000 	C:\Windows\SYSTEM32\DBGHELP.DLL
0x00007ffbbf540000 - 0x00007ffbbf56c000 	C:\Windows\SYSTEM32\dbgcore.DLL
0x00007ffbc5fd0000 - 0x00007ffbc6052000 	C:\Windows\System32\bcryptPrimitives.dll
0x00007ffb8a990000 - 0x00007ffb8a9b9000 	C:\Program Files\Android\Android Studio\jre\bin\java.dll
0x00007ffbbb8a0000 - 0x00007ffbbb8ab000 	C:\Program Files\Android\Android Studio\jre\bin\jimage.dll
0x00007ffb99c90000 - 0x00007ffb99ca8000 	C:\Program Files\Android\Android Studio\jre\bin\zip.dll
0x00007ffbc62d0000 - 0x00007ffbc6a14000 	C:\Windows\System32\SHELL32.dll
0x00007ffbc4060000 - 0x00007ffbc47f5000 	C:\Windows\SYSTEM32\windows.storage.dll
0x00007ffbc7800000 - 0x00007ffbc7b55000 	C:\Windows\System32\combase.dll
0x00007ffbc53f0000 - 0x00007ffbc541e000 	C:\Windows\SYSTEM32\Wldp.dll
0x00007ffbc7c00000 - 0x00007ffbc7cad000 	C:\Windows\System32\SHCORE.dll
0x00007ffbc6df0000 - 0x00007ffbc6e45000 	C:\Windows\System32\shlwapi.dll
0x00007ffbc58e0000 - 0x00007ffbc58ff000 	C:\Windows\SYSTEM32\profapi.dll
0x00007ffb8bb60000 - 0x00007ffb8bb7a000 	C:\Program Files\Android\Android Studio\jre\bin\net.dll
0x00007ffbbcba0000 - 0x00007ffbbccac000 	C:\Windows\SYSTEM32\WINHTTP.dll
0x00007ffbc5150000 - 0x00007ffbc51ba000 	C:\Windows\system32\mswsock.dll
0x00007ffb8ac60000 - 0x00007ffb8ac74000 	C:\Program Files\Android\Android Studio\jre\bin\nio.dll
0x00007ffbba040000 - 0x00007ffbba067000 	C:\Users\ShadiZidan\.gradle\native\8bec1ad78214c89d9ad589b4d07fe93259594b29d510b10fafb7a158f7737e5d\windows-amd64\native-platform.dll
0x00007ffb7eaf0000 - 0x00007ffb7ec2d000 	C:\Users\ShadiZidan\.gradle\native\53dbd7edfb1c66fb8903c78663c9afc45aea4f116125fa6feffd364cf09443e8\windows-amd64\native-platform-file-events.dll
0x00007ffbbb5f0000 - 0x00007ffbbb5fa000 	C:\Program Files\Android\Android Studio\jre\bin\management.dll
0x00007ffbba670000 - 0x00007ffbba67d000 	C:\Program Files\Android\Android Studio\jre\bin\management_ext.dll
0x00007ffbc5340000 - 0x00007ffbc5358000 	C:\Windows\SYSTEM32\CRYPTSP.dll
0x00007ffbc4a60000 - 0x00007ffbc4a94000 	C:\Windows\system32\rsaenh.dll
0x00007ffbc5cd0000 - 0x00007ffbc5cf7000 	C:\Windows\System32\bcrypt.dll
0x00007ffbc58a0000 - 0x00007ffbc58ce000 	C:\Windows\SYSTEM32\USERENV.dll
0x00007ffbc5360000 - 0x00007ffbc536c000 	C:\Windows\SYSTEM32\CRYPTBASE.dll
0x00007ffbc4df0000 - 0x00007ffbc4e2b000 	C:\Windows\SYSTEM32\IPHLPAPI.DLL
0x00007ffbc6f10000 - 0x00007ffbc6f18000 	C:\Windows\System32\NSI.dll
0x00007ffbbae80000 - 0x00007ffbbae97000 	C:\Windows\SYSTEM32\dhcpcsvc6.DLL
0x00007ffbbae60000 - 0x00007ffbbae7d000 	C:\Windows\SYSTEM32\dhcpcsvc.DLL
0x00007ffbc4e40000 - 0x00007ffbc4f0b000 	C:\Windows\SYSTEM32\DNSAPI.dll

dbghelp: loaded successfully - version: 4.0.5 - missing functions: none
symbol engine: initialized successfully - sym options: 0x614 - pdb path: .;C:\Program Files\Android\Android Studio\jre\bin;C:\Windows\SYSTEM32;C:\Program Files\AVG\Antivirus\x64;C:\Windows\WinSxS\amd64_microsoft.windows.common-controls_6595b64144ccf1df_6.0.19041.1110_none_60b5254171f9507e;C:\Program Files\Android\Android Studio\jre\bin\server;C:\Users\ShadiZidan\.gradle\native\8bec1ad78214c89d9ad589b4d07fe93259594b29d510b10fafb7a158f7737e5d\windows-amd64;C:\Users\ShadiZidan\.gradle\native\53dbd7edfb1c66fb8903c78663c9afc45aea4f116125fa6feffd364cf09443e8\windows-amd64

VM Arguments:
jvm_args: --add-opens=java.base/java.util=ALL-UNNAMED --add-opens=java.base/java.lang=ALL-UNNAMED --add-opens=java.base/java.lang.invoke=ALL-UNNAMED --add-opens=java.base/java.util=ALL-UNNAMED --add-opens=java.prefs/java.util.prefs=ALL-UNNAMED --add-opens=java.prefs/java.util.prefs=ALL-UNNAMED --add-opens=java.base/java.nio.charset=ALL-UNNAMED --add-opens=java.base/java.net=ALL-UNNAMED --add-opens=java.base/java.util.concurrent.atomic=ALL-UNNAMED -Xmx2048m -Dfile.encoding=UTF-8 -Duser.country=US -Duser.language=en -Duser.variant 
java_command: org.gradle.launcher.daemon.bootstrap.GradleDaemon 7.0.2
java_class_path (initial): C:\Users\ShadiZidan\.gradle\wrapper\dists\gradle-7.0.2-bin\857tjihv64xamwrf0h14cai3r\gradle-7.0.2\lib\gradle-launcher-7.0.2.jar
Launcher Type: SUN_STANDARD

[Global flags]
     intx CICompilerCount                          = 4                                         {product} {ergonomic}
     uint ConcGCThreads                            = 2                                         {product} {ergonomic}
     uint G1ConcRefinementThreads                  = 8                                         {product} {ergonomic}
   size_t G1HeapRegionSize                         = 1048576                                   {product} {ergonomic}
    uintx GCDrainStackTargetSize                   = 64                                        {product} {ergonomic}
   size_t InitialHeapSize                          = 266338304                                 {product} {ergonomic}
   size_t MarkStackSize                            = 4194304                                   {product} {ergonomic}
   size_t MaxHeapSize                              = 2147483648                                {product} {command line}
   size_t MaxNewSize                               = 1287651328                                {product} {ergonomic}
   size_t MinHeapDeltaBytes                        = 1048576                                   {product} {ergonomic}
    uintx NonNMethodCodeHeapSize                   = 5836300                                {pd product} {ergonomic}
    uintx NonProfiledCodeHeapSize                  = 122910970                              {pd product} {ergonomic}
    uintx ProfiledCodeHeapSize                     = 122910970                              {pd product} {ergonomic}
    uintx ReservedCodeCacheSize                    = 251658240                              {pd product} {ergonomic}
     bool SegmentedCodeCache                       = true                                      {product} {ergonomic}
     bool UseCompressedClassPointers               = true                                 {lp64_product} {ergonomic}
     bool UseCompressedOops                        = true                                 {lp64_product} {ergonomic}
     bool UseG1GC                                  = true                                      {product} {ergonomic}
     bool UseLargePagesIndividualAllocation        = false                                  {pd product} {ergonomic}

Logging:
Log output configuration:
 #0: stdout all=warning uptime,level,tags
 #1: stderr all=off uptime,level,tags

Environment Variables:
JAVA_HOME=C:\Program Files\Java\jre1.8.0_311\bin
PATH=C:\Program Files (x86)\Common Files\Oracle\Java\javapath;C:\Windows\system32;C:\Windows;C:\Windows\System32\Wbem;C:\Windows\System32\WindowsPowerShell\v1.0\;C:\Windows\System32\OpenSSH\;C:\Program Files\Microsoft SQL Server\Client SDK\ODBC\170\Tools\Binn\;C:\Program Files (x86)\Microsoft SQL Server\150\Tools\Binn\;C:\Program Files\Microsoft SQL Server\150\Tools\Binn\;C:\Program Files\Microsoft SQL Server\150\DTS\Binn\;C:\Program Files (x86)\Microsoft SQL Server\150\DTS\Binn\;C:\Program Files\Azure Data Studio\bin;C:\Program Files\Microsoft SQL Server\130\Tools\Binn\;C:\Program Files\SourceGear\Common\DiffMerge\;C:\Program Files\Microsoft SQL Server\110\Tools\Binn\;C:\Program Files\dotnet\;C:\Program Files\nodejs\;C:\Program Files\Git\cmd;C:\Program Files\MySQL\MySQL Shell 8.0\bin\;C:\Program Files\Java\jdk-11.0.10\bin;C:\Users\ShadiZidan\AppData\Local\Android\android-sdk-hp\platform-tools;C:\Program Files\Azure Data Studio\bin;C:\Users\ShadiZidan\.dotnet\tools;C:\Users\ShadiZidan\AppData\Local\Programs\Microsoft VS Code\bin;C:\Users\ShadiZidan\AppData\Roaming\npm;C:\Users\ShadiZidan\AppData\Local\Android\android-sdk\tools;C:\Users\ShadiZidan\Desktop\apache-ant-1.10.12\bin;C:\Program Files\Java\jre1.8.0_311\bin;C:\Users\ShadiZidan\AppData\Local\GitHubDesktop\bin
USERNAME=ShadiZidan
OS=Windows_NT
PROCESSOR_IDENTIFIER=Intel64 Family 6 Model 142 Stepping 12, GenuineIntel



---------------  S Y S T E M  ---------------

OS: Windows 10 , 64 bit Build 19041 (10.0.19041.1466)
OS uptime: 14 days 6:56 hours

CPU:total 8 (initial active 8) (4 cores per cpu, 2 threads per core) family 6 model 142 stepping 12 microcode 0xd6, cmov, cx8, fxsr, mmx, sse, sse2, sse3, ssse3, sse4.1, sse4.2, popcnt, avx, avx2, aes, clmul, erms, 3dnowpref, lzcnt, ht, tsc, tscinvbit, bmi1, bmi2, adx, fma

Memory: 4k page, system-wide physical 16140M (3475M free)
TotalPageFile size 19140M (AvailPageFile size 146M)
current process WorkingSet (physical memory assigned to process): 712M, peak: 712M
current process commit charge ("private bytes"): 779M, peak: 1025M

vm_info: OpenJDK 64-Bit Server VM (11.0.11+9-b60-7590822) for windows-amd64 JRE (11.0.11+9-b60-7590822), built on Jul 29 2021 21:43:44 by "builder" with MS VC++ 14.0 (VS2015)

END.
