#
# There is insufficient memory for the Java Runtime Environment to continue.
# Native memory allocation (mmap) failed to map 257949696 bytes for Failed to commit area from 0x0000000097d00000 to 0x00000000a7300000 of length 257949696.
# Possible reasons:
#   The system is out of physical RAM or swap space
#   The process is running with CompressedOops enabled, and the Java Heap may be blocking the growth of the native heap
# Possible solutions:
#   Reduce memory load on the system
#   Increase physical memory or swap space
#   Check if swap backing store is full
#   Decrease Java heap size (-Xmx/-Xms)
#   Decrease number of Java threads
#   Decrease Java thread stack sizes (-Xss)
#   Set larger code cache with -XX:ReservedCodeCacheSize=
#   JVM is running with Unscaled Compressed Oops mode in which the Java heap is
#     placed in the first 4GB address space. The Java Heap base address is the
#     maximum limit for the native heap growth. Please use -XX:HeapBaseMinAddress
#     to set the Java Heap base and to place the Java Heap above 4GB virtual address.
# This output file may be truncated or incomplete.
#
#  Out of Memory Error (./src/hotspot/os/windows/os_windows.cpp:3301), pid=3588, tid=15596
#
# JRE version: OpenJDK Runtime Environment (11.0.11+9) (build 11.0.11+9-b60-7590822)
# Java VM: OpenJDK 64-Bit Server VM (11.0.11+9-b60-7590822, mixed mode, tiered, compressed oops, g1 gc, windows-amd64)
# No core dump will be written. Minidumps are not enabled by default on client versions of Windows
#

---------------  S U M M A R Y ------------

Command Line: --add-opens=java.base/java.util=ALL-UNNAMED --add-opens=java.base/java.lang=ALL-UNNAMED --add-opens=java.base/java.lang.invoke=ALL-UNNAMED --add-opens=java.base/java.util=ALL-UNNAMED --add-opens=java.prefs/java.util.prefs=ALL-UNNAMED --add-opens=java.prefs/java.util.prefs=ALL-UNNAMED --add-opens=java.base/java.nio.charset=ALL-UNNAMED --add-opens=java.base/java.net=ALL-UNNAMED --add-opens=java.base/java.util.concurrent.atomic=ALL-UNNAMED -Xmx2048m -Dfile.encoding=UTF-8 -Duser.country=US -Duser.language=en -Duser.variant org.gradle.launcher.daemon.bootstrap.GradleDaemon 7.0.2

Host: Intel(R) Core(TM) i7-10510U CPU @ 1.80GHz, 8 cores, 15G,  Windows 10 , 64 bit Build 19041 (10.0.19041.1466)
Time: Mon Feb 28 15:57:36 2022 Jerusalem Standard Time elapsed time: 32.088044 seconds (0d 0h 0m 32s)

---------------  T H R E A D  ---------------

Current thread (0x000002159c91e800):  VMThread "VM Thread" [stack: 0x00000038f1b00000,0x00000038f1c00000] [id=15596]

Stack: [0x00000038f1b00000,0x00000038f1c00000]
[error occurred during error reporting (printing stack bounds), id 0xc0000005, EXCEPTION_ACCESS_VIOLATION (0xc0000005) at pc=0x0000021585f60f2d]

Native frames: (J=compiled Java code, j=interpreted, Vv=VM code, C=native code)
V  [jvm.dll+0x5f214a]
V  [jvm.dll+0x726fb5]
V  [jvm.dll+0x7285cd]
V  [jvm.dll+0x728be5]
V  [jvm.dll+0x728b9b]
V  [jvm.dll+0x5f14e8]
V  [jvm.dll+0x5f1c78]
C  [ntdll.dll+0xa20cf]
C  [ntdll.dll+0x51454]
C  [ntdll.dll+0xa0bfe]
C  0x0000021585f60f2d

VM_Operation (0x00000038f52f9500): G1CollectForAllocation, mode: safepoint, requested by thread 0x00000215a0a1d800


---------------  P R O C E S S  ---------------

Threads class SMR info:
_java_thread_list=0x00000215b2e4f880, length=62, elements={
0x0000021582463000, 0x000002159d154000, 0x000002159d157000, 0x000002159d178000,
0x000002159d179000, 0x000002159d17a800, 0x000002159d17e800, 0x000002159d1d3000,
0x000002159d1d6000, 0x000002159d34f000, 0x000002159ebb4800, 0x000002159d3ea000,
0x000002159f48c800, 0x000002159fa22000, 0x00000215a02b8000, 0x00000215a0994800,
0x00000215a0991000, 0x00000215a0992000, 0x00000215a0993800, 0x00000215a0995000,
0x00000215a098f800, 0x00000215a0996000, 0x00000215a0a10800, 0x00000215a0a15000,
0x00000215a0a14800, 0x00000215a0a17000, 0x00000215a0a11000, 0x00000215a0a13800,
0x00000215a0a18800, 0x00000215a0a1a000, 0x00000215a2c83000, 0x00000215a2c85000,
0x00000215a2c7f000, 0x00000215a2c80000, 0x00000215a2c86800, 0x00000215a2c80800,
0x00000215a2c87800, 0x00000215a2c81800, 0x00000215a2c82800, 0x00000215a2c8d000,
0x00000215a2c8c000, 0x00000215a2c8e000, 0x00000215a0a16000, 0x00000215a0a17800,
0x00000215a0a12000, 0x00000215a0a1d800, 0x00000215a0a1c800, 0x00000215a0a1f000,
0x00000215a0a19800, 0x00000215a0a1b000, 0x00000215a0993000, 0x00000215a0990800,
0x00000215a64d6000, 0x00000215a64db000, 0x00000215a64d5000, 0x00000215a64dc800,
0x00000215a64d8800, 0x00000215a64d9000, 0x00000215a64db800, 0x00000215a64d7000,
0x00000215a64da000, 0x00000215a64e2000
}

Java Threads: ( => current thread )
  0x0000021582463000 JavaThread "main" [_thread_blocked, id=18576, stack(0x00000038f1500000,0x00000038f1600000)]
  0x000002159d154000 JavaThread "Reference Handler" daemon [_thread_blocked, id=20232, stack(0x00000038f1c00000,0x00000038f1d00000)]
  0x000002159d157000 JavaThread "Finalizer" daemon [_thread_blocked, id=1312, stack(0x00000038f1d00000,0x00000038f1e00000)]
  0x000002159d178000 JavaThread "Signal Dispatcher" daemon [_thread_blocked, id=31380, stack(0x00000038f1e00000,0x00000038f1f00000)]
  0x000002159d179000 JavaThread "Attach Listener" daemon [_thread_blocked, id=17284, stack(0x00000038f1f00000,0x00000038f2000000)]
  0x000002159d17a800 JavaThread "Service Thread" daemon [_thread_blocked, id=20208, stack(0x00000038f2000000,0x00000038f2100000)]
  0x000002159d17e800 JavaThread "C2 CompilerThread0" daemon [_thread_in_native, id=33596, stack(0x00000038f2100000,0x00000038f2200000)]
  0x000002159d1d3000 JavaThread "C1 CompilerThread0" daemon [_thread_blocked, id=30224, stack(0x00000038f2200000,0x00000038f2300000)]
  0x000002159d1d6000 JavaThread "Sweeper thread" daemon [_thread_blocked, id=36836, stack(0x00000038f2300000,0x00000038f2400000)]
  0x000002159d34f000 JavaThread "Common-Cleaner" daemon [_thread_blocked, id=14152, stack(0x00000038f2400000,0x00000038f2500000)]
  0x000002159ebb4800 JavaThread "Daemon health stats" [_thread_blocked, id=2352, stack(0x00000038f2d00000,0x00000038f2e00000)]
  0x000002159d3ea000 JavaThread "Incoming local TCP Connector on port 57419" [_thread_in_native, id=17784, stack(0x00000038f2600000,0x00000038f2700000)]
  0x000002159f48c800 JavaThread "Daemon periodic checks" [_thread_blocked, id=8680, stack(0x00000038f2c00000,0x00000038f2d00000)]
  0x000002159fa22000 JavaThread "Daemon" [_thread_blocked, id=11960, stack(0x00000038f2e00000,0x00000038f2f00000)]
  0x00000215a02b8000 JavaThread "Daemon worker" [_thread_blocked, id=13892, stack(0x00000038f3100000,0x00000038f3200000)]
  0x00000215a0994800 JavaThread "Cache worker for file hash cache (C:\Users\ShadiZidan\.gradle\caches\7.0.2\fileHashes)" [_thread_blocked, id=20308, stack(0x00000038f3600000,0x00000038f3700000)]
  0x00000215a0991000 JavaThread "File lock request listener" [_thread_in_native, id=10632, stack(0x00000038f3700000,0x00000038f3800000)]
  0x00000215a0992000 JavaThread "Cache worker for journal cache (C:\Users\ShadiZidan\.gradle\caches\journal-1)" [_thread_blocked, id=21932, stack(0x00000038f3b00000,0x00000038f3c00000)]
  0x00000215a0993800 JavaThread "File watcher server" daemon [_thread_blocked, id=13560, stack(0x00000038f3d00000,0x00000038f3e00000)]
  0x00000215a0995000 JavaThread "File watcher consumer" daemon [_thread_blocked, id=30876, stack(0x00000038f3e00000,0x00000038f3f00000)]
  0x00000215a098f800 JavaThread "jar transforms" [_thread_blocked, id=36196, stack(0x00000038f3f00000,0x00000038f4000000)]
  0x00000215a0996000 JavaThread "jar transforms Thread 2" [_thread_blocked, id=35444, stack(0x00000038f4000000,0x00000038f4100000)]
  0x00000215a0a10800 JavaThread "jar transforms Thread 3" [_thread_blocked, id=10848, stack(0x00000038f4100000,0x00000038f4200000)]
  0x00000215a0a15000 JavaThread "jar transforms Thread 4" [_thread_blocked, id=12500, stack(0x00000038f4200000,0x00000038f4300000)]
  0x00000215a0a14800 JavaThread "jar transforms Thread 5" [_thread_blocked, id=35096, stack(0x00000038f4300000,0x00000038f4400000)]
  0x00000215a0a17000 JavaThread "jar transforms Thread 6" [_thread_blocked, id=29128, stack(0x00000038f4400000,0x00000038f4500000)]
  0x00000215a0a11000 JavaThread "jar transforms Thread 7" [_thread_blocked, id=35264, stack(0x00000038f4500000,0x00000038f4600000)]
  0x00000215a0a13800 JavaThread "jar transforms Thread 8" [_thread_blocked, id=32544, stack(0x00000038f4600000,0x00000038f4700000)]
  0x00000215a0a18800 JavaThread "Cache worker for execution history cache (C:\Users\ShadiZidan\.gradle\caches\7.0.2\executionHistory)" [_thread_blocked, id=31900, stack(0x00000038f4b00000,0x00000038f4c00000)]
  0x00000215a0a1a000 JavaThread "Cache worker for file content cache (C:\Users\ShadiZidan\.gradle\caches\7.0.2\fileContent)" [_thread_blocked, id=31548, stack(0x00000038f4c00000,0x00000038f4d00000)]
  0x00000215a2c83000 JavaThread "Memory manager" [_thread_blocked, id=17644, stack(0x00000038f5900000,0x00000038f5a00000)]
  0x00000215a2c85000 JavaThread "Handler for socket connection from /127.0.0.1:57419 to /127.0.0.1:56924" [_thread_in_native, id=34164, stack(0x00000038f2f00000,0x00000038f3000000)]
  0x00000215a2c7f000 JavaThread "Cancel handler" [_thread_blocked, id=33844, stack(0x00000038f3000000,0x00000038f3100000)]
  0x00000215a2c80000 JavaThread "Asynchronous log dispatcher for DefaultDaemonConnection: socket connection from /127.0.0.1:57419 to /127.0.0.1:56924" [_thread_blocked, id=31024, stack(0x00000038f3200000,0x00000038f3300000)]
  0x00000215a2c86800 JavaThread "Stdin handler" [_thread_blocked, id=36108, stack(0x00000038f3300000,0x00000038f3400000)]
  0x00000215a2c80800 JavaThread "Daemon client event forwarder" [_thread_blocked, id=8804, stack(0x00000038f3400000,0x00000038f3500000)]
  0x00000215a2c87800 JavaThread "Cache worker for file hash cache (C:\Users\ShadiZidan\Desktop\nuwrss\.gradle\7.0.2\fileHashes)" [_thread_blocked, id=16328, stack(0x00000038f3500000,0x00000038f3600000)]
  0x00000215a2c81800 JavaThread "Cache worker for checksums cache (C:\Users\ShadiZidan\Desktop\nuwrss\.gradle\checksums)" [_thread_blocked, id=28252, stack(0x00000038f3c00000,0x00000038f3d00000)]
  0x00000215a2c82800 JavaThread "Cache worker for cache directory md-supplier (C:\Users\ShadiZidan\.gradle\caches\7.0.2\md-supplier)" [_thread_blocked, id=26764, stack(0x00000038f4700000,0x00000038f4800000)]
  0x00000215a2c8d000 JavaThread "Cache worker for cache directory md-rule (C:\Users\ShadiZidan\.gradle\caches\7.0.2\md-rule)" [_thread_blocked, id=30368, stack(0x00000038f4800000,0x00000038f4900000)]
  0x00000215a2c8c000 JavaThread "Cache worker for dependencies-accessors (C:\Users\ShadiZidan\Desktop\nuwrss\.gradle\7.0.2\dependencies-accessors)" [_thread_blocked, id=31412, stack(0x00000038f4900000,0x00000038f4a00000)]
  0x00000215a2c8e000 JavaThread "Cache worker for Build Output Cleanup Cache (C:\Users\ShadiZidan\Desktop\nuwrss\.gradle\buildOutputCleanup)" [_thread_blocked, id=14308, stack(0x00000038f4d00000,0x00000038f4e00000)]
  0x00000215a0a16000 JavaThread "Build operations" [_thread_blocked, id=10436, stack(0x00000038f4f00000,0x00000038f5000000)]
  0x00000215a0a17800 JavaThread "Build operations Thread 2" [_thread_blocked, id=13540, stack(0x00000038f5000000,0x00000038f5100000)]
  0x00000215a0a12000 JavaThread "Build operations Thread 3" [_thread_blocked, id=28772, stack(0x00000038f5100000,0x00000038f5200000)]
  0x00000215a0a1d800 JavaThread "Build operations Thread 4" [_thread_blocked, id=35868, stack(0x00000038f5200000,0x00000038f5300000)]
  0x00000215a0a1c800 JavaThread "Build operations Thread 5" [_thread_blocked, id=24140, stack(0x00000038f5300000,0x00000038f5400000)]
  0x00000215a0a1f000 JavaThread "Build operations Thread 6" [_thread_blocked, id=28968, stack(0x00000038f5400000,0x00000038f5500000)]
  0x00000215a0a19800 JavaThread "Build operations Thread 7" [_thread_blocked, id=35632, stack(0x00000038f5500000,0x00000038f5600000)]
  0x00000215a0a1b000 JavaThread "Build operations Thread 8" [_thread_blocked, id=13900, stack(0x00000038f5600000,0x00000038f5700000)]
  0x00000215a0993000 JavaThread "build event listener" [_thread_blocked, id=28804, stack(0x00000038f5b00000,0x00000038f5c00000)]
  0x00000215a0990800 JavaThread "Execution worker for ':'" [_thread_blocked, id=19552, stack(0x00000038f5c00000,0x00000038f5d00000)]
  0x00000215a64d6000 JavaThread "Execution worker for ':' Thread 2" [_thread_blocked, id=9448, stack(0x00000038f5d00000,0x00000038f5e00000)]
  0x00000215a64db000 JavaThread "Execution worker for ':' Thread 3" [_thread_blocked, id=18756, stack(0x00000038f5e00000,0x00000038f5f00000)]
  0x00000215a64d5000 JavaThread "Execution worker for ':' Thread 4" [_thread_blocked, id=7520, stack(0x00000038f5f00000,0x00000038f6000000)]
  0x00000215a64dc800 JavaThread "Execution worker for ':' Thread 5" [_thread_blocked, id=32972, stack(0x00000038f6000000,0x00000038f6100000)]
  0x00000215a64d8800 JavaThread "Execution worker for ':' Thread 6" [_thread_blocked, id=19972, stack(0x00000038f6100000,0x00000038f6200000)]
  0x00000215a64d9000 JavaThread "Execution worker for ':' Thread 7" [_thread_blocked, id=36456, stack(0x00000038f6200000,0x00000038f6300000)]
  0x00000215a64db800 JavaThread "Cache worker for execution history cache (C:\Users\ShadiZidan\Desktop\nuwrss\.gradle\7.0.2\executionHistory)" [_thread_blocked, id=36288, stack(0x00000038f6300000,0x00000038f6400000)]
  0x00000215a64d7000 JavaThread "WorkerExecutor Queue" [_thread_blocked, id=27176, stack(0x00000038f6400000,0x00000038f6500000)]
  0x00000215a64da000 JavaThread "C2 CompilerThread1" daemon [_thread_in_native, id=30124, stack(0x00000038f4a00000,0x00000038f4b00000)]
  0x00000215a64e2000 JavaThread "C2 CompilerThread2" daemon [_thread_blocked, id=31576, stack(0x00000038f4e00000,0x00000038f4f00000)]

Other Threads:
=>0x000002159c91e800 VMThread "VM Thread" [stack: 0x00000038f1b00000,0x00000038f1c00000] [id=15596]
  0x000002159d36f000 WatcherThread [stack: 0x00000038f2500000,0x00000038f2600000] [id=23256]
  0x000002158247c000 GCTaskThread "GC Thread#0" [stack: 0x00000038f1600000,0x00000038f1700000] [id=29784]
  0x000002159df5b000 GCTaskThread "GC Thread#1" [stack: 0x00000038f2700000,0x00000038f2800000] [id=20280]
  0x000002159dba4800 GCTaskThread "GC Thread#2" [stack: 0x00000038f2800000,0x00000038f2900000] [id=18232]
  0x000002159d930800 GCTaskThread "GC Thread#3" [stack: 0x00000038f2900000,0x00000038f2a00000] [id=30760]
  0x000002159e378000 GCTaskThread "GC Thread#4" [stack: 0x00000038f2a00000,0x00000038f2b00000] [id=6812]
  0x000002159e379000 GCTaskThread "GC Thread#5" [stack: 0x00000038f2b00000,0x00000038f2c00000] [id=11436]
  0x000002159f8ee800 GCTaskThread "GC Thread#6" [stack: 0x00000038f3800000,0x00000038f3900000] [id=30448]
  0x000002159dd55800 GCTaskThread "GC Thread#7" [stack: 0x00000038f3900000,0x00000038f3a00000] [id=26672]
  0x00000215824b0000 ConcurrentGCThread "G1 Main Marker" [stack: 0x00000038f1700000,0x00000038f1800000] [id=16232]
  0x00000215824b3000 ConcurrentGCThread "G1 Conc#0" [stack: 0x00000038f1800000,0x00000038f1900000] [id=34924]
  0x000002159d6a2000 ConcurrentGCThread "G1 Conc#1" [stack: 0x00000038f3a00000,0x00000038f3b00000] [id=27104]
  0x000002158253e800 ConcurrentGCThread "G1 Refine#0" [stack: 0x00000038f1900000,0x00000038f1a00000] [id=10384]
  0x00000215a2c21800 ConcurrentGCThread "G1 Refine#1" [stack: 0x00000038f5700000,0x00000038f5800000] [id=25344]
  0x00000215a2c20000 ConcurrentGCThread "G1 Refine#2" [stack: 0x00000038f5800000,0x00000038f5900000] [id=29852]
  0x000002159c7a2800 ConcurrentGCThread "G1 Young RemSet Sampling" [stack: 0x00000038f1a00000,0x00000038f1b00000] [id=16524]

Threads with active compile tasks:
C2 CompilerThread0  32098 19279 %     4       com.android.tools.r8.internal.U6::a @ 2246 (6044 bytes)
C1 CompilerThread0  32098 20468 %     3       com.android.tools.r8.ir.regalloc.a::a @ 1405 (3985 bytes)
C2 CompilerThread1  32098 19459       4       com.android.tools.r8.internal.U6::a (4191 bytes)
C2 CompilerThread2  32098 19307       4       com.android.tools.r8.graph.A0::e (29 bytes)

VM state:at safepoint (normal execution)

VM Mutex/Monitor currently owned by a thread:  ([mutex/lock_event])
[0x000002158245fdc0] Threads_lock - owner thread: 0x000002159c91e800
[0x00000215824606c0] Heap_lock - owner thread: 0x00000215a0a1d800

Heap address: 0x0000000080000000, size: 2048 MB, Compressed Oops mode: 32-bit
Narrow klass base: 0x0000000000000000, Narrow klass shift: 3
Compressed class space size: 1073741824 Address: 0x0000000100000000

Heap:
 garbage-first heap   total 642048K, used 269539K [0x0000000080000000, 0x0000000100000000)
  region size 1024K, 5 young (5120K), 5 survivors (5120K)
 Metaspace       used 135825K, capacity 139424K, committed 139632K, reserved 1171456K
  class space    used 17099K, capacity 18433K, committed 18560K, reserved 1048576K
Heap Regions: E=young(eden), S=young(survivor), O=old, HS=humongous(starts), HC=humongous(continues), CS=collection set, F=free, A=archive, TAMS=top-at-mark-start (previous, next)
|   0|0x0000000080000000, 0x0000000080100000, 0x0000000080100000|100%| O|  |TAMS 0x0000000080100000, 0x0000000080000000| Untracked 
|   1|0x0000000080100000, 0x0000000080200000, 0x0000000080200000|100%| O|  |TAMS 0x0000000080200000, 0x0000000080100000| Untracked 
|   2|0x0000000080200000, 0x0000000080300000, 0x0000000080300000|100%| O|  |TAMS 0x0000000080300000, 0x0000000080200000| Untracked 
|   3|0x0000000080300000, 0x0000000080400000, 0x0000000080400000|100%|HS|  |TAMS 0x0000000080400000, 0x0000000080300000| Complete 
|   4|0x0000000080400000, 0x0000000080500000, 0x0000000080500000|100%|HC|  |TAMS 0x0000000080500000, 0x0000000080400000| Complete 
|   5|0x0000000080500000, 0x0000000080600000, 0x0000000080600000|100%|HC|  |TAMS 0x0000000080600000, 0x0000000080500000| Complete 
|   6|0x0000000080600000, 0x0000000080700000, 0x0000000080700000|100%| O|  |TAMS 0x0000000080700000, 0x0000000080600000| Untracked 
|   7|0x0000000080700000, 0x0000000080800000, 0x0000000080800000|100%| O|  |TAMS 0x0000000080800000, 0x0000000080700000| Untracked 
|   8|0x0000000080800000, 0x0000000080900000, 0x0000000080900000|100%| O|  |TAMS 0x0000000080900000, 0x0000000080800000| Complete 
|   9|0x0000000080900000, 0x0000000080a00000, 0x0000000080a00000|100%| O|  |TAMS 0x0000000080a00000, 0x0000000080900000| Untracked 
|  10|0x0000000080a00000, 0x0000000080b00000, 0x0000000080b00000|100%| O|  |TAMS 0x0000000080b00000, 0x0000000080a00000| Complete 
|  11|0x0000000080b00000, 0x0000000080c00000, 0x0000000080c00000|100%| O|  |TAMS 0x0000000080c00000, 0x0000000080b00000| Untracked 
|  12|0x0000000080c00000, 0x0000000080d00000, 0x0000000080d00000|100%| O|  |TAMS 0x0000000080d00000, 0x0000000080c00000| Untracked 
|  13|0x0000000080d00000, 0x0000000080e00000, 0x0000000080e00000|100%| O|  |TAMS 0x0000000080e00000, 0x0000000080d00000| Untracked 
|  14|0x0000000080e00000, 0x0000000080f00000, 0x0000000080f00000|100%| O|  |TAMS 0x0000000080f00000, 0x0000000080e00000| Untracked 
|  15|0x0000000080f00000, 0x0000000081000000, 0x0000000081000000|100%| O|  |TAMS 0x0000000081000000, 0x0000000080f00000| Untracked 
|  16|0x0000000081000000, 0x0000000081100000, 0x0000000081100000|100%| O|  |TAMS 0x0000000081100000, 0x0000000081000000| Complete 
|  17|0x0000000081100000, 0x0000000081200000, 0x0000000081200000|100%|HS|  |TAMS 0x0000000081200000, 0x0000000081100000| Complete 
|  18|0x0000000081200000, 0x0000000081300000, 0x0000000081300000|100%|HC|  |TAMS 0x0000000081300000, 0x0000000081200000| Complete 
|  19|0x0000000081300000, 0x0000000081400000, 0x0000000081400000|100%|HS|  |TAMS 0x0000000081400000, 0x0000000081300000| Complete 
|  20|0x0000000081400000, 0x0000000081500000, 0x0000000081500000|100%|HC|  |TAMS 0x0000000081500000, 0x0000000081400000| Complete 
|  21|0x0000000081500000, 0x0000000081600000, 0x0000000081600000|100%|HC|  |TAMS 0x0000000081600000, 0x0000000081500000| Complete 
|  22|0x0000000081600000, 0x0000000081700000, 0x0000000081700000|100%|HS|  |TAMS 0x0000000081700000, 0x0000000081600000| Complete 
|  23|0x0000000081700000, 0x0000000081800000, 0x0000000081800000|100%|HC|  |TAMS 0x0000000081800000, 0x0000000081700000| Complete 
|  24|0x0000000081800000, 0x0000000081900000, 0x0000000081900000|100%|HC|  |TAMS 0x0000000081900000, 0x0000000081800000| Complete 
|  25|0x0000000081900000, 0x0000000081a00000, 0x0000000081a00000|100%|HC|  |TAMS 0x0000000081a00000, 0x0000000081900000| Complete 
|  26|0x0000000081a00000, 0x0000000081b00000, 0x0000000081b00000|100%|HS|  |TAMS 0x0000000081b00000, 0x0000000081a00000| Complete 
|  27|0x0000000081b00000, 0x0000000081c00000, 0x0000000081c00000|100%|HS|  |TAMS 0x0000000081c00000, 0x0000000081b00000| Complete 
|  28|0x0000000081c00000, 0x0000000081d00000, 0x0000000081d00000|100%|HS|  |TAMS 0x0000000081d00000, 0x0000000081c00000| Complete 
|  29|0x0000000081d00000, 0x0000000081e00000, 0x0000000081e00000|100%|HS|  |TAMS 0x0000000081e00000, 0x0000000081d00000| Complete 
|  30|0x0000000081e00000, 0x0000000081f00000, 0x0000000081f00000|100%|HC|  |TAMS 0x0000000081f00000, 0x0000000081e00000| Complete 
|  31|0x0000000081f00000, 0x0000000082000000, 0x0000000082000000|100%|HC|  |TAMS 0x0000000082000000, 0x0000000081f00000| Complete 
|  32|0x0000000082000000, 0x0000000082100000, 0x0000000082100000|100%|HS|  |TAMS 0x0000000082100000, 0x0000000082000000| Complete 
|  33|0x0000000082100000, 0x0000000082200000, 0x0000000082200000|100%|HC|  |TAMS 0x0000000082200000, 0x0000000082100000| Complete 
|  34|0x0000000082200000, 0x0000000082300000, 0x0000000082300000|100%|HC|  |TAMS 0x0000000082300000, 0x0000000082200000| Complete 
|  35|0x0000000082300000, 0x0000000082400000, 0x0000000082400000|100%|HC|  |TAMS 0x0000000082400000, 0x0000000082300000| Complete 
|  36|0x0000000082400000, 0x0000000082500000, 0x0000000082500000|100%|HS|  |TAMS 0x0000000082500000, 0x0000000082400000| Complete 
|  37|0x0000000082500000, 0x0000000082600000, 0x0000000082600000|100%|HC|  |TAMS 0x0000000082600000, 0x0000000082500000| Complete 
|  38|0x0000000082600000, 0x0000000082700000, 0x0000000082700000|100%|HC|  |TAMS 0x0000000082700000, 0x0000000082600000| Complete 
|  39|0x0000000082700000, 0x0000000082800000, 0x0000000082800000|100%|HS|  |TAMS 0x0000000082800000, 0x0000000082700000| Complete 
|  40|0x0000000082800000, 0x0000000082900000, 0x0000000082900000|100%|HC|  |TAMS 0x0000000082900000, 0x0000000082800000| Complete 
|  41|0x0000000082900000, 0x0000000082a00000, 0x0000000082a00000|100%| O|  |TAMS 0x0000000082a00000, 0x0000000082900000| Untracked 
|  42|0x0000000082a00000, 0x0000000082b00000, 0x0000000082b00000|100%| O|  |TAMS 0x0000000082b00000, 0x0000000082a00000| Untracked 
|  43|0x0000000082b00000, 0x0000000082c00000, 0x0000000082c00000|100%| O|  |TAMS 0x0000000082c00000, 0x0000000082b00000| Untracked 
|  44|0x0000000082c00000, 0x0000000082d00000, 0x0000000082d00000|100%| O|  |TAMS 0x0000000082d00000, 0x0000000082c00000| Untracked 
|  45|0x0000000082d00000, 0x0000000082e00000, 0x0000000082e00000|100%| O|  |TAMS 0x0000000082e00000, 0x0000000082d00000| Untracked 
|  46|0x0000000082e00000, 0x0000000082f00000, 0x0000000082f00000|100%| O|  |TAMS 0x0000000082f00000, 0x0000000082e00000| Untracked 
|  47|0x0000000082f00000, 0x0000000083000000, 0x0000000083000000|100%| O|  |TAMS 0x0000000083000000, 0x0000000082f00000| Complete 
|  48|0x0000000083000000, 0x0000000083100000, 0x0000000083100000|100%| O|  |TAMS 0x0000000083100000, 0x0000000083000000| Complete 
|  49|0x0000000083100000, 0x0000000083200000, 0x0000000083200000|100%| O|  |TAMS 0x0000000083200000, 0x0000000083100000| Complete 
|  50|0x0000000083200000, 0x0000000083300000, 0x0000000083300000|100%| O|  |TAMS 0x0000000083300000, 0x0000000083200000| Untracked 
|  51|0x0000000083300000, 0x0000000083400000, 0x0000000083400000|100%| O|  |TAMS 0x0000000083400000, 0x0000000083300000| Untracked 
|  52|0x0000000083400000, 0x0000000083500000, 0x0000000083500000|100%| O|  |TAMS 0x0000000083500000, 0x0000000083400000| Untracked 
|  53|0x0000000083500000, 0x0000000083600000, 0x0000000083600000|100%| O|  |TAMS 0x0000000083600000, 0x0000000083500000| Untracked 
|  54|0x0000000083600000, 0x0000000083700000, 0x0000000083700000|100%| O|  |TAMS 0x0000000083700000, 0x0000000083600000| Untracked 
|  55|0x0000000083700000, 0x0000000083800000, 0x0000000083800000|100%| O|  |TAMS 0x0000000083800000, 0x0000000083700000| Untracked 
|  56|0x0000000083800000, 0x0000000083900000, 0x0000000083900000|100%| O|  |TAMS 0x0000000083900000, 0x0000000083800000| Untracked 
|  57|0x0000000083900000, 0x0000000083a00000, 0x0000000083a00000|100%| O|  |TAMS 0x0000000083a00000, 0x0000000083900000| Untracked 
|  58|0x0000000083a00000, 0x0000000083b00000, 0x0000000083b00000|100%| O|  |TAMS 0x0000000083b00000, 0x0000000083a00000| Untracked 
|  59|0x0000000083b00000, 0x0000000083c00000, 0x0000000083c00000|100%| O|  |TAMS 0x0000000083c00000, 0x0000000083b00000| Untracked 
|  60|0x0000000083c00000, 0x0000000083d00000, 0x0000000083d00000|100%| O|  |TAMS 0x0000000083d00000, 0x0000000083c00000| Untracked 
|  61|0x0000000083d00000, 0x0000000083e00000, 0x0000000083e00000|100%| O|  |TAMS 0x0000000083e00000, 0x0000000083d00000| Untracked 
|  62|0x0000000083e00000, 0x0000000083f00000, 0x0000000083f00000|100%| O|  |TAMS 0x0000000083f00000, 0x0000000083e00000| Untracked 
|  63|0x0000000083f00000, 0x0000000084000000, 0x0000000084000000|100%| O|  |TAMS 0x0000000084000000, 0x0000000083f00000| Untracked 
|  64|0x0000000084000000, 0x0000000084100000, 0x0000000084100000|100%| O|  |TAMS 0x0000000084100000, 0x0000000084000000| Untracked 
|  65|0x0000000084100000, 0x0000000084200000, 0x0000000084200000|100%| O|  |TAMS 0x0000000084200000, 0x0000000084100000| Untracked 
|  66|0x0000000084200000, 0x0000000084300000, 0x0000000084300000|100%| O|  |TAMS 0x0000000084300000, 0x0000000084200000| Untracked 
|  67|0x0000000084300000, 0x0000000084400000, 0x0000000084400000|100%| O|  |TAMS 0x0000000084400000, 0x0000000084300000| Complete 
|  68|0x0000000084400000, 0x0000000084500000, 0x0000000084500000|100%| O|  |TAMS 0x0000000084500000, 0x0000000084400000| Complete 
|  69|0x0000000084500000, 0x0000000084600000, 0x0000000084600000|100%|HS|  |TAMS 0x0000000084600000, 0x0000000084500000| Complete 
|  70|0x0000000084600000, 0x0000000084700000, 0x0000000084700000|100%|HC|  |TAMS 0x0000000084700000, 0x0000000084600000| Complete 
|  71|0x0000000084700000, 0x0000000084800000, 0x0000000084800000|100%|HS|  |TAMS 0x0000000084800000, 0x0000000084700000| Complete 
|  72|0x0000000084800000, 0x0000000084900000, 0x0000000084900000|100%|HC|  |TAMS 0x0000000084900000, 0x0000000084800000| Complete 
|  73|0x0000000084900000, 0x0000000084a00000, 0x0000000084a00000|100%|HC|  |TAMS 0x0000000084a00000, 0x0000000084900000| Complete 
|  74|0x0000000084a00000, 0x0000000084b00000, 0x0000000084b00000|100%|HS|  |TAMS 0x0000000084b00000, 0x0000000084a00000| Complete 
|  75|0x0000000084b00000, 0x0000000084c00000, 0x0000000084c00000|100%|HC|  |TAMS 0x0000000084c00000, 0x0000000084b00000| Complete 
|  76|0x0000000084c00000, 0x0000000084d00000, 0x0000000084d00000|100%|HC|  |TAMS 0x0000000084d00000, 0x0000000084c00000| Complete 
|  77|0x0000000084d00000, 0x0000000084e00000, 0x0000000084e00000|100%|HC|  |TAMS 0x0000000084e00000, 0x0000000084d00000| Complete 
|  78|0x0000000084e00000, 0x0000000084f00000, 0x0000000084f00000|100%| O|  |TAMS 0x0000000084f00000, 0x0000000084e00000| Untracked 
|  79|0x0000000084f00000, 0x0000000085000000, 0x0000000085000000|100%| O|  |TAMS 0x0000000085000000, 0x0000000084f00000| Untracked 
|  80|0x0000000085000000, 0x0000000085100000, 0x0000000085100000|100%| O|  |TAMS 0x0000000085100000, 0x0000000085000000| Untracked 
|  81|0x0000000085100000, 0x0000000085200000, 0x0000000085200000|100%| O|  |TAMS 0x0000000085200000, 0x0000000085100000| Untracked 
|  82|0x0000000085200000, 0x0000000085300000, 0x0000000085300000|100%| O|  |TAMS 0x0000000085300000, 0x0000000085200000| Untracked 
|  83|0x0000000085300000, 0x0000000085400000, 0x0000000085400000|100%| O|  |TAMS 0x0000000085400000, 0x0000000085300000| Complete 
|  84|0x0000000085400000, 0x0000000085500000, 0x0000000085500000|100%| O|  |TAMS 0x0000000085500000, 0x0000000085400000| Untracked 
|  85|0x0000000085500000, 0x0000000085600000, 0x0000000085600000|100%| O|  |TAMS 0x0000000085600000, 0x0000000085500000| Untracked 
|  86|0x0000000085600000, 0x0000000085700000, 0x0000000085700000|100%| O|  |TAMS 0x0000000085700000, 0x0000000085600000| Untracked 
|  87|0x0000000085700000, 0x0000000085800000, 0x0000000085800000|100%| O|  |TAMS 0x0000000085800000, 0x0000000085700000| Untracked 
|  88|0x0000000085800000, 0x0000000085900000, 0x0000000085900000|100%| O|  |TAMS 0x0000000085900000, 0x0000000085800000| Complete 
|  89|0x0000000085900000, 0x0000000085a00000, 0x0000000085a00000|100%| O|  |TAMS 0x0000000085a00000, 0x0000000085900000| Untracked 
|  90|0x0000000085a00000, 0x0000000085b00000, 0x0000000085b00000|100%| O|  |TAMS 0x0000000085b00000, 0x0000000085a00000| Untracked 
|  91|0x0000000085b00000, 0x0000000085c00000, 0x0000000085c00000|100%| O|  |TAMS 0x0000000085c00000, 0x0000000085b00000| Untracked 
|  92|0x0000000085c00000, 0x0000000085d00000, 0x0000000085d00000|100%| O|  |TAMS 0x0000000085d00000, 0x0000000085c00000| Complete 
|  93|0x0000000085d00000, 0x0000000085e00000, 0x0000000085e00000|100%| O|  |TAMS 0x0000000085e00000, 0x0000000085d00000| Complete 
|  94|0x0000000085e00000, 0x0000000085f00000, 0x0000000085f00000|100%| O|  |TAMS 0x0000000085f00000, 0x0000000085e00000| Untracked 
|  95|0x0000000085f00000, 0x0000000086000000, 0x0000000086000000|100%| O|  |TAMS 0x0000000086000000, 0x0000000085f00000| Untracked 
|  96|0x0000000086000000, 0x0000000086100000, 0x0000000086100000|100%| O|  |TAMS 0x0000000086100000, 0x0000000086000000| Complete 
|  97|0x0000000086100000, 0x0000000086200000, 0x0000000086200000|100%| O|  |TAMS 0x0000000086200000, 0x0000000086100000| Untracked 
|  98|0x0000000086200000, 0x0000000086300000, 0x0000000086300000|100%| O|  |TAMS 0x0000000086300000, 0x0000000086200000| Complete 
|  99|0x0000000086300000, 0x0000000086400000, 0x0000000086400000|100%| O|  |TAMS 0x0000000086400000, 0x0000000086300000| Complete 
| 100|0x0000000086400000, 0x0000000086500000, 0x0000000086500000|100%| O|  |TAMS 0x0000000086500000, 0x0000000086400000| Complete 
| 101|0x0000000086500000, 0x0000000086600000, 0x0000000086600000|100%| O|  |TAMS 0x0000000086600000, 0x0000000086500000| Complete 
| 102|0x0000000086600000, 0x0000000086700000, 0x0000000086700000|100%| O|  |TAMS 0x0000000086700000, 0x0000000086600000| Complete 
| 103|0x0000000086700000, 0x0000000086800000, 0x0000000086800000|100%| O|  |TAMS 0x0000000086800000, 0x0000000086700000| Complete 
| 104|0x0000000086800000, 0x0000000086900000, 0x0000000086900000|100%| O|  |TAMS 0x0000000086900000, 0x0000000086800000| Complete 
| 105|0x0000000086900000, 0x0000000086a00000, 0x0000000086a00000|100%| O|  |TAMS 0x0000000086a00000, 0x0000000086900000| Complete 
| 106|0x0000000086a00000, 0x0000000086b00000, 0x0000000086b00000|100%| O|  |TAMS 0x0000000086b00000, 0x0000000086a00000| Untracked 
| 107|0x0000000086b00000, 0x0000000086c00000, 0x0000000086c00000|100%| O|  |TAMS 0x0000000086c00000, 0x0000000086b00000| Complete 
| 108|0x0000000086c00000, 0x0000000086d00000, 0x0000000086d00000|100%| O|  |TAMS 0x0000000086d00000, 0x0000000086c00000| Complete 
| 109|0x0000000086d00000, 0x0000000086e00000, 0x0000000086e00000|100%| O|  |TAMS 0x0000000086e00000, 0x0000000086d00000| Untracked 
| 110|0x0000000086e00000, 0x0000000086f00000, 0x0000000086f00000|100%| O|  |TAMS 0x0000000086f00000, 0x0000000086e00000| Untracked 
| 111|0x0000000086f00000, 0x0000000087000000, 0x0000000087000000|100%| O|  |TAMS 0x0000000087000000, 0x0000000086f00000| Untracked 
| 112|0x0000000087000000, 0x0000000087100000, 0x0000000087100000|100%| O|  |TAMS 0x0000000087100000, 0x0000000087000000| Complete 
| 113|0x0000000087100000, 0x0000000087200000, 0x0000000087200000|100%| O|  |TAMS 0x0000000087200000, 0x0000000087100000| Complete 
| 114|0x0000000087200000, 0x0000000087300000, 0x0000000087300000|100%| O|  |TAMS 0x0000000087300000, 0x0000000087200000| Complete 
| 115|0x0000000087300000, 0x0000000087400000, 0x0000000087400000|100%| O|  |TAMS 0x0000000087400000, 0x0000000087300000| Complete 
| 116|0x0000000087400000, 0x0000000087500000, 0x0000000087500000|100%| O|  |TAMS 0x0000000087500000, 0x0000000087400000| Complete 
| 117|0x0000000087500000, 0x0000000087600000, 0x0000000087600000|100%| O|  |TAMS 0x0000000087600000, 0x0000000087500000| Complete 
| 118|0x0000000087600000, 0x0000000087700000, 0x0000000087700000|100%| O|  |TAMS 0x0000000087700000, 0x0000000087600000| Complete 
| 119|0x0000000087700000, 0x0000000087800000, 0x0000000087800000|100%| O|  |TAMS 0x0000000087800000, 0x0000000087700000| Complete 
| 120|0x0000000087800000, 0x0000000087900000, 0x0000000087900000|100%| O|  |TAMS 0x0000000087900000, 0x0000000087800000| Complete 
| 121|0x0000000087900000, 0x0000000087a00000, 0x0000000087a00000|100%| O|  |TAMS 0x0000000087a00000, 0x0000000087900000| Complete 
| 122|0x0000000087a00000, 0x0000000087b00000, 0x0000000087b00000|100%| O|  |TAMS 0x0000000087b00000, 0x0000000087a00000| Untracked 
| 123|0x0000000087b00000, 0x0000000087c00000, 0x0000000087c00000|100%| O|  |TAMS 0x0000000087c00000, 0x0000000087b00000| Untracked 
| 124|0x0000000087c00000, 0x0000000087d00000, 0x0000000087d00000|100%| O|  |TAMS 0x0000000087d00000, 0x0000000087c00000| Untracked 
| 125|0x0000000087d00000, 0x0000000087e00000, 0x0000000087e00000|100%| O|  |TAMS 0x0000000087e00000, 0x0000000087d00000| Untracked 
| 126|0x0000000087e00000, 0x0000000087f00000, 0x0000000087f00000|100%| O|  |TAMS 0x0000000087f00000, 0x0000000087e00000| Untracked 
| 127|0x0000000087f00000, 0x0000000088000000, 0x0000000088000000|100%| O|  |TAMS 0x0000000088000000, 0x0000000087f00000| Untracked 
| 128|0x0000000088000000, 0x0000000088100000, 0x0000000088100000|100%|HS|  |TAMS 0x0000000088100000, 0x0000000088000000| Complete 
| 129|0x0000000088100000, 0x0000000088200000, 0x0000000088200000|100%|HC|  |TAMS 0x0000000088200000, 0x0000000088100000| Complete 
| 130|0x0000000088200000, 0x0000000088300000, 0x0000000088300000|100%| O|  |TAMS 0x0000000088300000, 0x0000000088200000| Untracked 
| 131|0x0000000088300000, 0x0000000088400000, 0x0000000088400000|100%| O|  |TAMS 0x0000000088400000, 0x0000000088300000| Untracked 
| 132|0x0000000088400000, 0x0000000088500000, 0x0000000088500000|100%| O|  |TAMS 0x0000000088500000, 0x0000000088400000| Untracked 
| 133|0x0000000088500000, 0x0000000088600000, 0x0000000088600000|100%| O|  |TAMS 0x0000000088600000, 0x0000000088500000| Untracked 
| 134|0x0000000088600000, 0x0000000088700000, 0x0000000088700000|100%| O|  |TAMS 0x0000000088700000, 0x0000000088600000| Complete 
| 135|0x0000000088700000, 0x0000000088800000, 0x0000000088800000|100%| O|  |TAMS 0x0000000088800000, 0x0000000088700000| Untracked 
| 136|0x0000000088800000, 0x0000000088900000, 0x0000000088900000|100%| O|  |TAMS 0x0000000088900000, 0x0000000088800000| Untracked 
| 137|0x0000000088900000, 0x0000000088a00000, 0x0000000088a00000|100%| O|  |TAMS 0x0000000088a00000, 0x0000000088900000| Untracked 
| 138|0x0000000088a00000, 0x0000000088b00000, 0x0000000088b00000|100%| O|  |TAMS 0x0000000088b00000, 0x0000000088a00000| Untracked 
| 139|0x0000000088b00000, 0x0000000088c00000, 0x0000000088c00000|100%| O|  |TAMS 0x0000000088c00000, 0x0000000088b00000| Untracked 
| 140|0x0000000088c00000, 0x0000000088d00000, 0x0000000088d00000|100%| O|  |TAMS 0x0000000088d00000, 0x0000000088c00000| Untracked 
| 141|0x0000000088d00000, 0x0000000088e00000, 0x0000000088e00000|100%| O|  |TAMS 0x0000000088e00000, 0x0000000088d00000| Complete 
| 142|0x0000000088e00000, 0x0000000088f00000, 0x0000000088f00000|100%| O|  |TAMS 0x0000000088f00000, 0x0000000088e00000| Untracked 
| 143|0x0000000088f00000, 0x0000000089000000, 0x0000000089000000|100%| O|  |TAMS 0x0000000089000000, 0x0000000088f00000| Untracked 
| 144|0x0000000089000000, 0x0000000089100000, 0x0000000089100000|100%| O|  |TAMS 0x0000000089100000, 0x0000000089000000| Untracked 
| 145|0x0000000089100000, 0x0000000089200000, 0x0000000089200000|100%| O|  |TAMS 0x0000000089200000, 0x0000000089100000| Complete 
| 146|0x0000000089200000, 0x0000000089300000, 0x0000000089300000|100%| O|  |TAMS 0x0000000089300000, 0x0000000089200000| Untracked 
| 147|0x0000000089300000, 0x0000000089400000, 0x0000000089400000|100%| O|  |TAMS 0x0000000089400000, 0x0000000089300000| Untracked 
| 148|0x0000000089400000, 0x0000000089500000, 0x0000000089500000|100%| O|  |TAMS 0x0000000089500000, 0x0000000089400000| Untracked 
| 149|0x0000000089500000, 0x0000000089600000, 0x0000000089600000|100%| O|  |TAMS 0x0000000089600000, 0x0000000089500000| Untracked 
| 150|0x0000000089600000, 0x0000000089700000, 0x0000000089700000|100%| O|  |TAMS 0x0000000089700000, 0x0000000089600000| Untracked 
| 151|0x0000000089700000, 0x0000000089800000, 0x0000000089800000|100%| O|  |TAMS 0x0000000089800000, 0x0000000089700000| Untracked 
| 152|0x0000000089800000, 0x0000000089900000, 0x0000000089900000|100%| O|  |TAMS 0x0000000089900000, 0x0000000089800000| Untracked 
| 153|0x0000000089900000, 0x0000000089a00000, 0x0000000089a00000|100%| O|  |TAMS 0x0000000089a00000, 0x0000000089900000| Untracked 
| 154|0x0000000089a00000, 0x0000000089b00000, 0x0000000089b00000|100%| O|  |TAMS 0x0000000089b00000, 0x0000000089a00000| Untracked 
| 155|0x0000000089b00000, 0x0000000089c00000, 0x0000000089c00000|100%| O|  |TAMS 0x0000000089c00000, 0x0000000089b00000| Complete 
| 156|0x0000000089c00000, 0x0000000089d00000, 0x0000000089d00000|100%| O|  |TAMS 0x0000000089d00000, 0x0000000089c00000| Complete 
| 157|0x0000000089d00000, 0x0000000089e00000, 0x0000000089e00000|100%| O|  |TAMS 0x0000000089e00000, 0x0000000089d00000| Complete 
| 158|0x0000000089e00000, 0x0000000089f00000, 0x0000000089f00000|100%| O|  |TAMS 0x0000000089f00000, 0x0000000089e00000| Complete 
| 159|0x0000000089f00000, 0x000000008a000000, 0x000000008a000000|100%| O|  |TAMS 0x000000008a000000, 0x0000000089f00000| Complete 
| 160|0x000000008a000000, 0x000000008a100000, 0x000000008a100000|100%| O|  |TAMS 0x000000008a100000, 0x000000008a000000| Complete 
| 161|0x000000008a100000, 0x000000008a200000, 0x000000008a200000|100%| O|  |TAMS 0x000000008a200000, 0x000000008a100000| Complete 
| 162|0x000000008a200000, 0x000000008a300000, 0x000000008a300000|100%| O|  |TAMS 0x000000008a300000, 0x000000008a200000| Complete 
| 163|0x000000008a300000, 0x000000008a400000, 0x000000008a400000|100%| O|  |TAMS 0x000000008a400000, 0x000000008a300000| Complete 
| 164|0x000000008a400000, 0x000000008a500000, 0x000000008a500000|100%| O|  |TAMS 0x000000008a500000, 0x000000008a400000| Complete 
| 165|0x000000008a500000, 0x000000008a600000, 0x000000008a600000|100%| O|  |TAMS 0x000000008a600000, 0x000000008a500000| Complete 
| 166|0x000000008a600000, 0x000000008a700000, 0x000000008a700000|100%| O|  |TAMS 0x000000008a700000, 0x000000008a600000| Complete 
| 167|0x000000008a700000, 0x000000008a800000, 0x000000008a800000|100%| O|  |TAMS 0x000000008a800000, 0x000000008a700000| Complete 
| 168|0x000000008a800000, 0x000000008a900000, 0x000000008a900000|100%| O|  |TAMS 0x000000008a900000, 0x000000008a800000| Untracked 
| 169|0x000000008a900000, 0x000000008aa00000, 0x000000008aa00000|100%| O|  |TAMS 0x000000008aa00000, 0x000000008a900000| Complete 
| 170|0x000000008aa00000, 0x000000008ab00000, 0x000000008ab00000|100%| O|  |TAMS 0x000000008ab00000, 0x000000008aa00000| Complete 
| 171|0x000000008ab00000, 0x000000008ac00000, 0x000000008ac00000|100%| O|  |TAMS 0x000000008ac00000, 0x000000008ab00000| Untracked 
| 172|0x000000008ac00000, 0x000000008ad00000, 0x000000008ad00000|100%| O|  |TAMS 0x000000008ad00000, 0x000000008ac00000| Complete 
| 173|0x000000008ad00000, 0x000000008ae00000, 0x000000008ae00000|100%| O|  |TAMS 0x000000008ae00000, 0x000000008ad00000| Untracked 
| 174|0x000000008ae00000, 0x000000008af00000, 0x000000008af00000|100%| O|  |TAMS 0x000000008af00000, 0x000000008ae00000| Untracked 
| 175|0x000000008af00000, 0x000000008b000000, 0x000000008b000000|100%| O|  |TAMS 0x000000008b000000, 0x000000008af00000| Untracked 
| 176|0x000000008b000000, 0x000000008b100000, 0x000000008b100000|100%| O|  |TAMS 0x000000008b100000, 0x000000008b000000| Untracked 
| 177|0x000000008b100000, 0x000000008b200000, 0x000000008b200000|100%| O|  |TAMS 0x000000008b200000, 0x000000008b100000| Complete 
| 178|0x000000008b200000, 0x000000008b300000, 0x000000008b300000|100%| O|  |TAMS 0x000000008b300000, 0x000000008b200000| Untracked 
| 179|0x000000008b300000, 0x000000008b400000, 0x000000008b400000|100%| O|  |TAMS 0x000000008b400000, 0x000000008b300000| Complete 
| 180|0x000000008b400000, 0x000000008b500000, 0x000000008b500000|100%| O|  |TAMS 0x000000008b500000, 0x000000008b400000| Untracked 
| 181|0x000000008b500000, 0x000000008b600000, 0x000000008b600000|100%| O|  |TAMS 0x000000008b600000, 0x000000008b500000| Untracked 
| 182|0x000000008b600000, 0x000000008b700000, 0x000000008b700000|100%| O|  |TAMS 0x000000008b700000, 0x000000008b600000| Untracked 
| 183|0x000000008b700000, 0x000000008b800000, 0x000000008b800000|100%| O|  |TAMS 0x000000008b800000, 0x000000008b700000| Untracked 
| 184|0x000000008b800000, 0x000000008b900000, 0x000000008b900000|100%| O|  |TAMS 0x000000008b900000, 0x000000008b800000| Untracked 
| 185|0x000000008b900000, 0x000000008ba00000, 0x000000008ba00000|100%| O|  |TAMS 0x000000008ba00000, 0x000000008b900000| Complete 
| 186|0x000000008ba00000, 0x000000008bb00000, 0x000000008bb00000|100%| O|  |TAMS 0x000000008bb00000, 0x000000008ba00000| Complete 
| 187|0x000000008bb00000, 0x000000008bc00000, 0x000000008bc00000|100%| O|  |TAMS 0x000000008bc00000, 0x000000008bb00000| Untracked 
| 188|0x000000008bc00000, 0x000000008bd00000, 0x000000008bd00000|100%| O|  |TAMS 0x000000008bd00000, 0x000000008bc00000| Untracked 
| 189|0x000000008bd00000, 0x000000008be00000, 0x000000008be00000|100%| O|  |TAMS 0x000000008be00000, 0x000000008bd00000| Untracked 
| 190|0x000000008be00000, 0x000000008bf00000, 0x000000008bf00000|100%| O|  |TAMS 0x000000008bf00000, 0x000000008be00000| Untracked 
| 191|0x000000008bf00000, 0x000000008c000000, 0x000000008c000000|100%| O|  |TAMS 0x000000008c000000, 0x000000008bf00000| Untracked 
| 192|0x000000008c000000, 0x000000008c100000, 0x000000008c100000|100%| O|  |TAMS 0x000000008c100000, 0x000000008c000000| Untracked 
| 193|0x000000008c100000, 0x000000008c200000, 0x000000008c200000|100%| O|  |TAMS 0x000000008c200000, 0x000000008c100000| Untracked 
| 194|0x000000008c200000, 0x000000008c300000, 0x000000008c300000|100%| O|  |TAMS 0x000000008c300000, 0x000000008c200000| Complete 
| 195|0x000000008c300000, 0x000000008c400000, 0x000000008c400000|100%| O|  |TAMS 0x000000008c400000, 0x000000008c300000| Complete 
| 196|0x000000008c400000, 0x000000008c500000, 0x000000008c500000|100%| O|  |TAMS 0x000000008c500000, 0x000000008c400000| Complete 
| 197|0x000000008c500000, 0x000000008c600000, 0x000000008c600000|100%| O|  |TAMS 0x000000008c600000, 0x000000008c500000| Complete 
| 198|0x000000008c600000, 0x000000008c700000, 0x000000008c700000|100%| O|  |TAMS 0x000000008c700000, 0x000000008c600000| Untracked 
| 199|0x000000008c700000, 0x000000008c800000, 0x000000008c800000|100%| O|  |TAMS 0x000000008c800000, 0x000000008c700000| Untracked 
| 200|0x000000008c800000, 0x000000008c900000, 0x000000008c900000|100%| O|  |TAMS 0x000000008c900000, 0x000000008c800000| Untracked 
| 201|0x000000008c900000, 0x000000008ca00000, 0x000000008ca00000|100%| O|  |TAMS 0x000000008ca00000, 0x000000008c900000| Untracked 
| 202|0x000000008ca00000, 0x000000008cb00000, 0x000000008cb00000|100%| O|  |TAMS 0x000000008cb00000, 0x000000008ca00000| Untracked 
| 203|0x000000008cb00000, 0x000000008cc00000, 0x000000008cc00000|100%| O|  |TAMS 0x000000008cc00000, 0x000000008cb00000| Untracked 
| 204|0x000000008cc00000, 0x000000008cd00000, 0x000000008cd00000|100%| O|  |TAMS 0x000000008cd00000, 0x000000008cc00000| Untracked 
| 205|0x000000008cd00000, 0x000000008ce00000, 0x000000008ce00000|100%| O|  |TAMS 0x000000008ce00000, 0x000000008cd00000| Untracked 
| 206|0x000000008ce00000, 0x000000008cf00000, 0x000000008cf00000|100%| O|  |TAMS 0x000000008cf00000, 0x000000008ce00000| Untracked 
| 207|0x000000008cf00000, 0x000000008d000000, 0x000000008d000000|100%| O|  |TAMS 0x000000008d000000, 0x000000008cf00000| Complete 
| 208|0x000000008d000000, 0x000000008d100000, 0x000000008d100000|100%| O|  |TAMS 0x000000008d100000, 0x000000008d000000| Complete 
| 209|0x000000008d100000, 0x000000008d200000, 0x000000008d200000|100%| O|  |TAMS 0x000000008d200000, 0x000000008d100000| Untracked 
| 210|0x000000008d200000, 0x000000008d300000, 0x000000008d300000|100%| O|  |TAMS 0x000000008d300000, 0x000000008d200000| Untracked 
| 211|0x000000008d300000, 0x000000008d400000, 0x000000008d400000|100%| O|  |TAMS 0x000000008d400000, 0x000000008d300000| Untracked 
| 212|0x000000008d400000, 0x000000008d500000, 0x000000008d500000|100%| O|  |TAMS 0x000000008d500000, 0x000000008d400000| Untracked 
| 213|0x000000008d500000, 0x000000008d600000, 0x000000008d600000|100%| O|  |TAMS 0x000000008d600000, 0x000000008d500000| Untracked 
| 214|0x000000008d600000, 0x000000008d700000, 0x000000008d700000|100%| O|  |TAMS 0x000000008d700000, 0x000000008d600000| Untracked 
| 215|0x000000008d700000, 0x000000008d800000, 0x000000008d800000|100%| O|  |TAMS 0x000000008d800000, 0x000000008d700000| Untracked 
| 216|0x000000008d800000, 0x000000008d900000, 0x000000008d900000|100%| O|  |TAMS 0x000000008d900000, 0x000000008d800000| Untracked 
| 217|0x000000008d900000, 0x000000008da00000, 0x000000008da00000|100%| O|  |TAMS 0x000000008da00000, 0x000000008d900000| Untracked 
| 218|0x000000008da00000, 0x000000008db00000, 0x000000008db00000|100%| O|  |TAMS 0x000000008db00000, 0x000000008da00000| Complete 
| 219|0x000000008db00000, 0x000000008dc00000, 0x000000008dc00000|100%| O|  |TAMS 0x000000008dc00000, 0x000000008db00000| Complete 
| 220|0x000000008dc00000, 0x000000008dd00000, 0x000000008dd00000|100%| O|  |TAMS 0x000000008dd00000, 0x000000008dc00000| Untracked 
| 221|0x000000008dd00000, 0x000000008de00000, 0x000000008de00000|100%| O|  |TAMS 0x000000008de00000, 0x000000008dd00000| Untracked 
| 222|0x000000008de00000, 0x000000008df00000, 0x000000008df00000|100%| O|  |TAMS 0x000000008df00000, 0x000000008de00000| Untracked 
| 223|0x000000008df00000, 0x000000008e000000, 0x000000008e000000|100%| O|  |TAMS 0x000000008e000000, 0x000000008df00000| Untracked 
| 224|0x000000008e000000, 0x000000008e100000, 0x000000008e100000|100%| O|  |TAMS 0x000000008e100000, 0x000000008e000000| Untracked 
| 225|0x000000008e100000, 0x000000008e200000, 0x000000008e200000|100%| O|  |TAMS 0x000000008e200000, 0x000000008e100000| Untracked 
| 226|0x000000008e200000, 0x000000008e300000, 0x000000008e300000|100%| O|  |TAMS 0x000000008e300000, 0x000000008e200000| Untracked 
| 227|0x000000008e300000, 0x000000008e400000, 0x000000008e400000|100%| O|  |TAMS 0x000000008e400000, 0x000000008e300000| Complete 
| 228|0x000000008e400000, 0x000000008e500000, 0x000000008e500000|100%| O|  |TAMS 0x000000008e500000, 0x000000008e400000| Complete 
| 229|0x000000008e500000, 0x000000008e600000, 0x000000008e600000|100%| O|  |TAMS 0x000000008e600000, 0x000000008e500000| Complete 
| 230|0x000000008e600000, 0x000000008e700000, 0x000000008e700000|100%| O|  |TAMS 0x000000008e700000, 0x000000008e600000| Untracked 
| 231|0x000000008e700000, 0x000000008e800000, 0x000000008e800000|100%| O|  |TAMS 0x000000008e800000, 0x000000008e700000| Untracked 
| 232|0x000000008e800000, 0x000000008e900000, 0x000000008e900000|100%| O|  |TAMS 0x000000008e900000, 0x000000008e800000| Untracked 
| 233|0x000000008e900000, 0x000000008ea00000, 0x000000008ea00000|100%| O|  |TAMS 0x000000008ea00000, 0x000000008e900000| Untracked 
| 234|0x000000008ea00000, 0x000000008eb00000, 0x000000008eb00000|100%| O|  |TAMS 0x000000008eb00000, 0x000000008ea00000| Untracked 
| 235|0x000000008eb00000, 0x000000008ec00000, 0x000000008ec00000|100%| O|  |TAMS 0x000000008ec00000, 0x000000008eb00000| Untracked 
| 236|0x000000008ec00000, 0x000000008ed00000, 0x000000008ed00000|100%| O|  |TAMS 0x000000008ed00000, 0x000000008ec00000| Untracked 
| 237|0x000000008ed00000, 0x000000008ee00000, 0x000000008ee00000|100%| O|  |TAMS 0x000000008ee00000, 0x000000008ed00000| Untracked 
| 238|0x000000008ee00000, 0x000000008ef00000, 0x000000008ef00000|100%| O|  |TAMS 0x000000008ef00000, 0x000000008ee00000| Complete 
| 239|0x000000008ef00000, 0x000000008f000000, 0x000000008f000000|100%| O|  |TAMS 0x000000008efd5e00, 0x000000008ef00000| Complete 
| 240|0x000000008f000000, 0x000000008f100000, 0x000000008f100000|100%| O|  |TAMS 0x000000008f000000, 0x000000008f000000| Untracked 
| 241|0x000000008f100000, 0x000000008f200000, 0x000000008f200000|100%| O|  |TAMS 0x000000008f100000, 0x000000008f100000| Untracked 
| 242|0x000000008f200000, 0x000000008f300000, 0x000000008f300000|100%| O|  |TAMS 0x000000008f200000, 0x000000008f200000| Untracked 
| 243|0x000000008f300000, 0x000000008f400000, 0x000000008f400000|100%| O|  |TAMS 0x000000008f300000, 0x000000008f300000| Untracked 
| 244|0x000000008f400000, 0x000000008f500000, 0x000000008f500000|100%| O|  |TAMS 0x000000008f400000, 0x000000008f400000| Untracked 
| 245|0x000000008f500000, 0x000000008f600000, 0x000000008f600000|100%| O|  |TAMS 0x000000008f500000, 0x000000008f500000| Untracked 
| 246|0x000000008f600000, 0x000000008f700000, 0x000000008f700000|100%| O|  |TAMS 0x000000008f600000, 0x000000008f600000| Untracked 
| 247|0x000000008f700000, 0x000000008f800000, 0x000000008f800000|100%| O|  |TAMS 0x000000008f700000, 0x000000008f700000| Untracked 
| 248|0x000000008f800000, 0x000000008f900000, 0x000000008f900000|100%| O|  |TAMS 0x000000008f800000, 0x000000008f800000| Untracked 
| 249|0x000000008f900000, 0x000000008fa00000, 0x000000008fa00000|100%| O|  |TAMS 0x000000008f900000, 0x000000008f900000| Untracked 
| 250|0x000000008fa00000, 0x000000008fb00000, 0x000000008fb00000|100%| O|  |TAMS 0x000000008fa00000, 0x000000008fa00000| Untracked 
| 251|0x000000008fb00000, 0x000000008fc00000, 0x000000008fc00000|100%| O|  |TAMS 0x000000008fb00000, 0x000000008fb00000| Untracked 
| 252|0x000000008fc00000, 0x000000008fd00000, 0x000000008fd00000|100%| O|  |TAMS 0x000000008fc00000, 0x000000008fc00000| Untracked 
| 253|0x000000008fd00000, 0x000000008fe00000, 0x000000008fe00000|100%| O|  |TAMS 0x000000008fd00000, 0x000000008fd00000| Untracked 
| 254|0x000000008fe00000, 0x000000008ff00000, 0x000000008ff00000|100%| O|  |TAMS 0x000000008fe00000, 0x000000008fe00000| Untracked 
| 255|0x000000008ff00000, 0x0000000090000000, 0x0000000090000000|100%| O|  |TAMS 0x000000008ff00000, 0x000000008ff00000| Untracked 
| 256|0x0000000090000000, 0x0000000090100000, 0x0000000090100000|100%| O|  |TAMS 0x0000000090000000, 0x0000000090000000| Untracked 
| 257|0x0000000090100000, 0x0000000090200000, 0x0000000090200000|100%| O|  |TAMS 0x0000000090100000, 0x0000000090100000| Untracked 
| 258|0x0000000090200000, 0x0000000090238e00, 0x0000000090300000| 22%| O|  |TAMS 0x0000000090200000, 0x0000000090200000| Untracked 
| 259|0x0000000090300000, 0x0000000090300000, 0x0000000090400000|  0%| F|  |TAMS 0x0000000090300000, 0x0000000090300000| Untracked 
| 260|0x0000000090400000, 0x0000000090400000, 0x0000000090500000|  0%| F|  |TAMS 0x0000000090400000, 0x0000000090400000| Untracked 
| 261|0x0000000090500000, 0x0000000090500000, 0x0000000090600000|  0%| F|  |TAMS 0x0000000090500000, 0x0000000090500000| Untracked 
| 262|0x0000000090600000, 0x0000000090600000, 0x0000000090700000|  0%| F|  |TAMS 0x0000000090600000, 0x0000000090600000| Untracked 
| 263|0x0000000090700000, 0x0000000090700000, 0x0000000090800000|  0%| F|  |TAMS 0x0000000090700000, 0x0000000090700000| Untracked 
| 264|0x0000000090800000, 0x0000000090800000, 0x0000000090900000|  0%| F|  |TAMS 0x0000000090800000, 0x0000000090800000| Untracked 
| 265|0x0000000090900000, 0x0000000090900000, 0x0000000090a00000|  0%| F|  |TAMS 0x0000000090900000, 0x0000000090900000| Untracked 
| 266|0x0000000090a00000, 0x0000000090a00000, 0x0000000090b00000|  0%| F|  |TAMS 0x0000000090a00000, 0x0000000090a00000| Untracked 
| 267|0x0000000090b00000, 0x0000000090b00000, 0x0000000090c00000|  0%| F|  |TAMS 0x0000000090b00000, 0x0000000090b00000| Untracked 
| 268|0x0000000090c00000, 0x0000000090c00000, 0x0000000090d00000|  0%| F|  |TAMS 0x0000000090c00000, 0x0000000090c00000| Untracked 
| 269|0x0000000090d00000, 0x0000000090d00000, 0x0000000090e00000|  0%| F|  |TAMS 0x0000000090d00000, 0x0000000090d00000| Untracked 
| 270|0x0000000090e00000, 0x0000000090e00000, 0x0000000090f00000|  0%| F|  |TAMS 0x0000000090e00000, 0x0000000090e00000| Untracked 
| 271|0x0000000090f00000, 0x0000000090f00000, 0x0000000091000000|  0%| F|  |TAMS 0x0000000090f00000, 0x0000000090f00000| Untracked 
| 272|0x0000000091000000, 0x0000000091000000, 0x0000000091100000|  0%| F|  |TAMS 0x0000000091000000, 0x0000000091000000| Untracked 
| 273|0x0000000091100000, 0x0000000091100000, 0x0000000091200000|  0%| F|  |TAMS 0x0000000091100000, 0x0000000091100000| Untracked 
| 274|0x0000000091200000, 0x0000000091200000, 0x0000000091300000|  0%| F|  |TAMS 0x0000000091200000, 0x0000000091200000| Untracked 
| 275|0x0000000091300000, 0x0000000091300000, 0x0000000091400000|  0%| F|  |TAMS 0x0000000091300000, 0x0000000091300000| Untracked 
| 276|0x0000000091400000, 0x0000000091400000, 0x0000000091500000|  0%| F|  |TAMS 0x0000000091400000, 0x0000000091400000| Untracked 
| 277|0x0000000091500000, 0x0000000091500000, 0x0000000091600000|  0%| F|  |TAMS 0x0000000091500000, 0x0000000091500000| Untracked 
| 278|0x0000000091600000, 0x0000000091600000, 0x0000000091700000|  0%| F|  |TAMS 0x0000000091600000, 0x0000000091600000| Untracked 
| 279|0x0000000091700000, 0x0000000091700000, 0x0000000091800000|  0%| F|  |TAMS 0x0000000091700000, 0x0000000091700000| Untracked 
| 280|0x0000000091800000, 0x0000000091800000, 0x0000000091900000|  0%| F|  |TAMS 0x0000000091800000, 0x0000000091800000| Untracked 
| 281|0x0000000091900000, 0x0000000091900000, 0x0000000091a00000|  0%| F|  |TAMS 0x0000000091900000, 0x0000000091900000| Untracked 
| 282|0x0000000091a00000, 0x0000000091a00000, 0x0000000091b00000|  0%| F|  |TAMS 0x0000000091a00000, 0x0000000091a00000| Untracked 
| 283|0x0000000091b00000, 0x0000000091b00000, 0x0000000091c00000|  0%| F|  |TAMS 0x0000000091b00000, 0x0000000091b00000| Untracked 
| 284|0x0000000091c00000, 0x0000000091c00000, 0x0000000091d00000|  0%| F|  |TAMS 0x0000000091c00000, 0x0000000091c00000| Untracked 
| 285|0x0000000091d00000, 0x0000000091d00000, 0x0000000091e00000|  0%| F|  |TAMS 0x0000000091d00000, 0x0000000091d00000| Untracked 
| 286|0x0000000091e00000, 0x0000000091e00000, 0x0000000091f00000|  0%| F|  |TAMS 0x0000000091e00000, 0x0000000091e00000| Untracked 
| 287|0x0000000091f00000, 0x0000000091f00000, 0x0000000092000000|  0%| F|  |TAMS 0x0000000091f00000, 0x0000000091f00000| Untracked 
| 288|0x0000000092000000, 0x0000000092000000, 0x0000000092100000|  0%| F|  |TAMS 0x0000000092000000, 0x0000000092000000| Untracked 
| 289|0x0000000092100000, 0x0000000092100000, 0x0000000092200000|  0%| F|  |TAMS 0x0000000092100000, 0x0000000092100000| Untracked 
| 290|0x0000000092200000, 0x0000000092200000, 0x0000000092300000|  0%| F|  |TAMS 0x0000000092200000, 0x0000000092200000| Untracked 
| 291|0x0000000092300000, 0x0000000092300000, 0x0000000092400000|  0%| F|  |TAMS 0x0000000092300000, 0x0000000092300000| Untracked 
| 292|0x0000000092400000, 0x0000000092400000, 0x0000000092500000|  0%| F|  |TAMS 0x0000000092400000, 0x0000000092400000| Untracked 
| 293|0x0000000092500000, 0x0000000092500000, 0x0000000092600000|  0%| F|  |TAMS 0x0000000092500000, 0x0000000092500000| Untracked 
| 294|0x0000000092600000, 0x0000000092600000, 0x0000000092700000|  0%| F|  |TAMS 0x0000000092600000, 0x0000000092600000| Untracked 
| 295|0x0000000092700000, 0x0000000092700000, 0x0000000092800000|  0%| F|  |TAMS 0x0000000092700000, 0x0000000092700000| Untracked 
| 296|0x0000000092800000, 0x0000000092800000, 0x0000000092900000|  0%| F|  |TAMS 0x0000000092800000, 0x0000000092800000| Untracked 
| 297|0x0000000092900000, 0x0000000092900000, 0x0000000092a00000|  0%| F|  |TAMS 0x0000000092900000, 0x0000000092900000| Untracked 
| 298|0x0000000092a00000, 0x0000000092a00000, 0x0000000092b00000|  0%| F|  |TAMS 0x0000000092a00000, 0x0000000092a00000| Untracked 
| 299|0x0000000092b00000, 0x0000000092b00000, 0x0000000092c00000|  0%| F|  |TAMS 0x0000000092b00000, 0x0000000092b00000| Untracked 
| 300|0x0000000092c00000, 0x0000000092c00000, 0x0000000092d00000|  0%| F|  |TAMS 0x0000000092c00000, 0x0000000092c00000| Untracked 
| 301|0x0000000092d00000, 0x0000000092d00000, 0x0000000092e00000|  0%| F|  |TAMS 0x0000000092d00000, 0x0000000092d00000| Untracked 
| 302|0x0000000092e00000, 0x0000000092e00000, 0x0000000092f00000|  0%| F|  |TAMS 0x0000000092e00000, 0x0000000092e00000| Untracked 
| 303|0x0000000092f00000, 0x0000000092f00000, 0x0000000093000000|  0%| F|  |TAMS 0x0000000092f00000, 0x0000000092f00000| Untracked 
| 304|0x0000000093000000, 0x0000000093000000, 0x0000000093100000|  0%| F|  |TAMS 0x0000000093000000, 0x0000000093000000| Untracked 
| 305|0x0000000093100000, 0x0000000093100000, 0x0000000093200000|  0%| F|  |TAMS 0x0000000093100000, 0x0000000093100000| Untracked 
| 306|0x0000000093200000, 0x0000000093200000, 0x0000000093300000|  0%| F|  |TAMS 0x0000000093200000, 0x0000000093200000| Untracked 
| 307|0x0000000093300000, 0x0000000093300000, 0x0000000093400000|  0%| F|  |TAMS 0x0000000093300000, 0x0000000093300000| Untracked 
| 308|0x0000000093400000, 0x0000000093400000, 0x0000000093500000|  0%| F|  |TAMS 0x0000000093400000, 0x0000000093400000| Untracked 
| 309|0x0000000093500000, 0x0000000093500000, 0x0000000093600000|  0%| F|  |TAMS 0x0000000093500000, 0x0000000093500000| Untracked 
| 310|0x0000000093600000, 0x0000000093600000, 0x0000000093700000|  0%| F|  |TAMS 0x0000000093600000, 0x0000000093600000| Untracked 
| 311|0x0000000093700000, 0x0000000093700000, 0x0000000093800000|  0%| F|  |TAMS 0x0000000093700000, 0x0000000093700000| Untracked 
| 312|0x0000000093800000, 0x0000000093800000, 0x0000000093900000|  0%| F|  |TAMS 0x0000000093800000, 0x0000000093800000| Untracked 
| 313|0x0000000093900000, 0x0000000093900000, 0x0000000093a00000|  0%| F|  |TAMS 0x0000000093900000, 0x0000000093900000| Untracked 
| 314|0x0000000093a00000, 0x0000000093a00000, 0x0000000093b00000|  0%| F|  |TAMS 0x0000000093a00000, 0x0000000093a00000| Untracked 
| 315|0x0000000093b00000, 0x0000000093c00000, 0x0000000093c00000|100%| S|CS|TAMS 0x0000000093b00000, 0x0000000093b00000| Complete 
| 316|0x0000000093c00000, 0x0000000093c00000, 0x0000000093d00000|  0%| F|  |TAMS 0x0000000093c00000, 0x0000000093c00000| Untracked 
| 317|0x0000000093d00000, 0x0000000093d00000, 0x0000000093e00000|  0%| F|  |TAMS 0x0000000093d00000, 0x0000000093d00000| Untracked 
| 318|0x0000000093e00000, 0x0000000093e00000, 0x0000000093f00000|  0%| F|  |TAMS 0x0000000093e00000, 0x0000000093e00000| Untracked 
| 319|0x0000000093f00000, 0x0000000093f00000, 0x0000000094000000|  0%| F|  |TAMS 0x0000000093f00000, 0x0000000093f00000| Untracked 
| 320|0x0000000094000000, 0x0000000094100000, 0x0000000094100000|100%| S|CS|TAMS 0x0000000094000000, 0x0000000094000000| Complete 
| 321|0x0000000094100000, 0x0000000094200000, 0x0000000094200000|100%| S|CS|TAMS 0x0000000094100000, 0x0000000094100000| Complete 
| 322|0x0000000094200000, 0x0000000094300000, 0x0000000094300000|100%| S|CS|TAMS 0x0000000094200000, 0x0000000094200000| Complete 
| 323|0x0000000094300000, 0x0000000094400000, 0x0000000094400000|100%| S|CS|TAMS 0x0000000094300000, 0x0000000094300000| Complete 
| 324|0x0000000094400000, 0x0000000094400000, 0x0000000094500000|  0%| F|  |TAMS 0x0000000094400000, 0x0000000094400000| Untracked 
| 325|0x0000000094500000, 0x0000000094500000, 0x0000000094600000|  0%| F|  |TAMS 0x0000000094500000, 0x0000000094500000| Untracked 
| 326|0x0000000094600000, 0x0000000094600000, 0x0000000094700000|  0%| F|  |TAMS 0x0000000094600000, 0x0000000094600000| Untracked 
| 327|0x0000000094700000, 0x0000000094700000, 0x0000000094800000|  0%| F|  |TAMS 0x0000000094700000, 0x0000000094700000| Untracked 
| 328|0x0000000094800000, 0x0000000094800000, 0x0000000094900000|  0%| F|  |TAMS 0x0000000094800000, 0x0000000094800000| Untracked 
| 329|0x0000000094900000, 0x0000000094900000, 0x0000000094a00000|  0%| F|  |TAMS 0x0000000094900000, 0x0000000094900000| Untracked 
| 330|0x0000000094a00000, 0x0000000094a00000, 0x0000000094b00000|  0%| F|  |TAMS 0x0000000094a00000, 0x0000000094a00000| Untracked 
| 331|0x0000000094b00000, 0x0000000094b00000, 0x0000000094c00000|  0%| F|  |TAMS 0x0000000094b00000, 0x0000000094b00000| Untracked 
| 332|0x0000000094c00000, 0x0000000094c00000, 0x0000000094d00000|  0%| F|  |TAMS 0x0000000094c00000, 0x0000000094c00000| Untracked 
| 333|0x0000000094d00000, 0x0000000094d00000, 0x0000000094e00000|  0%| F|  |TAMS 0x0000000094d00000, 0x0000000094d00000| Untracked 
| 334|0x0000000094e00000, 0x0000000094e00000, 0x0000000094f00000|  0%| F|  |TAMS 0x0000000094e00000, 0x0000000094e00000| Untracked 
| 335|0x0000000094f00000, 0x0000000094f00000, 0x0000000095000000|  0%| F|  |TAMS 0x0000000094f00000, 0x0000000094f00000| Untracked 
| 336|0x0000000095000000, 0x0000000095000000, 0x0000000095100000|  0%| F|  |TAMS 0x0000000095000000, 0x0000000095000000| Untracked 
| 337|0x0000000095100000, 0x0000000095100000, 0x0000000095200000|  0%| F|  |TAMS 0x0000000095100000, 0x0000000095100000| Untracked 
| 338|0x0000000095200000, 0x0000000095200000, 0x0000000095300000|  0%| F|  |TAMS 0x0000000095200000, 0x0000000095200000| Untracked 
| 339|0x0000000095300000, 0x0000000095300000, 0x0000000095400000|  0%| F|  |TAMS 0x0000000095300000, 0x0000000095300000| Untracked 
| 340|0x0000000095400000, 0x0000000095400000, 0x0000000095500000|  0%| F|  |TAMS 0x0000000095400000, 0x0000000095400000| Untracked 
| 341|0x0000000095500000, 0x0000000095500000, 0x0000000095600000|  0%| F|  |TAMS 0x0000000095500000, 0x0000000095500000| Untracked 
| 342|0x0000000095600000, 0x0000000095600000, 0x0000000095700000|  0%| F|  |TAMS 0x0000000095600000, 0x0000000095600000| Untracked 
| 343|0x0000000095700000, 0x0000000095700000, 0x0000000095800000|  0%| F|  |TAMS 0x0000000095700000, 0x0000000095700000| Untracked 
| 344|0x0000000095800000, 0x0000000095800000, 0x0000000095900000|  0%| F|  |TAMS 0x0000000095800000, 0x0000000095800000| Untracked 
| 345|0x0000000095900000, 0x0000000095900000, 0x0000000095a00000|  0%| F|  |TAMS 0x0000000095900000, 0x0000000095900000| Untracked 
| 346|0x0000000095a00000, 0x0000000095a00000, 0x0000000095b00000|  0%| F|  |TAMS 0x0000000095a00000, 0x0000000095a00000| Untracked 
| 347|0x0000000095b00000, 0x0000000095b00000, 0x0000000095c00000|  0%| F|  |TAMS 0x0000000095b00000, 0x0000000095b00000| Untracked 
| 348|0x0000000095c00000, 0x0000000095c00000, 0x0000000095d00000|  0%| F|  |TAMS 0x0000000095c00000, 0x0000000095c00000| Untracked 
| 349|0x0000000095d00000, 0x0000000095d00000, 0x0000000095e00000|  0%| F|  |TAMS 0x0000000095d00000, 0x0000000095d00000| Untracked 
| 350|0x0000000095e00000, 0x0000000095e00000, 0x0000000095f00000|  0%| F|  |TAMS 0x0000000095e00000, 0x0000000095e00000| Untracked 
| 351|0x0000000095f00000, 0x0000000095f00000, 0x0000000096000000|  0%| F|  |TAMS 0x0000000095f00000, 0x0000000095f00000| Untracked 
| 352|0x0000000096000000, 0x0000000096000000, 0x0000000096100000|  0%| F|  |TAMS 0x0000000096000000, 0x0000000096000000| Untracked 
| 353|0x0000000096100000, 0x0000000096100000, 0x0000000096200000|  0%| F|  |TAMS 0x0000000096100000, 0x0000000096100000| Untracked 
| 354|0x0000000096200000, 0x0000000096200000, 0x0000000096300000|  0%| F|  |TAMS 0x0000000096200000, 0x0000000096200000| Untracked 
| 355|0x0000000096300000, 0x0000000096300000, 0x0000000096400000|  0%| F|  |TAMS 0x0000000096300000, 0x0000000096300000| Untracked 
| 356|0x0000000096400000, 0x0000000096400000, 0x0000000096500000|  0%| F|  |TAMS 0x0000000096400000, 0x0000000096400000| Untracked 
| 357|0x0000000096500000, 0x0000000096500000, 0x0000000096600000|  0%| F|  |TAMS 0x0000000096500000, 0x0000000096500000| Untracked 
| 358|0x0000000096600000, 0x0000000096600000, 0x0000000096700000|  0%| F|  |TAMS 0x0000000096600000, 0x0000000096600000| Untracked 
| 359|0x0000000096700000, 0x0000000096700000, 0x0000000096800000|  0%| F|  |TAMS 0x0000000096700000, 0x0000000096700000| Untracked 
| 360|0x0000000096800000, 0x0000000096800000, 0x0000000096900000|  0%| F|  |TAMS 0x0000000096800000, 0x0000000096800000| Untracked 
| 361|0x0000000096900000, 0x0000000096900000, 0x0000000096a00000|  0%| F|  |TAMS 0x0000000096900000, 0x0000000096900000| Untracked 
| 362|0x0000000096a00000, 0x0000000096a00000, 0x0000000096b00000|  0%| F|  |TAMS 0x0000000096a00000, 0x0000000096a00000| Untracked 
| 363|0x0000000096b00000, 0x0000000096b00000, 0x0000000096c00000|  0%| F|  |TAMS 0x0000000096b00000, 0x0000000096b00000| Untracked 
| 364|0x0000000096c00000, 0x0000000096c00000, 0x0000000096d00000|  0%| F|  |TAMS 0x0000000096c00000, 0x0000000096c00000| Untracked 
| 365|0x0000000096d00000, 0x0000000096d00000, 0x0000000096e00000|  0%| F|  |TAMS 0x0000000096d00000, 0x0000000096d00000| Untracked 
| 366|0x0000000096e00000, 0x0000000096e00000, 0x0000000096f00000|  0%| F|  |TAMS 0x0000000096e00000, 0x0000000096e00000| Untracked 
| 367|0x0000000096f00000, 0x0000000096f00000, 0x0000000097000000|  0%| F|  |TAMS 0x0000000096f00000, 0x0000000096f00000| Untracked 
| 368|0x0000000097000000, 0x0000000097000000, 0x0000000097100000|  0%| F|  |TAMS 0x0000000097000000, 0x0000000097000000| Untracked 
| 369|0x0000000097100000, 0x0000000097100000, 0x0000000097200000|  0%| F|  |TAMS 0x0000000097100000, 0x0000000097100000| Untracked 
| 370|0x0000000097200000, 0x0000000097200000, 0x0000000097300000|  0%| F|  |TAMS 0x0000000097200000, 0x0000000097200000| Untracked 
| 371|0x0000000097300000, 0x0000000097300000, 0x0000000097400000|  0%| F|  |TAMS 0x0000000097300000, 0x0000000097300000| Untracked 
| 372|0x0000000097400000, 0x0000000097400000, 0x0000000097500000|  0%| F|  |TAMS 0x0000000097400000, 0x0000000097400000| Untracked 
| 373|0x0000000097500000, 0x0000000097500000, 0x0000000097600000|  0%| F|  |TAMS 0x0000000097500000, 0x0000000097500000| Untracked 
| 374|0x0000000097600000, 0x0000000097600000, 0x0000000097700000|  0%| F|  |TAMS 0x0000000097600000, 0x0000000097600000| Untracked 
| 375|0x0000000097700000, 0x0000000097700000, 0x0000000097800000|  0%| F|  |TAMS 0x0000000097700000, 0x0000000097700000| Untracked 
| 376|0x0000000097800000, 0x0000000097800000, 0x0000000097900000|  0%| F|  |TAMS 0x0000000097800000, 0x0000000097800000| Untracked 
| 377|0x0000000097900000, 0x0000000097900000, 0x0000000097a00000|  0%| F|  |TAMS 0x0000000097900000, 0x0000000097900000| Untracked 
| 378|0x0000000097a00000, 0x0000000097a00000, 0x0000000097b00000|  0%| F|  |TAMS 0x0000000097a00000, 0x0000000097a00000| Untracked 
| 379|0x0000000097b00000, 0x0000000097b00000, 0x0000000097c00000|  0%| F|  |TAMS 0x0000000097b00000, 0x0000000097b00000| Untracked 
| 380|0x0000000097c00000, 0x0000000097c00000, 0x0000000097d00000|  0%| F|  |TAMS 0x0000000097c00000, 0x0000000097c00000| Untracked 

Card table byte_map: [0x0000021595690000,0x0000021595a90000] _byte_map_base: 0x0000021595290000

Marking Bits (Prev, Next): (CMBitMap*) 0x00000215824a72d8, (CMBitMap*) 0x00000215824a7310
 Prev Bits: [0x0000021595e90000, 0x0000021597e90000)
 Next Bits: [0x0000021597e90000, 0x0000021599e90000)

Polling page: 0x0000021580410000

Metaspace:

Usage:
  Non-class:    118.16 MB capacity,   115.94 MB ( 98%) used,     1.82 MB (  2%) free+waste,   405.31 KB ( <1%) overhead. 
      Class:     18.00 MB capacity,    16.70 MB ( 93%) used,     1.13 MB (  6%) free+waste,   180.75 KB ( <1%) overhead. 
       Both:    136.16 MB capacity,   132.64 MB ( 97%) used,     2.94 MB (  2%) free+waste,   586.06 KB ( <1%) overhead. 

Virtual space:
  Non-class space:      120.00 MB reserved,     118.23 MB ( 99%) committed 
      Class space:        1.00 GB reserved,      18.13 MB (  2%) committed 
             Both:        1.12 GB reserved,     136.36 MB ( 12%) committed 

Chunk freelists:
   Non-Class:  17.00 KB
       Class:  0 bytes
        Both:  17.00 KB

MaxMetaspaceSize: 17179869184.00 GB
CompressedClassSpaceSize: 1.00 GB

CodeHeap 'non-profiled nmethods': size=120000Kb used=12083Kb max_used=12083Kb free=107916Kb
 bounds [0x000002158da30000, 0x000002158e610000, 0x0000021594f60000]
CodeHeap 'profiled nmethods': size=120000Kb used=43714Kb max_used=43714Kb free=76285Kb
 bounds [0x0000021586500000, 0x0000021588fc0000, 0x000002158da30000]
CodeHeap 'non-nmethods': size=5760Kb used=2382Kb max_used=2432Kb free=3377Kb
 bounds [0x0000021585f60000, 0x00000215861d0000, 0x0000021586500000]
 total_blobs=20334 nmethods=19313 adapters=931
 compilation: enabled
              stopped_count=0, restarted_count=0
 full_count=0

Compilation events (20 events):
Event: 32.067 Thread 0x00000215a64e2000 nmethod 20442 0x000002158dc8a510 code [0x000002158dc8a6a0, 0x000002158dc8a738]
Event: 32.067 Thread 0x00000215a64e2000 20324       4       com.android.tools.r8.internal.X4::g (2 bytes)
Event: 32.067 Thread 0x00000215a64e2000 nmethod 20324 0x000002158dc8a290 code [0x000002158dc8a420, 0x000002158dc8a478]
Event: 32.067 Thread 0x00000215a64e2000 19291       4       com.android.tools.r8.graph.Z::get (2 bytes)
Event: 32.068 Thread 0x00000215a64e2000 nmethod 19291 0x000002158dc8a010 code [0x000002158dc8a1a0, 0x000002158dc8a1f8]
Event: 32.068 Thread 0x00000215a64e2000 20094       4       com.android.tools.r8.internal.dG::a (8 bytes)
Event: 32.068 Thread 0x00000215a64e2000 nmethod 20094 0x000002158dc89d90 code [0x000002158dc89f20, 0x000002158dc89f88]
Event: 32.068 Thread 0x00000215a64e2000 20329       4       com.android.tools.r8.ir.regalloc.b::r (8 bytes)
Event: 32.068 Thread 0x00000215a64e2000 nmethod 20329 0x000002158dc89a90 code [0x000002158dc89c20, 0x000002158dc89cb8]
Event: 32.068 Thread 0x00000215a64e2000 20309       4       com.android.tools.r8.internal.b5::b (8 bytes)
Event: 32.069 Thread 0x00000215a64e2000 nmethod 20309 0x000002158dc89810 code [0x000002158dc899a0, 0x000002158dc89a18]
Event: 32.069 Thread 0x00000215a64e2000 20410       4       com.android.tools.r8.internal.i5::a (9 bytes)
Event: 32.069 Thread 0x00000215a64e2000 nmethod 20410 0x000002158dc89510 code [0x000002158dc896a0, 0x000002158dc89738]
Event: 32.069 Thread 0x00000215a64e2000 19209       4       com.android.tools.r8.internal.u4::a (1 bytes)
Event: 32.069 Thread 0x00000215a64e2000 nmethod 19209 0x000002158dc89110 code [0x000002158dc892a0, 0x000002158dc892f8]
Event: 32.069 Thread 0x00000215a64e2000 20435       4       com.android.tools.r8.internal.A8::y (2 bytes)
Event: 32.069 Thread 0x00000215a64e2000 nmethod 20435 0x000002158dcb1110 code [0x000002158dcb12a0, 0x000002158dcb12f8]
Event: 32.069 Thread 0x00000215a64e2000 20432       4       java.util.Collections$SetFromMap::clear (10 bytes)
Event: 32.070 Thread 0x00000215a64e2000 nmethod 20432 0x000002158dcb0e10 code [0x000002158dcb0fa0, 0x000002158dcb1038]
Event: 32.070 Thread 0x00000215a64e2000 19307       4       com.android.tools.r8.graph.A0::e (29 bytes)

GC Heap History (20 events):
Event: 30.074 GC heap after
{Heap after GC invocations=30 (full 0):
 garbage-first heap   total 312320K, used 168326K [0x0000000080000000, 0x0000000100000000)
  region size 1024K, 12 young (12288K), 12 survivors (12288K)
 Metaspace       used 128598K, capacity 131867K, committed 132720K, reserved 1165312K
  class space    used 16028K, capacity 17234K, committed 17536K, reserved 1048576K
}
Event: 30.079 GC heap before
{Heap before GC invocations=30 (full 0):
 garbage-first heap   total 312320K, used 170374K [0x0000000080000000, 0x0000000100000000)
  region size 1024K, 15 young (15360K), 12 survivors (12288K)
 Metaspace       used 128625K, capacity 131871K, committed 132720K, reserved 1165312K
  class space    used 16034K, capacity 17236K, committed 17536K, reserved 1048576K
}
Event: 30.084 GC heap after
{Heap after GC invocations=31 (full 0):
 garbage-first heap   total 312320K, used 163895K [0x0000000080000000, 0x0000000100000000)
  region size 1024K, 2 young (2048K), 2 survivors (2048K)
 Metaspace       used 128625K, capacity 131871K, committed 132720K, reserved 1165312K
  class space    used 16034K, capacity 17236K, committed 17536K, reserved 1048576K
}
Event: 30.290 GC heap before
{Heap before GC invocations=31 (full 0):
 garbage-first heap   total 312320K, used 242743K [0x0000000080000000, 0x0000000100000000)
  region size 1024K, 80 young (81920K), 2 survivors (2048K)
 Metaspace       used 129759K, capacity 133090K, committed 133616K, reserved 1165312K
  class space    used 16182K, capacity 17410K, committed 17664K, reserved 1048576K
}
Event: 30.310 GC heap after
{Heap after GC invocations=32 (full 0):
 garbage-first heap   total 312320K, used 184472K [0x0000000080000000, 0x0000000100000000)
  region size 1024K, 10 young (10240K), 10 survivors (10240K)
 Metaspace       used 129759K, capacity 133090K, committed 133616K, reserved 1165312K
  class space    used 16182K, capacity 17410K, committed 17664K, reserved 1048576K
}
Event: 30.603 GC heap before
{Heap before GC invocations=33 (full 0):
 garbage-first heap   total 312320K, used 246936K [0x0000000080000000, 0x0000000100000000)
  region size 1024K, 72 young (73728K), 10 survivors (10240K)
 Metaspace       used 130299K, capacity 133590K, committed 134128K, reserved 1165312K
  class space    used 16252K, capacity 17486K, committed 17664K, reserved 1048576K
}
Event: 30.625 GC heap after
{Heap after GC invocations=34 (full 0):
 garbage-first heap   total 312320K, used 200426K [0x0000000080000000, 0x0000000100000000)
  region size 1024K, 9 young (9216K), 9 survivors (9216K)
 Metaspace       used 130299K, capacity 133590K, committed 134128K, reserved 1165312K
  class space    used 16252K, capacity 17486K, committed 17664K, reserved 1048576K
}
Event: 30.819 GC heap before
{Heap before GC invocations=34 (full 0):
 garbage-first heap   total 312320K, used 252650K [0x0000000080000000, 0x0000000100000000)
  region size 1024K, 60 young (61440K), 9 survivors (9216K)
 Metaspace       used 131847K, capacity 135228K, committed 135664K, reserved 1167360K
  class space    used 16473K, capacity 17756K, committed 17920K, reserved 1048576K
}
Event: 30.838 GC heap after
{Heap after GC invocations=35 (full 0):
 garbage-first heap   total 312320K, used 210944K [0x0000000080000000, 0x0000000100000000)
  region size 1024K, 8 young (8192K), 8 survivors (8192K)
 Metaspace       used 131847K, capacity 135228K, committed 135664K, reserved 1167360K
  class space    used 16473K, capacity 17756K, committed 17920K, reserved 1048576K
}
Event: 31.009 GC heap before
{Heap before GC invocations=35 (full 0):
 garbage-first heap   total 312320K, used 257024K [0x0000000080000000, 0x0000000100000000)
  region size 1024K, 53 young (54272K), 8 survivors (8192K)
 Metaspace       used 132412K, capacity 135786K, committed 136304K, reserved 1167360K
  class space    used 16564K, capacity 17852K, committed 18048K, reserved 1048576K
}
Event: 31.029 GC heap after
{Heap after GC invocations=36 (full 0):
 garbage-first heap   total 312320K, used 221007K [0x0000000080000000, 0x0000000100000000)
  region size 1024K, 7 young (7168K), 7 survivors (7168K)
 Metaspace       used 132412K, capacity 135786K, committed 136304K, reserved 1167360K
  class space    used 16564K, capacity 17852K, committed 18048K, reserved 1048576K
}
Event: 31.176 GC heap before
{Heap before GC invocations=36 (full 0):
 garbage-first heap   total 312320K, used 262991K [0x0000000080000000, 0x0000000100000000)
  region size 1024K, 48 young (49152K), 7 survivors (7168K)
 Metaspace       used 132657K, capacity 136068K, committed 136560K, reserved 1167360K
  class space    used 16617K, capacity 17880K, committed 18048K, reserved 1048576K
}
Event: 31.196 GC heap after
{Heap after GC invocations=37 (full 0):
 garbage-first heap   total 390144K, used 230919K [0x0000000080000000, 0x0000000100000000)
  region size 1024K, 6 young (6144K), 6 survivors (6144K)
 Metaspace       used 132657K, capacity 136068K, committed 136560K, reserved 1167360K
  class space    used 16617K, capacity 17880K, committed 18048K, reserved 1048576K
}
Event: 31.348 GC heap before
{Heap before GC invocations=38 (full 0):
 garbage-first heap   total 390144K, used 301575K [0x0000000080000000, 0x0000000100000000)
  region size 1024K, 75 young (76800K), 6 survivors (6144K)
 Metaspace       used 133753K, capacity 137251K, committed 137456K, reserved 1169408K
  class space    used 16791K, capacity 18105K, committed 18176K, reserved 1048576K
}
Event: 31.368 GC heap after
{Heap after GC invocations=39 (full 0):
 garbage-first heap   total 390144K, used 244722K [0x0000000080000000, 0x0000000100000000)
  region size 1024K, 10 young (10240K), 10 survivors (10240K)
 Metaspace       used 133753K, capacity 137251K, committed 137456K, reserved 1169408K
  class space    used 16791K, capacity 18105K, committed 18176K, reserved 1048576K
}
Event: 31.539 GC heap before
{Heap before GC invocations=39 (full 0):
 garbage-first heap   total 390144K, used 311282K [0x0000000080000000, 0x0000000100000000)
  region size 1024K, 75 young (76800K), 10 survivors (10240K)
 Metaspace       used 135025K, capacity 138576K, committed 138736K, reserved 1169408K
  class space    used 17013K, capacity 18349K, committed 18432K, reserved 1048576K
}
Event: 31.561 GC heap after
{Heap after GC invocations=40 (full 0):
 garbage-first heap   total 390144K, used 255723K [0x0000000080000000, 0x0000000100000000)
  region size 1024K, 10 young (10240K), 10 survivors (10240K)
 Metaspace       used 135025K, capacity 138576K, committed 138736K, reserved 1169408K
  class space    used 17013K, capacity 18349K, committed 18432K, reserved 1048576K
}
Event: 31.832 GC heap before
{Heap before GC invocations=40 (full 0):
 garbage-first heap   total 390144K, used 317163K [0x0000000080000000, 0x0000000100000000)
  region size 1024K, 71 young (72704K), 10 survivors (10240K)
 Metaspace       used 135591K, capacity 139099K, committed 139248K, reserved 1171456K
  class space    used 17073K, capacity 18391K, committed 18432K, reserved 1048576K
}
Event: 31.847 GC heap after
{Heap after GC invocations=41 (full 0):
 garbage-first heap   total 390144K, used 264807K [0x0000000080000000, 0x0000000100000000)
  region size 1024K, 9 young (9216K), 9 survivors (9216K)
 Metaspace       used 135591K, capacity 139099K, committed 139248K, reserved 1171456K
  class space    used 17073K, capacity 18391K, committed 18432K, reserved 1048576K
}
Event: 32.071 GC heap before
{Heap before GC invocations=42 (full 0):
 garbage-first heap   total 390144K, used 322151K [0x0000000080000000, 0x0000000100000000)
  region size 1024K, 66 young (67584K), 9 survivors (9216K)
 Metaspace       used 135825K, capacity 139424K, committed 139632K, reserved 1171456K
  class space    used 17099K, capacity 18433K, committed 18560K, reserved 1048576K
}

Deoptimization events (20 events):
Event: 31.754 Thread 0x00000215a0a17800 DEOPT PACKING pc=0x0000021588e5fe63 sp=0x00000038f50fa020
Event: 31.754 Thread 0x00000215a0a17800 DEOPT UNPACKING pc=0x0000021585f86dde sp=0x00000038f50f94b0 mode 0
Event: 31.896 Thread 0x00000215a0a17800 DEOPT PACKING pc=0x0000021588e4942e sp=0x00000038f50f9f70
Event: 31.896 Thread 0x00000215a0a17800 DEOPT UNPACKING pc=0x0000021585f86dde sp=0x00000038f50f95a0 mode 0
Event: 32.023 Thread 0x00000215a0a16000 Uncommon trap: trap_request=0xffffffbe fr.pc=0x000002158dbec030 relative=0x0000000000000210
Event: 32.023 Thread 0x00000215a0a16000 Uncommon trap: reason=profile_predicate action=maybe_recompile pc=0x000002158dbec030 method=com.android.tools.r8.graph.c0.a([C)I @ 8 c2
Event: 32.023 Thread 0x00000215a0a16000 DEOPT PACKING pc=0x000002158dbec030 sp=0x00000038f4ff9f60
Event: 32.023 Thread 0x00000215a0a16000 DEOPT UNPACKING pc=0x0000021585f8662f sp=0x00000038f4ff9ee8 mode 2
Event: 32.024 Thread 0x00000215a0a16000 Uncommon trap: trap_request=0xffffffbe fr.pc=0x000002158dbec030 relative=0x0000000000000210
Event: 32.024 Thread 0x00000215a0a16000 Uncommon trap: reason=profile_predicate action=maybe_recompile pc=0x000002158dbec030 method=com.android.tools.r8.graph.c0.a([C)I @ 8 c2
Event: 32.024 Thread 0x00000215a0a16000 DEOPT PACKING pc=0x000002158dbec030 sp=0x00000038f4ff9f60
Event: 32.024 Thread 0x00000215a0a16000 DEOPT UNPACKING pc=0x0000021585f8662f sp=0x00000038f4ff9ee8 mode 2
Event: 32.024 Thread 0x00000215a0a16000 Uncommon trap: trap_request=0xffffffbe fr.pc=0x000002158dbec030 relative=0x0000000000000210
Event: 32.024 Thread 0x00000215a0a16000 Uncommon trap: reason=profile_predicate action=maybe_recompile pc=0x000002158dbec030 method=com.android.tools.r8.graph.c0.a([C)I @ 8 c2
Event: 32.024 Thread 0x00000215a0a16000 DEOPT PACKING pc=0x000002158dbec030 sp=0x00000038f4ff9f60
Event: 32.024 Thread 0x00000215a0a16000 DEOPT UNPACKING pc=0x0000021585f8662f sp=0x00000038f4ff9ee8 mode 2
Event: 32.038 Thread 0x00000215a0a19800 DEOPT PACKING pc=0x0000021588e7a542 sp=0x00000038f55f9a40
Event: 32.038 Thread 0x00000215a0a19800 DEOPT UNPACKING pc=0x0000021585f86dde sp=0x00000038f55f8f10 mode 0
Event: 32.041 Thread 0x00000215a0a1f000 DEOPT PACKING pc=0x0000021588f36fda sp=0x00000038f54f9880
Event: 32.041 Thread 0x00000215a0a1f000 DEOPT UNPACKING pc=0x0000021585f86dde sp=0x00000038f54f8dd8 mode 0

Classes redefined (0 events):
No events

Internal exceptions (20 events):
Event: 30.094 Thread 0x00000215a0a1f000 Exception <a 'sun/nio/fs/WindowsException'{0x000000009241eb88}> (0x000000009241eb88) thrown at [./src/hotspot/share/prims/jni.cpp, line 615]
Event: 30.099 Thread 0x00000215a0a17800 Exception <a 'sun/nio/fs/WindowsException'{0x000000009212e1a8}> (0x000000009212e1a8) thrown at [./src/hotspot/share/prims/jni.cpp, line 615]
Event: 30.116 Thread 0x00000215a0a12000 Exception <a 'sun/nio/fs/WindowsException'{0x000000009184e050}> (0x000000009184e050) thrown at [./src/hotspot/share/prims/jni.cpp, line 615]
Event: 30.119 Thread 0x00000215a0a19800 Exception <a 'java/lang/NoSuchMethodError'{0x0000000091ea23f0}: 'java.lang.Object java.lang.invoke.DirectMethodHandle$Holder.invokeStatic(java.lang.Object, long)'> (0x0000000091ea23f0) thrown at [./src/hotspot/share/interpreter/linkResolver.cpp, line 773]
Event: 30.147 Thread 0x00000215a0a19800 Exception <a 'java/lang/NoSuchMethodError'{0x0000000090d03220}: 'long java.lang.invoke.DirectMethodHandle$Holder.invokeStatic(java.lang.Object, java.lang.Object)'> (0x0000000090d03220) thrown at [./src/hotspot/share/interpreter/linkResolver.cpp, line 773]
Event: 30.191 Thread 0x00000215a0a16000 Exception <a 'sun/nio/fs/WindowsException'{0x000000008fedcb90}> (0x000000008fedcb90) thrown at [./src/hotspot/share/prims/jni.cpp, line 615]
Event: 30.243 Thread 0x00000215a0a19800 Exception <a 'java/lang/IncompatibleClassChangeError'{0x000000008ed783b8}: Found class java.lang.Object, but interface was expected> (0x000000008ed783b8) thrown at [./src/hotspot/share/interpreter/linkResolver.cpp, line 839]
Event: 30.244 Thread 0x00000215a0a19800 Exception <a 'java/lang/NoSuchMethodError'{0x000000008ed803e8}: 'java.lang.Object java.lang.invoke.DirectMethodHandle$Holder.newInvokeSpecial(java.lang.Object, int)'> (0x000000008ed803e8) thrown at [./src/hotspot/share/interpreter/linkResolver.cpp, line 773]
Event: 30.254 Thread 0x00000215a0a19800 Exception <a 'java/lang/IncompatibleClassChangeError'{0x000000008ea08ff8}: Found class java.lang.Object, but interface was expected> (0x000000008ea08ff8) thrown at [./src/hotspot/share/interpreter/linkResolver.cpp, line 839]
Event: 30.259 Thread 0x00000215a0a19800 Exception <a 'java/lang/IncompatibleClassChangeError'{0x000000008ea13028}: Found class java.lang.Object, but interface was expected> (0x000000008ea13028) thrown at [./src/hotspot/share/interpreter/linkResolver.cpp, line 839]
Event: 30.357 Thread 0x00000215a0a19800 Exception <a 'java/lang/NoSuchMethodError'{0x0000000092622f98}: 'void java.lang.invoke.DirectMethodHandle$Holder.invokeStatic(java.lang.Object, java.lang.Object, java.lang.Object, int)'> (0x0000000092622f98) thrown at [./src/hotspot/share/interpreter/linkResolver.cpp, line 773]
Event: 30.359 Thread 0x00000215a0a19800 Exception <a 'java/lang/IncompatibleClassChangeError'{0x000000009262ce90}: Found class java.lang.Object, but interface was expected> (0x000000009262ce90) thrown at [./src/hotspot/share/interpreter/linkResolver.cpp, line 839]
Event: 30.447 Thread 0x00000215a0a1c800 Exception <a 'sun/nio/fs/WindowsException'{0x0000000091088d48}> (0x0000000091088d48) thrown at [./src/hotspot/share/prims/jni.cpp, line 615]
Event: 30.745 Thread 0x00000215a0a19800 Exception <a 'java/lang/NoSuchMethodError'{0x0000000091a874e0}: 'int java.lang.invoke.DirectMethodHandle$Holder.invokeSpecial(java.lang.Object, java.lang.Object, java.lang.Object, java.lang.Object, java.lang.Object, java.lang.Object, java.lang.Object, java.lang.Object, java.lang.Object)'> (0x0000000091a874e0) thrown at [./src/hotspot/share/interpreter/linkResolver.cpp, line 773]
Event: 30.746 Thread 0x00000215a0a19800 Exception <a 'java/lang/NoSuchMethodError'{0x0000000091ad1a50}: 'java.lang.Object java.lang.invoke.Invokers$Holder.linkToTargetMethod(java.lang.Object, java.lang.Object, java.lang.Object, java.lang.Object, java.lang.Object, java.lang.Object, java.lang.Object, java.lang.Object)'> (0x0000000091ad1a50) thrown at [./src/hotspot/share/interpreter/linkResolver.cpp, line 773]
Event: 30.785 Thread 0x00000215a0a19800 Exception <a 'java/lang/NoSuchMethodError'{0x0000000090a00120}: 'int java.lang.invoke.DirectMethodHandle$Holder.invokeSpecial(java.lang.Object, java.lang.Object, java.lang.Object, java.lang.Object, java.lang.Object)'> (0x0000000090a00120) thrown at [./src/hotspot/share/interpreter/linkResolver.cpp, line 773]
Event: 31.062 Thread 0x00000215a0a19800 Exception <a 'java/lang/NoSuchMethodError'{0x000000009299d6d0}: 'java.lang.Object java.lang.invoke.DirectMethodHandle$Holder.invokeVirtual(java.lang.Object, java.lang.Object, int, java.lang.Object)'> (0x000000009299d6d0) thrown at [./src/hotspot/share/interpreter/linkResolver.cpp, line 773]
Event: 31.147 Thread 0x00000215a0a19800 Exception <a 'java/lang/NoSuchMethodError'{0x00000000913739f0}: 'void java.lang.invoke.DirectMethodHandle$Holder.invokeVirtual(java.lang.Object, java.lang.Object, int, java.lang.Object)'> (0x00000000913739f0) thrown at [./src/hotspot/share/interpreter/linkResolver.cpp, line 773]
Event: 31.464 Thread 0x00000215a0a17800 Exception <a 'java/lang/NoSuchMethodError'{0x00000000959ca870}: 'java.lang.Object java.lang.invoke.DirectMethodHandle$Holder.invokeInterface(java.lang.Object, java.lang.Object, int)'> (0x00000000959ca870) thrown at [./src/hotspot/share/interpreter/linkResolver.cpp, line 773]
Event: 31.505 Thread 0x00000215a0a1c800 Implicit null exception at 0x000002158dc227eb to 0x000002158dc26478

Events (20 events):
Event: 31.985 loading class com/android/tools/r8/code/y2 done
Event: 31.985 loading class com/android/tools/r8/code/t2
Event: 31.985 loading class com/android/tools/r8/code/t2 done
Event: 31.986 loading class com/android/tools/r8/code/A2
Event: 31.986 loading class com/android/tools/r8/code/A2 done
Event: 31.986 loading class com/android/tools/r8/code/z2
Event: 31.986 loading class com/android/tools/r8/code/z2 done
Event: 32.031 Executing VM operation: ICBufferFull
Event: 32.032 Executing VM operation: ICBufferFull done
Event: 32.037 loading class com/android/tools/r8/internal/m4
Event: 32.037 loading class com/android/tools/r8/internal/m4 done
Event: 32.042 loading class com/android/tools/r8/graph/P
Event: 32.042 loading class com/android/tools/r8/graph/P done
Event: 32.043 loading class com/android/tools/r8/internal/cw
Event: 32.043 loading class com/android/tools/r8/internal/cw done
Event: 32.057 Executing VM operation: CGC_Operation
Event: 32.058 Executing VM operation: CGC_Operation done
Event: 32.066 loading class com/android/tools/r8/ir/regalloc/a
Event: 32.066 loading class com/android/tools/r8/ir/regalloc/a done
Event: 32.071 Executing VM operation: G1CollectForAllocation


Dynamic libraries:
0x00007ff78b600000 - 0x00007ff78b60a000 	C:\Program Files\Android\Android Studio\jre\bin\java.exe
0x00007ffbc8290000 - 0x00007ffbc8485000 	C:\Windows\SYSTEM32\ntdll.dll
0x00007ffb92c30000 - 0x00007ffb92c44000 	C:\Program Files\AVG\Antivirus\x64\aswhooka.dll
0x00007ffbc7060000 - 0x00007ffbc711e000 	C:\Windows\System32\KERNEL32.DLL
0x00007ffbc5d00000 - 0x00007ffbc5fc8000 	C:\Windows\System32\KERNELBASE.dll
0x00007ffbc59a0000 - 0x00007ffbc5aa0000 	C:\Windows\System32\ucrtbase.dll
0x00007ffbba3d0000 - 0x00007ffbba3e9000 	C:\Program Files\Android\Android Studio\jre\bin\jli.dll
0x00007ffbc75d0000 - 0x00007ffbc7771000 	C:\Windows\System32\USER32.dll
0x00007ffbc5aa0000 - 0x00007ffbc5ac2000 	C:\Windows\System32\win32u.dll
0x00007ffbc7de0000 - 0x00007ffbc7e0b000 	C:\Windows\System32\GDI32.dll
0x00007ffbc61c0000 - 0x00007ffbc62cd000 	C:\Windows\System32\gdi32full.dll
0x00007ffbc5c30000 - 0x00007ffbc5ccd000 	C:\Windows\System32\msvcp_win.dll
0x00007ffbba020000 - 0x00007ffbba037000 	C:\Program Files\Android\Android Studio\jre\bin\VCRUNTIME140.dll
0x00007ffbb21b0000 - 0x00007ffbb244a000 	C:\Windows\WinSxS\amd64_microsoft.windows.common-controls_6595b64144ccf1df_6.0.19041.1110_none_60b5254171f9507e\COMCTL32.dll
0x00007ffbc6b40000 - 0x00007ffbc6bde000 	C:\Windows\System32\msvcrt.dll
0x00007ffbc6f20000 - 0x00007ffbc6f50000 	C:\Windows\System32\IMM32.DLL
0x00007ffb7e1e0000 - 0x00007ffb7e27d000 	C:\Program Files\Android\Android Studio\jre\bin\msvcp140.dll
0x00007ffb6d720000 - 0x00007ffb6e1f5000 	C:\Program Files\Android\Android Studio\jre\bin\server\jvm.dll
0x00007ffbc6e50000 - 0x00007ffbc6efe000 	C:\Windows\System32\ADVAPI32.dll
0x00007ffbc7b60000 - 0x00007ffbc7bfc000 	C:\Windows\System32\sechost.dll
0x00007ffbc7cb0000 - 0x00007ffbc7dd5000 	C:\Windows\System32\RPCRT4.dll
0x00007ffbc6f00000 - 0x00007ffbc6f08000 	C:\Windows\System32\PSAPI.DLL
0x00007ffbab300000 - 0x00007ffbab309000 	C:\Windows\SYSTEM32\WSOCK32.dll
0x00007ffbc8180000 - 0x00007ffbc81eb000 	C:\Windows\System32\WS2_32.dll
0x00007ffbbf570000 - 0x00007ffbbf597000 	C:\Windows\SYSTEM32\WINMM.dll
0x00007ffbc4840000 - 0x00007ffbc484a000 	C:\Windows\SYSTEM32\VERSION.dll
0x00007ffbc4800000 - 0x00007ffbc4812000 	C:\Windows\SYSTEM32\kernel.appcore.dll
0x00007ffbb9e20000 - 0x00007ffbb9e31000 	C:\Program Files\Android\Android Studio\jre\bin\verify.dll
0x00007ffbc35f0000 - 0x00007ffbc37d4000 	C:\Windows\SYSTEM32\DBGHELP.DLL
0x00007ffbbf540000 - 0x00007ffbbf56c000 	C:\Windows\SYSTEM32\dbgcore.DLL
0x00007ffbc5fd0000 - 0x00007ffbc6052000 	C:\Windows\System32\bcryptPrimitives.dll
0x00007ffb8a990000 - 0x00007ffb8a9b9000 	C:\Program Files\Android\Android Studio\jre\bin\java.dll
0x00007ffbbb8a0000 - 0x00007ffbbb8ab000 	C:\Program Files\Android\Android Studio\jre\bin\jimage.dll
0x00007ffb99c90000 - 0x00007ffb99ca8000 	C:\Program Files\Android\Android Studio\jre\bin\zip.dll
0x00007ffbc62d0000 - 0x00007ffbc6a14000 	C:\Windows\System32\SHELL32.dll
0x00007ffbc4060000 - 0x00007ffbc47f5000 	C:\Windows\SYSTEM32\windows.storage.dll
0x00007ffbc7800000 - 0x00007ffbc7b55000 	C:\Windows\System32\combase.dll
0x00007ffbc53f0000 - 0x00007ffbc541e000 	C:\Windows\SYSTEM32\Wldp.dll
0x00007ffbc7c00000 - 0x00007ffbc7cad000 	C:\Windows\System32\SHCORE.dll
0x00007ffbc6df0000 - 0x00007ffbc6e45000 	C:\Windows\System32\shlwapi.dll
0x00007ffbc58e0000 - 0x00007ffbc58ff000 	C:\Windows\SYSTEM32\profapi.dll
0x00007ffb8bb60000 - 0x00007ffb8bb7a000 	C:\Program Files\Android\Android Studio\jre\bin\net.dll
0x00007ffbbcba0000 - 0x00007ffbbccac000 	C:\Windows\SYSTEM32\WINHTTP.dll
0x00007ffbc5150000 - 0x00007ffbc51ba000 	C:\Windows\system32\mswsock.dll
0x00007ffb8ac60000 - 0x00007ffb8ac74000 	C:\Program Files\Android\Android Studio\jre\bin\nio.dll
0x00007ffbba040000 - 0x00007ffbba067000 	C:\Users\ShadiZidan\.gradle\native\8bec1ad78214c89d9ad589b4d07fe93259594b29d510b10fafb7a158f7737e5d\windows-amd64\native-platform.dll
0x00007ffb7eaf0000 - 0x00007ffb7ec2d000 	C:\Users\ShadiZidan\.gradle\native\53dbd7edfb1c66fb8903c78663c9afc45aea4f116125fa6feffd364cf09443e8\windows-amd64\native-platform-file-events.dll
0x00007ffbbb5f0000 - 0x00007ffbbb5fa000 	C:\Program Files\Android\Android Studio\jre\bin\management.dll
0x00007ffbba670000 - 0x00007ffbba67d000 	C:\Program Files\Android\Android Studio\jre\bin\management_ext.dll
0x00007ffbc5340000 - 0x00007ffbc5358000 	C:\Windows\SYSTEM32\CRYPTSP.dll
0x00007ffbc4a60000 - 0x00007ffbc4a94000 	C:\Windows\system32\rsaenh.dll
0x00007ffbc5cd0000 - 0x00007ffbc5cf7000 	C:\Windows\System32\bcrypt.dll
0x00007ffbc58a0000 - 0x00007ffbc58ce000 	C:\Windows\SYSTEM32\USERENV.dll
0x00007ffbc5360000 - 0x00007ffbc536c000 	C:\Windows\SYSTEM32\CRYPTBASE.dll
0x00007ffbc4df0000 - 0x00007ffbc4e2b000 	C:\Windows\SYSTEM32\IPHLPAPI.DLL
0x00007ffbc6f10000 - 0x00007ffbc6f18000 	C:\Windows\System32\NSI.dll
0x00007ffbbae80000 - 0x00007ffbbae97000 	C:\Windows\SYSTEM32\dhcpcsvc6.DLL
0x00007ffbbae60000 - 0x00007ffbbae7d000 	C:\Windows\SYSTEM32\dhcpcsvc.DLL
0x00007ffbc4e40000 - 0x00007ffbc4f0b000 	C:\Windows\SYSTEM32\DNSAPI.dll
0x00007ffb89810000 - 0x00007ffb89837000 	C:\Program Files\Android\Android Studio\jre\bin\sunec.dll
0x00007ffbba8f0000 - 0x00007ffbba8fa000 	C:\Windows\System32\rasadhlp.dll
0x00007ffbb34a0000 - 0x00007ffbb351f000 	C:\Windows\System32\fwpuclnt.dll

dbghelp: loaded successfully - version: 4.0.5 - missing functions: none
symbol engine: initialized successfully - sym options: 0x614 - pdb path: .;C:\Program Files\Android\Android Studio\jre\bin;C:\Windows\SYSTEM32;C:\Program Files\AVG\Antivirus\x64;C:\Windows\WinSxS\amd64_microsoft.windows.common-controls_6595b64144ccf1df_6.0.19041.1110_none_60b5254171f9507e;C:\Program Files\Android\Android Studio\jre\bin\server;C:\Users\ShadiZidan\.gradle\native\8bec1ad78214c89d9ad589b4d07fe93259594b29d510b10fafb7a158f7737e5d\windows-amd64;C:\Users\ShadiZidan\.gradle\native\53dbd7edfb1c66fb8903c78663c9afc45aea4f116125fa6feffd364cf09443e8\windows-amd64

VM Arguments:
jvm_args: --add-opens=java.base/java.util=ALL-UNNAMED --add-opens=java.base/java.lang=ALL-UNNAMED --add-opens=java.base/java.lang.invoke=ALL-UNNAMED --add-opens=java.base/java.util=ALL-UNNAMED --add-opens=java.prefs/java.util.prefs=ALL-UNNAMED --add-opens=java.prefs/java.util.prefs=ALL-UNNAMED --add-opens=java.base/java.nio.charset=ALL-UNNAMED --add-opens=java.base/java.net=ALL-UNNAMED --add-opens=java.base/java.util.concurrent.atomic=ALL-UNNAMED -Xmx2048m -Dfile.encoding=UTF-8 -Duser.country=US -Duser.language=en -Duser.variant 
java_command: org.gradle.launcher.daemon.bootstrap.GradleDaemon 7.0.2
java_class_path (initial): C:\Users\ShadiZidan\.gradle\wrapper\dists\gradle-7.0.2-bin\857tjihv64xamwrf0h14cai3r\gradle-7.0.2\lib\gradle-launcher-7.0.2.jar
Launcher Type: SUN_STANDARD

[Global flags]
     intx CICompilerCount                          = 4                                         {product} {ergonomic}
     uint ConcGCThreads                            = 2                                         {product} {ergonomic}
     uint G1ConcRefinementThreads                  = 8                                         {product} {ergonomic}
   size_t G1HeapRegionSize                         = 1048576                                   {product} {ergonomic}
    uintx GCDrainStackTargetSize                   = 64                                        {product} {ergonomic}
   size_t InitialHeapSize                          = 266338304                                 {product} {ergonomic}
   size_t MarkStackSize                            = 4194304                                   {product} {ergonomic}
   size_t MaxHeapSize                              = 2147483648                                {product} {command line}
   size_t MaxNewSize                               = 1287651328                                {product} {ergonomic}
   size_t MinHeapDeltaBytes                        = 1048576                                   {product} {ergonomic}
    uintx NonNMethodCodeHeapSize                   = 5836300                                {pd product} {ergonomic}
    uintx NonProfiledCodeHeapSize                  = 122910970                              {pd product} {ergonomic}
    uintx ProfiledCodeHeapSize                     = 122910970                              {pd product} {ergonomic}
    uintx ReservedCodeCacheSize                    = 251658240                              {pd product} {ergonomic}
     bool SegmentedCodeCache                       = true                                      {product} {ergonomic}
     bool UseCompressedClassPointers               = true                                 {lp64_product} {ergonomic}
     bool UseCompressedOops                        = true                                 {lp64_product} {ergonomic}
     bool UseG1GC                                  = true                                      {product} {ergonomic}
     bool UseLargePagesIndividualAllocation        = false                                  {pd product} {ergonomic}

Logging:
Log output configuration:
 #0: stdout all=warning uptime,level,tags
 #1: stderr all=off uptime,level,tags

Environment Variables:
JAVA_HOME=C:\Program Files\Java\jre1.8.0_311\bin
PATH=C:\Program Files (x86)\Common Files\Oracle\Java\javapath;C:\Windows\system32;C:\Windows;C:\Windows\System32\Wbem;C:\Windows\System32\WindowsPowerShell\v1.0\;C:\Windows\System32\OpenSSH\;C:\Program Files\Microsoft SQL Server\Client SDK\ODBC\170\Tools\Binn\;C:\Program Files (x86)\Microsoft SQL Server\150\Tools\Binn\;C:\Program Files\Microsoft SQL Server\150\Tools\Binn\;C:\Program Files\Microsoft SQL Server\150\DTS\Binn\;C:\Program Files (x86)\Microsoft SQL Server\150\DTS\Binn\;C:\Program Files\Azure Data Studio\bin;C:\Program Files\Microsoft SQL Server\130\Tools\Binn\;C:\Program Files\SourceGear\Common\DiffMerge\;C:\Program Files\Microsoft SQL Server\110\Tools\Binn\;C:\Program Files\dotnet\;C:\Program Files\nodejs\;C:\Program Files\Git\cmd;C:\Program Files\MySQL\MySQL Shell 8.0\bin\;C:\Program Files\Java\jdk-11.0.10\bin;C:\Users\ShadiZidan\AppData\Local\Android\android-sdk-hp\platform-tools;C:\Program Files\Azure Data Studio\bin;C:\Users\ShadiZidan\.dotnet\tools;C:\Users\ShadiZidan\AppData\Local\Programs\Microsoft VS Code\bin;C:\Users\ShadiZidan\AppData\Roaming\npm;C:\Users\ShadiZidan\AppData\Local\Android\android-sdk\tools;C:\Users\ShadiZidan\Desktop\apache-ant-1.10.12\bin;C:\Program Files\Java\jre1.8.0_311\bin;C:\Users\ShadiZidan\AppData\Local\GitHubDesktop\bin
USERNAME=ShadiZidan
OS=Windows_NT
PROCESSOR_IDENTIFIER=Intel64 Family 6 Model 142 Stepping 12, GenuineIntel



---------------  S Y S T E M  ---------------

OS: Windows 10 , 64 bit Build 19041 (10.0.19041.1466)
OS uptime: 14 days 6:51 hours

CPU:total 8 (initial active 8) (4 cores per cpu, 2 threads per core) family 6 model 142 stepping 12 microcode 0xd6, cmov, cx8, fxsr, mmx, sse, sse2, sse3, ssse3, sse4.1, sse4.2, popcnt, avx, avx2, aes, clmul, erms, 3dnowpref, lzcnt, ht, tsc, tscinvbit, bmi1, bmi2, adx, fma

Memory: 4k page, system-wide physical 16140M (3252M free)
TotalPageFile size 19140M (AvailPageFile size 224M)
current process WorkingSet (physical memory assigned to process): 833M, peak: 833M
current process commit charge ("private bytes"): 900M, peak: 1146M

vm_info: OpenJDK 64-Bit Server VM (11.0.11+9-b60-7590822) for windows-amd64 JRE (11.0.11+9-b60-7590822), built on Jul 29 2021 21:43:44 by "builder" with MS VC++ 14.0 (VS2015)

END.
