#
# There is insufficient memory for the Java Runtime Environment to continue.
# Native memory allocation (mmap) failed to map 266338304 bytes for Failed to commit area from 0x0000000703c00000 to 0x0000000713a00000 of length 266338304.
# Possible reasons:
#   The system is out of physical RAM or swap space
#   The process is running with CompressedOops enabled, and the Java Heap may be blocking the growth of the native heap
# Possible solutions:
#   Reduce memory load on the system
#   Increase physical memory or swap space
#   Check if swap backing store is full
#   Decrease Java heap size (-Xmx/-Xms)
#   Decrease number of Java threads
#   Decrease Java thread stack sizes (-Xss)
#   Set larger code cache with -XX:ReservedCodeCacheSize=
# This output file may be truncated or incomplete.
#
#  Out of Memory Error (./src/hotspot/os/windows/os_windows.cpp:3301), pid=18528, tid=33520
#
# JRE version:  (11.0.11+9) (build )
# Java VM: OpenJDK 64-Bit Server VM (11.0.11+9-b60-7590822, mixed mode, sharing, tiered, compressed oops, g1 gc, windows-amd64)
# No core dump will be written. Minidumps are not enabled by default on client versions of Windows
#

---------------  S U M M A R Y ------------

Command Line: org.jetbrains.git4idea.http.GitAskPassApp Username for 'https://github.com': 

Host: Intel(R) Core(TM) i7-10510U CPU @ 1.80GHz, 8 cores, 15G,  Windows 10 , 64 bit Build 19041 (10.0.19041.1466)
Time: Mon Feb 28 16:06:10 2022 Jerusalem Standard Time elapsed time: 0.007731 seconds (0d 0h 0m 0s)

---------------  T H R E A D  ---------------

Current thread (0x0000029ad0b53800):  JavaThread "Unknown thread" [_thread_in_vm, id=33520, stack(0x000000f0c8b00000,0x000000f0c8c00000)]

Stack: [0x000000f0c8b00000,0x000000f0c8c00000]
Native frames: (J=compiled Java code, j=interpreted, Vv=VM code, C=native code)
V  [jvm.dll+0x5f214a]
V  [jvm.dll+0x726fb5]
V  [jvm.dll+0x7285cd]
V  [jvm.dll+0x728c83]
V  [jvm.dll+0x243278]
V  [jvm.dll+0x5ef544]
V  [jvm.dll+0x5e4495]
V  [jvm.dll+0x2fec5b]
V  [jvm.dll+0x2febca]
V  [jvm.dll+0x2feaa2]
V  [jvm.dll+0x303986]
V  [jvm.dll+0x34c3a3]
V  [jvm.dll+0x34caa6]
V  [jvm.dll+0x34c4a3]
V  [jvm.dll+0x2d9688]
V  [jvm.dll+0x2da837]
V  [jvm.dll+0x705ba7]
V  [jvm.dll+0x70739c]
V  [jvm.dll+0x3598f9]
V  [jvm.dll+0x6e931e]
V  [jvm.dll+0x3c1c43]
V  [jvm.dll+0x3c3e81]
C  [jli.dll+0x5373]
C  [ucrtbase.dll+0x21bb2]
C  [KERNEL32.DLL+0x17034]
C  [ntdll.dll+0x52651]


---------------  P R O C E S S  ---------------

Threads class SMR info:
_java_thread_list=0x0000029aceab3150, length=0, elements={
}

Java Threads: ( => current thread )

Other Threads:
  0x0000029ad0b69800 GCTaskThread "GC Thread#0" [stack: 0x000000f0c8c00000,0x000000f0c8d00000] [id=24632]
  0x0000029ad0bc6800 ConcurrentGCThread "G1 Main Marker" [stack: 0x000000f0c8d00000,0x000000f0c8e00000] [id=22472]
  0x0000029ad0bcb000 ConcurrentGCThread "G1 Conc#0" [stack: 0x000000f0c8e00000,0x000000f0c8f00000] [id=28860]

[error occurred during error reporting (printing all threads), id 0xc0000005, EXCEPTION_ACCESS_VIOLATION (0xc0000005) at pc=0x00007ffb6da09c47]

VM state:not at safepoint (not fully initialized)

VM Mutex/Monitor currently owned by a thread:  ([mutex/lock_event])
[0x0000029ad0b4f0a0] Heap_lock - owner thread: 0x0000029ad0b53800

Heap address: 0x0000000703c00000, size: 4036 MB, Compressed Oops mode: Non-zero based: 0x0000000703c00000
Narrow klass base: 0x0000000000000000, Narrow klass shift: 0

GC Heap History (0 events):
No events

Deoptimization events (0 events):
No events

Classes redefined (0 events):
No events

Internal exceptions (0 events):
No events

Events (1 events):
Event: 0.005 Loaded shared library C:\Program Files\Android\Android Studio\jre\bin\zip.dll


Dynamic libraries:
0x00007ff78b600000 - 0x00007ff78b60a000 	C:\Program Files\Android\Android Studio\jre\bin\java.exe
0x00007ffbc8290000 - 0x00007ffbc8485000 	C:\Windows\SYSTEM32\ntdll.dll
0x00007ffb92c30000 - 0x00007ffb92c44000 	C:\Program Files\AVG\Antivirus\x64\aswhooka.dll
0x00007ffbc7060000 - 0x00007ffbc711e000 	C:\Windows\System32\KERNEL32.DLL
0x00007ffbc5d00000 - 0x00007ffbc5fc8000 	C:\Windows\System32\KERNELBASE.dll
0x00007ffbc59a0000 - 0x00007ffbc5aa0000 	C:\Windows\System32\ucrtbase.dll
0x00007ffbba590000 - 0x00007ffbba5a9000 	C:\Program Files\Android\Android Studio\jre\bin\jli.dll
0x00007ffbc75d0000 - 0x00007ffbc7771000 	C:\Windows\System32\USER32.dll
0x00007ffbc5aa0000 - 0x00007ffbc5ac2000 	C:\Windows\System32\win32u.dll
0x00007ffbc7de0000 - 0x00007ffbc7e0b000 	C:\Windows\System32\GDI32.dll
0x00007ffbc61c0000 - 0x00007ffbc62cd000 	C:\Windows\System32\gdi32full.dll
0x00007ffbc5c30000 - 0x00007ffbc5ccd000 	C:\Windows\System32\msvcp_win.dll
0x00007ffbba570000 - 0x00007ffbba587000 	C:\Program Files\Android\Android Studio\jre\bin\VCRUNTIME140.dll
0x00007ffbb21b0000 - 0x00007ffbb244a000 	C:\Windows\WinSxS\amd64_microsoft.windows.common-controls_6595b64144ccf1df_6.0.19041.1110_none_60b5254171f9507e\COMCTL32.dll
0x00007ffbc6b40000 - 0x00007ffbc6bde000 	C:\Windows\System32\msvcrt.dll
0x00007ffbc6f20000 - 0x00007ffbc6f50000 	C:\Windows\System32\IMM32.DLL
0x00007ffb8a650000 - 0x00007ffb8a6ed000 	C:\Program Files\Android\Android Studio\jre\bin\msvcp140.dll
0x00007ffb6d720000 - 0x00007ffb6e1f5000 	C:\Program Files\Android\Android Studio\jre\bin\server\jvm.dll
0x00007ffbc6e50000 - 0x00007ffbc6efe000 	C:\Windows\System32\ADVAPI32.dll
0x00007ffbc7b60000 - 0x00007ffbc7bfc000 	C:\Windows\System32\sechost.dll
0x00007ffbc7cb0000 - 0x00007ffbc7dd5000 	C:\Windows\System32\RPCRT4.dll
0x00007ffbc6f00000 - 0x00007ffbc6f08000 	C:\Windows\System32\PSAPI.DLL
0x00007ffbab300000 - 0x00007ffbab309000 	C:\Windows\SYSTEM32\WSOCK32.dll
0x00007ffbc8180000 - 0x00007ffbc81eb000 	C:\Windows\System32\WS2_32.dll
0x00007ffbbf570000 - 0x00007ffbbf597000 	C:\Windows\SYSTEM32\WINMM.dll
0x00007ffbc4840000 - 0x00007ffbc484a000 	C:\Windows\SYSTEM32\VERSION.dll
0x00007ffbc4800000 - 0x00007ffbc4812000 	C:\Windows\SYSTEM32\kernel.appcore.dll
0x00007ffbb9e20000 - 0x00007ffbb9e31000 	C:\Program Files\Android\Android Studio\jre\bin\verify.dll
0x00007ffbc35f0000 - 0x00007ffbc37d4000 	C:\Windows\SYSTEM32\DBGHELP.DLL
0x00007ffbbf540000 - 0x00007ffbbf56c000 	C:\Windows\SYSTEM32\dbgcore.DLL
0x00007ffbc5fd0000 - 0x00007ffbc6052000 	C:\Windows\System32\bcryptPrimitives.dll
0x00007ffb8a990000 - 0x00007ffb8a9b9000 	C:\Program Files\Android\Android Studio\jre\bin\java.dll
0x00007ffbbb8a0000 - 0x00007ffbbb8ab000 	C:\Program Files\Android\Android Studio\jre\bin\jimage.dll
0x00007ffb99c90000 - 0x00007ffb99ca8000 	C:\Program Files\Android\Android Studio\jre\bin\zip.dll

dbghelp: loaded successfully - version: 4.0.5 - missing functions: none
symbol engine: initialized successfully - sym options: 0x614 - pdb path: .;C:\Program Files\Android\Android Studio\jre\bin;C:\Windows\SYSTEM32;C:\Program Files\AVG\Antivirus\x64;C:\Windows\WinSxS\amd64_microsoft.windows.common-controls_6595b64144ccf1df_6.0.19041.1110_none_60b5254171f9507e;C:\Program Files\Android\Android Studio\jre\bin\server

VM Arguments:
java_command: org.jetbrains.git4idea.http.GitAskPassApp Username for 'https://github.com': 
java_class_path (initial): C:/Program Files/Android/Android Studio/plugins/git4idea/lib/git4idea-rt.jar;C:/Program Files/Android/Android Studio/lib/xmlrpc-2.0.1.jar;C:/Program Files/Android/Android Studio/lib/commons-codec-1.15.jar
Launcher Type: SUN_STANDARD

[Global flags]
     intx CICompilerCount                          = 4                                         {product} {ergonomic}
     uint ConcGCThreads                            = 2                                         {product} {ergonomic}
     uint G1ConcRefinementThreads                  = 8                                         {product} {ergonomic}
   size_t G1HeapRegionSize                         = 1048576                                   {product} {ergonomic}
    uintx GCDrainStackTargetSize                   = 64                                        {product} {ergonomic}
   size_t InitialHeapSize                          = 266338304                                 {product} {ergonomic}
   size_t MarkStackSize                            = 4194304                                   {product} {ergonomic}
   size_t MaxHeapSize                              = 4232052736                                {product} {ergonomic}
   size_t MinHeapDeltaBytes                        = 1048576                                   {product} {ergonomic}
    uintx NonNMethodCodeHeapSize                   = 5836300                                {pd product} {ergonomic}
    uintx NonProfiledCodeHeapSize                  = 122910970                              {pd product} {ergonomic}
    uintx ProfiledCodeHeapSize                     = 122910970                              {pd product} {ergonomic}
    uintx ReservedCodeCacheSize                    = 251658240                              {pd product} {ergonomic}
     bool SegmentedCodeCache                       = true                                      {product} {ergonomic}
     bool UseCompressedClassPointers               = true                                 {lp64_product} {ergonomic}
     bool UseCompressedOops                        = true                                 {lp64_product} {ergonomic}
     bool UseG1GC                                  = true                                      {product} {ergonomic}
     bool UseLargePagesIndividualAllocation        = false                                  {pd product} {ergonomic}

Logging:
Log output configuration:
 #0: stdout all=warning uptime,level,tags
 #1: stderr all=off uptime,level,tags

Environment Variables:
JAVA_HOME=C:\Program Files\Java\jre1.8.0_311\bin
PATH=C:/Program Files/Git/mingw64/libexec/git-core;C:/Program Files/Git/mingw64/libexec/git-core;C:\Program Files\Git\mingw64\bin;C:\Program Files\Git\usr\bin;C:\Users\ShadiZidan\bin;C:\Program Files (x86)\Common Files\Oracle\Java\javapath;C:\Windows\system32;C:\Windows;C:\Windows\System32\Wbem;C:\Windows\System32\WindowsPowerShell\v1.0\;C:\Windows\System32\OpenSSH\;C:\Program Files\Microsoft SQL Server\Client SDK\ODBC\170\Tools\Binn\;C:\Program Files (x86)\Microsoft SQL Server\150\Tools\Binn\;C:\Program Files\Microsoft SQL Server\150\Tools\Binn\;C:\Program Files\Microsoft SQL Server\150\DTS\Binn\;C:\Program Files (x86)\Microsoft SQL Server\150\DTS\Binn\;C:\Program Files\Azure Data Studio\bin;C:\Program Files\Microsoft SQL Server\130\Tools\Binn\;C:\Program Files\SourceGear\Common\DiffMerge\;C:\Program Files\Microsoft SQL Server\110\Tools\Binn\;C:\Program Files\dotnet\;C:\Program Files\nodejs\;C:\Program Files\Git\cmd;C:\Program Files\MySQL\MySQL Shell 8.0\bin\;C:\Program Files\Java\jdk-11.0.10\bin;C:\Users\ShadiZidan\AppData\Local\Android\android-sdk-hp\platform-tools;C:\Program Files\Azure Data Studio\bin;C:\Users\ShadiZidan\.dotnet\tools;C:\Users\ShadiZidan\AppData\Local\Programs\Microsoft VS Code\bin;C:\Users\ShadiZidan\AppData\Roaming\npm;C:\Users\ShadiZidan\AppData\Local\Android\android-sdk\tools;C:\Users\ShadiZidan\Desktop\apache-ant-1.10.12\bin;C:\Program Files\Java\jre1.8.0_311\bin;C:\Users\ShadiZidan\AppData\Local\GitHubDesktop\bin
USERNAME=ShadiZidan
DISPLAY=:0.0
LC_ALL=en_US.UTF-8
OS=Windows_NT
PROCESSOR_IDENTIFIER=Intel64 Family 6 Model 142 Stepping 12, GenuineIntel



---------------  S Y S T E M  ---------------

OS: Windows 10 , 64 bit Build 19041 (10.0.19041.1466)
OS uptime: 14 days 6:59 hours

CPU:total 8 (initial active 8) (4 cores per cpu, 2 threads per core) family 6 model 142 stepping 12 microcode 0xd6, cmov, cx8, fxsr, mmx, sse, sse2, sse3, ssse3, sse4.1, sse4.2, popcnt, avx, avx2, aes, clmul, erms, 3dnowpref, lzcnt, ht, tsc, tscinvbit, bmi1, bmi2, adx, fma

Memory: 4k page, system-wide physical 16140M (3738M free)
TotalPageFile size 19140M (AvailPageFile size 209M)
current process WorkingSet (physical memory assigned to process): 10M, peak: 10M
current process commit charge ("private bytes"): 60M, peak: 314M

vm_info: OpenJDK 64-Bit Server VM (11.0.11+9-b60-7590822) for windows-amd64 JRE (11.0.11+9-b60-7590822), built on Jul 29 2021 21:43:44 by "builder" with MS VC++ 14.0 (VS2015)

END.
