#
# There is insufficient memory for the Java Runtime Environment to continue.
# Native memory allocation (mmap) failed to map 71303168 bytes for Failed to commit area from 0x0000000096e00000 to 0x000000009b200000 of length 71303168.
# Possible reasons:
#   The system is out of physical RAM or swap space
#   The process is running with CompressedOops enabled, and the Java Heap may be blocking the growth of the native heap
# Possible solutions:
#   Reduce memory load on the system
#   Increase physical memory or swap space
#   Check if swap backing store is full
#   Decrease Java heap size (-Xmx/-Xms)
#   Decrease number of Java threads
#   Decrease Java thread stack sizes (-Xss)
#   Set larger code cache with -XX:ReservedCodeCacheSize=
#   JVM is running with Unscaled Compressed Oops mode in which the Java heap is
#     placed in the first 4GB address space. The Java Heap base address is the
#     maximum limit for the native heap growth. Please use -XX:HeapBaseMinAddress
#     to set the Java Heap base and to place the Java Heap above 4GB virtual address.
# This output file may be truncated or incomplete.
#
#  Out of Memory Error (./src/hotspot/os/windows/os_windows.cpp:3301), pid=19724, tid=23604
#
# JRE version: OpenJDK Runtime Environment (11.0.11+9) (build 11.0.11+9-b60-7590822)
# Java VM: OpenJDK 64-Bit Server VM (11.0.11+9-b60-7590822, mixed mode, tiered, compressed oops, g1 gc, windows-amd64)
# No core dump will be written. Minidumps are not enabled by default on client versions of Windows
#

---------------  S U M M A R Y ------------

Command Line: --add-opens=java.base/java.util=ALL-UNNAMED --add-opens=java.base/java.lang=ALL-UNNAMED --add-opens=java.base/java.lang.invoke=ALL-UNNAMED --add-opens=java.base/java.util=ALL-UNNAMED --add-opens=java.prefs/java.util.prefs=ALL-UNNAMED --add-opens=java.prefs/java.util.prefs=ALL-UNNAMED --add-opens=java.base/java.nio.charset=ALL-UNNAMED --add-opens=java.base/java.net=ALL-UNNAMED --add-opens=java.base/java.util.concurrent.atomic=ALL-UNNAMED -Xmx2048m -Dfile.encoding=UTF-8 -Duser.country=US -Duser.language=en -Duser.variant org.gradle.launcher.daemon.bootstrap.GradleDaemon 7.0.2

Host: Intel(R) Core(TM) i7-10510U CPU @ 1.80GHz, 8 cores, 15G,  Windows 10 , 64 bit Build 19041 (10.0.19041.1466)
Time: Mon Feb 28 16:04:27 2022 Jerusalem Standard Time elapsed time: 12.784431 seconds (0d 0h 0m 12s)

---------------  T H R E A D  ---------------

Current thread (0x000002505bcaa800):  VMThread "VM Thread" [stack: 0x000000689aa00000,0x000000689ab00000] [id=23604]

Stack: [0x000000689aa00000,0x000000689ab00000]
[error occurred during error reporting (printing stack bounds), id 0xc0000005, EXCEPTION_ACCESS_VIOLATION (0xc0000005) at pc=0x00000250452f0f2d]

Native frames: (J=compiled Java code, j=interpreted, Vv=VM code, C=native code)
V  [jvm.dll+0x5f214a]
V  [jvm.dll+0x726fb5]
V  [jvm.dll+0x7285cd]
V  [jvm.dll+0x728be5]
V  [jvm.dll+0x728b9b]
V  [jvm.dll+0x5f14e8]
V  [jvm.dll+0x5f1c78]
C  [ntdll.dll+0xa20cf]
C  [ntdll.dll+0x51454]
C  [ntdll.dll+0xa0bfe]
C  0x00000250452f0f2d

VM_Operation (0x000000689e0f8f20): G1CollectForAllocation, mode: safepoint, requested by thread 0x000002505ee3c000


---------------  P R O C E S S  ---------------

Threads class SMR info:
_java_thread_list=0x00000250689765c0, length=62, elements={
0x00000250417f3000, 0x000002505bcad800, 0x000002505c4ea800, 0x000002505c50b800,
0x000002505c50d000, 0x000002505c50e000, 0x000002505c50f000, 0x000002505c55c800,
0x000002505c562800, 0x000002505c6d3000, 0x000002505dbaa800, 0x000002505daeb800,
0x000002505e007800, 0x000002505de56800, 0x000002505dfe9000, 0x000002505e077000,
0x000002505e10d000, 0x000002505e10d800, 0x000002505e0f0000, 0x000002505e0ee000,
0x000002505e0ec800, 0x000002505e0f0800, 0x000002505e0eb800, 0x000002505e0ef000,
0x000002505e0eb000, 0x000002505e0ed800, 0x000002505e0f1800, 0x000002505ed99800,
0x000002505eda0000, 0x000002505ed9d800, 0x000002505ed9a800, 0x000002505f12f000,
0x000002505eda1800, 0x000002505ed9c000, 0x000002505ed9f800, 0x000002505eda3800,
0x000002505eda4000, 0x000002505ed9e800, 0x000002505eda8800, 0x000002505eda5000,
0x000002505eda6000, 0x000002505eda7800, 0x000002505eda6800, 0x000002505ee3c800,
0x000002505ee3d800, 0x000002505ee3c000, 0x000002505ee3f000, 0x000002505ee3e800,
0x000002505ee40000, 0x000002505ee3b000, 0x000002505ee42800, 0x000002505ee46800,
0x000002505ee45000, 0x000002505ee45800, 0x000002505ee41000, 0x000002505ee47800,
0x000002505ee48000, 0x000002505ee49000, 0x000002505ee4a000, 0x0000025069040800,
0x000002506903b800, 0x000002506903e800
}

Java Threads: ( => current thread )
  0x00000250417f3000 JavaThread "main" [_thread_blocked, id=3932, stack(0x000000689a400000,0x000000689a500000)]
  0x000002505bcad800 JavaThread "Reference Handler" daemon [_thread_blocked, id=35468, stack(0x000000689ab00000,0x000000689ac00000)]
  0x000002505c4ea800 JavaThread "Finalizer" daemon [_thread_blocked, id=22444, stack(0x000000689ac00000,0x000000689ad00000)]
  0x000002505c50b800 JavaThread "Signal Dispatcher" daemon [_thread_blocked, id=30828, stack(0x000000689ad00000,0x000000689ae00000)]
  0x000002505c50d000 JavaThread "Attach Listener" daemon [_thread_blocked, id=24980, stack(0x000000689ae00000,0x000000689af00000)]
  0x000002505c50e000 JavaThread "Service Thread" daemon [_thread_blocked, id=31952, stack(0x000000689af00000,0x000000689b000000)]
  0x000002505c50f000 JavaThread "C2 CompilerThread0" daemon [_thread_in_native, id=17120, stack(0x000000689b000000,0x000000689b100000)]
  0x000002505c55c800 JavaThread "C1 CompilerThread0" daemon [_thread_blocked, id=28932, stack(0x000000689b100000,0x000000689b200000)]
  0x000002505c562800 JavaThread "Sweeper thread" daemon [_thread_blocked, id=31992, stack(0x000000689b200000,0x000000689b300000)]
  0x000002505c6d3000 JavaThread "Common-Cleaner" daemon [_thread_blocked, id=8720, stack(0x000000689b300000,0x000000689b400000)]
  0x000002505dbaa800 JavaThread "Daemon health stats" [_thread_blocked, id=32184, stack(0x000000689bb00000,0x000000689bc00000)]
  0x000002505daeb800 JavaThread "Incoming local TCP Connector on port 54744" [_thread_in_native, id=12496, stack(0x000000689b500000,0x000000689b600000)]
  0x000002505e007800 JavaThread "Daemon periodic checks" [_thread_blocked, id=31684, stack(0x000000689bc00000,0x000000689bd00000)]
  0x000002505de56800 JavaThread "Daemon" [_thread_blocked, id=34196, stack(0x000000689bd00000,0x000000689be00000)]
  0x000002505dfe9000 JavaThread "Handler for socket connection from /127.0.0.1:54744 to /127.0.0.1:54745" [_thread_in_native, id=33588, stack(0x000000689be00000,0x000000689bf00000)]
  0x000002505e077000 JavaThread "Cancel handler" [_thread_blocked, id=23972, stack(0x000000689bf00000,0x000000689c000000)]
  0x000002505e10d000 JavaThread "C2 CompilerThread1" daemon [_thread_in_native, id=17728, stack(0x000000689c000000,0x000000689c100000)]
  0x000002505e10d800 JavaThread "Daemon worker" [_thread_blocked, id=20768, stack(0x000000689c100000,0x000000689c200000)]
  0x000002505e0f0000 JavaThread "Asynchronous log dispatcher for DefaultDaemonConnection: socket connection from /127.0.0.1:54744 to /127.0.0.1:54745" [_thread_blocked, id=30756, stack(0x000000689c200000,0x000000689c300000)]
  0x000002505e0ee000 JavaThread "Stdin handler" [_thread_blocked, id=16940, stack(0x000000689c300000,0x000000689c400000)]
  0x000002505e0ec800 JavaThread "Daemon client event forwarder" [_thread_blocked, id=32072, stack(0x000000689c400000,0x000000689c500000)]
  0x000002505e0f0800 JavaThread "Cache worker for file hash cache (C:\Users\ShadiZidan\.gradle\caches\7.0.2\fileHashes)" [_thread_blocked, id=12364, stack(0x000000689c500000,0x000000689c600000)]
  0x000002505e0eb800 JavaThread "File lock request listener" [_thread_in_native, id=33648, stack(0x000000689c600000,0x000000689c700000)]
  0x000002505e0ef000 JavaThread "Cache worker for journal cache (C:\Users\ShadiZidan\.gradle\caches\journal-1)" [_thread_blocked, id=20340, stack(0x000000689ca00000,0x000000689cb00000)]
  0x000002505e0eb000 JavaThread "Cache worker for file hash cache (C:\Users\ShadiZidan\Desktop\nuwrss\.gradle\7.0.2\fileHashes)" [_thread_blocked, id=9524, stack(0x000000689cb00000,0x000000689cc00000)]
  0x000002505e0ed800 JavaThread "File watcher server" daemon [_thread_blocked, id=14700, stack(0x000000689cc00000,0x000000689cd00000)]
  0x000002505e0f1800 JavaThread "File watcher consumer" daemon [_thread_blocked, id=23832, stack(0x000000689cd00000,0x000000689ce00000)]
  0x000002505ed99800 JavaThread "Cache worker for checksums cache (C:\Users\ShadiZidan\Desktop\nuwrss\.gradle\checksums)" [_thread_blocked, id=7420, stack(0x000000689ce00000,0x000000689cf00000)]
  0x000002505eda0000 JavaThread "Cache worker for cache directory md-supplier (C:\Users\ShadiZidan\.gradle\caches\7.0.2\md-supplier)" [_thread_blocked, id=23940, stack(0x000000689cf00000,0x000000689d000000)]
  0x000002505ed9d800 JavaThread "Cache worker for cache directory md-rule (C:\Users\ShadiZidan\.gradle\caches\7.0.2\md-rule)" [_thread_blocked, id=14056, stack(0x000000689d000000,0x000000689d100000)]
  0x000002505ed9a800 JavaThread "Cache worker for execution history cache (C:\Users\ShadiZidan\.gradle\caches\7.0.2\executionHistory)" [_thread_blocked, id=35796, stack(0x000000689d100000,0x000000689d200000)]
  0x000002505f12f000 JavaThread "C2 CompilerThread2" daemon [_thread_in_native, id=30540, stack(0x000000689d200000,0x000000689d300000)]
  0x000002505eda1800 JavaThread "jar transforms" [_thread_blocked, id=22752, stack(0x000000689d300000,0x000000689d400000)]
  0x000002505ed9c000 JavaThread "jar transforms Thread 2" [_thread_blocked, id=28876, stack(0x000000689d400000,0x000000689d500000)]
  0x000002505ed9f800 JavaThread "Cache worker for file content cache (C:\Users\ShadiZidan\.gradle\caches\7.0.2\fileContent)" [_thread_blocked, id=33312, stack(0x000000689d500000,0x000000689d600000)]
  0x000002505eda3800 JavaThread "Cache worker for dependencies-accessors (C:\Users\ShadiZidan\Desktop\nuwrss\.gradle\7.0.2\dependencies-accessors)" [_thread_blocked, id=36628, stack(0x000000689d600000,0x000000689d700000)]
  0x000002505eda4000 JavaThread "jar transforms Thread 3" [_thread_blocked, id=18444, stack(0x000000689d700000,0x000000689d800000)]
  0x000002505ed9e800 JavaThread "Cache worker for Build Output Cleanup Cache (C:\Users\ShadiZidan\Desktop\nuwrss\.gradle\buildOutputCleanup)" [_thread_blocked, id=36060, stack(0x000000689d800000,0x000000689d900000)]
  0x000002505eda8800 JavaThread "Build operations" [_thread_blocked, id=3976, stack(0x000000689d900000,0x000000689da00000)]
  0x000002505eda5000 JavaThread "Build operations Thread 2" [_thread_blocked, id=29140, stack(0x000000689da00000,0x000000689db00000)]
  0x000002505eda6000 JavaThread "Build operations Thread 3" [_thread_blocked, id=35356, stack(0x000000689db00000,0x000000689dc00000)]
  0x000002505eda7800 JavaThread "Build operations Thread 4" [_thread_blocked, id=27624, stack(0x000000689dc00000,0x000000689dd00000)]
  0x000002505eda6800 JavaThread "Build operations Thread 5" [_thread_blocked, id=19468, stack(0x000000689dd00000,0x000000689de00000)]
  0x000002505ee3c800 JavaThread "Build operations Thread 6" [_thread_blocked, id=23612, stack(0x000000689de00000,0x000000689df00000)]
  0x000002505ee3d800 JavaThread "Build operations Thread 7" [_thread_blocked, id=25272, stack(0x000000689df00000,0x000000689e000000)]
  0x000002505ee3c000 JavaThread "Build operations Thread 8" [_thread_blocked, id=23268, stack(0x000000689e000000,0x000000689e100000)]
  0x000002505ee3f000 JavaThread "jar transforms Thread 4" [_thread_blocked, id=10568, stack(0x000000689e100000,0x000000689e200000)]
  0x000002505ee3e800 JavaThread "jar transforms Thread 5" [_thread_blocked, id=21400, stack(0x000000689e200000,0x000000689e300000)]
  0x000002505ee40000 JavaThread "jar transforms Thread 6" [_thread_blocked, id=36024, stack(0x000000689e300000,0x000000689e400000)]
  0x000002505ee3b000 JavaThread "jar transforms Thread 7" [_thread_blocked, id=33736, stack(0x000000689e400000,0x000000689e500000)]
  0x000002505ee42800 JavaThread "jar transforms Thread 8" [_thread_blocked, id=30944, stack(0x000000689e500000,0x000000689e600000)]
  0x000002505ee46800 JavaThread "Memory manager" [_thread_blocked, id=3140, stack(0x000000689e600000,0x000000689e700000)]
  0x000002505ee45000 JavaThread "build event listener" [_thread_blocked, id=1276, stack(0x000000689e700000,0x000000689e800000)]
  0x000002505ee45800 JavaThread "Execution worker for ':'" [_thread_blocked, id=30176, stack(0x000000689e800000,0x000000689e900000)]
  0x000002505ee41000 JavaThread "Execution worker for ':' Thread 2" [_thread_blocked, id=29052, stack(0x000000689e900000,0x000000689ea00000)]
  0x000002505ee47800 JavaThread "Execution worker for ':' Thread 3" [_thread_blocked, id=12076, stack(0x000000689ea00000,0x000000689eb00000)]
  0x000002505ee48000 JavaThread "Execution worker for ':' Thread 4" [_thread_blocked, id=16932, stack(0x000000689eb00000,0x000000689ec00000)]
  0x000002505ee49000 JavaThread "Execution worker for ':' Thread 5" [_thread_blocked, id=9940, stack(0x000000689ec00000,0x000000689ed00000)]
  0x000002505ee4a000 JavaThread "Execution worker for ':' Thread 6" [_thread_blocked, id=14616, stack(0x000000689ed00000,0x000000689ee00000)]
  0x0000025069040800 JavaThread "Execution worker for ':' Thread 7" [_thread_blocked, id=11112, stack(0x000000689ee00000,0x000000689ef00000)]
  0x000002506903b800 JavaThread "Cache worker for execution history cache (C:\Users\ShadiZidan\Desktop\nuwrss\.gradle\7.0.2\executionHistory)" [_thread_blocked, id=17036, stack(0x000000689ef00000,0x000000689f000000)]
  0x000002506903e800 JavaThread "WorkerExecutor Queue" [_thread_blocked, id=18228, stack(0x000000689f000000,0x000000689f100000)]

Other Threads:
=>0x000002505bcaa800 VMThread "VM Thread" [stack: 0x000000689aa00000,0x000000689ab00000] [id=23604]
  0x000002505c6ed000 WatcherThread [stack: 0x000000689b400000,0x000000689b500000] [id=32760]
  0x000002504180c000 GCTaskThread "GC Thread#0" [stack: 0x000000689a500000,0x000000689a600000] [id=10764]
  0x000002505d28e800 GCTaskThread "GC Thread#1" [stack: 0x000000689b600000,0x000000689b700000] [id=26420]
  0x000002505d3fc000 GCTaskThread "GC Thread#2" [stack: 0x000000689b700000,0x000000689b800000] [id=11804]
  0x000002505d627800 GCTaskThread "GC Thread#3" [stack: 0x000000689b800000,0x000000689b900000] [id=17800]
  0x000002505d628800 GCTaskThread "GC Thread#4" [stack: 0x000000689b900000,0x000000689ba00000] [id=19872]
  0x000002505d1e4800 GCTaskThread "GC Thread#5" [stack: 0x000000689ba00000,0x000000689bb00000] [id=8020]
  0x000002505e74b000 GCTaskThread "GC Thread#6" [stack: 0x000000689c700000,0x000000689c800000] [id=18116]
  0x000002505dfaa000 GCTaskThread "GC Thread#7" [stack: 0x000000689c800000,0x000000689c900000] [id=3340]
  0x0000025041841000 ConcurrentGCThread "G1 Main Marker" [stack: 0x000000689a600000,0x000000689a700000] [id=19984]
  0x0000025041842000 ConcurrentGCThread "G1 Conc#0" [stack: 0x000000689a700000,0x000000689a800000] [id=19108]
  0x000002505ddc8000 ConcurrentGCThread "G1 Conc#1" [stack: 0x000000689c900000,0x000000689ca00000] [id=15940]
  0x00000250418ce000 ConcurrentGCThread "G1 Refine#0" [stack: 0x000000689a800000,0x000000689a900000] [id=5904]
  0x000002505e7f2000 ConcurrentGCThread "G1 Refine#1" [stack: 0x000000689f100000,0x000000689f200000] [id=29760]
  0x000002505e7f4000 ConcurrentGCThread "G1 Refine#2" [stack: 0x000000689f200000,0x000000689f300000] [id=7484]
  0x000002505e7ed800 ConcurrentGCThread "G1 Refine#3" [stack: 0x000000689f300000,0x000000689f400000] [id=31404]
  0x000002505bb2e800 ConcurrentGCThread "G1 Young RemSet Sampling" [stack: 0x000000689a900000,0x000000689aa00000] [id=21604]

Threads with active compile tasks:
C2 CompilerThread0  12796 14173 %     4       com.android.tools.r8.internal.U6::a @ 191 (4191 bytes)
C2 CompilerThread1  12796 13291 %     4       com.android.tools.r8.ir.regalloc.a::a @ 1542 (1824 bytes)
C2 CompilerThread2  12796 13450 %     4       com.android.tools.r8.internal.U6::a @ 66 (6044 bytes)

VM state:at safepoint (normal execution)

VM Mutex/Monitor currently owned by a thread:  ([mutex/lock_event])
[0x00000250417f0480] Threads_lock - owner thread: 0x000002505bcaa800
[0x00000250417efe50] Heap_lock - owner thread: 0x000002505ee3c000

Heap address: 0x0000000080000000, size: 2048 MB, Compressed Oops mode: 32-bit
Narrow klass base: 0x0000000000000000, Narrow klass shift: 3
Compressed class space size: 1073741824 Address: 0x0000000100000000

Heap:
 garbage-first heap   total 444416K, used 174352K [0x0000000080000000, 0x0000000100000000)
  region size 1024K, 15 young (15360K), 15 survivors (15360K)
 Metaspace       used 103929K, capacity 106917K, committed 107136K, reserved 1142784K
  class space    used 13525K, capacity 14708K, committed 14796K, reserved 1048576K
Heap Regions: E=young(eden), S=young(survivor), O=old, HS=humongous(starts), HC=humongous(continues), CS=collection set, F=free, A=archive, TAMS=top-at-mark-start (previous, next)
|   0|0x0000000080000000, 0x0000000080100000, 0x0000000080100000|100%| O|  |TAMS 0x0000000080100000, 0x0000000080000000| Untracked 
|   1|0x0000000080100000, 0x0000000080200000, 0x0000000080200000|100%| O|  |TAMS 0x0000000080200000, 0x0000000080100000| Untracked 
|   2|0x0000000080200000, 0x0000000080300000, 0x0000000080300000|100%| O|  |TAMS 0x0000000080300000, 0x0000000080200000| Untracked 
|   3|0x0000000080300000, 0x0000000080400000, 0x0000000080400000|100%|HS|  |TAMS 0x0000000080400000, 0x0000000080300000| Complete 
|   4|0x0000000080400000, 0x0000000080500000, 0x0000000080500000|100%|HC|  |TAMS 0x0000000080500000, 0x0000000080400000| Complete 
|   5|0x0000000080500000, 0x0000000080600000, 0x0000000080600000|100%|HC|  |TAMS 0x0000000080600000, 0x0000000080500000| Complete 
|   6|0x0000000080600000, 0x0000000080700000, 0x0000000080700000|100%| O|  |TAMS 0x0000000080700000, 0x0000000080600000| Untracked 
|   7|0x0000000080700000, 0x0000000080800000, 0x0000000080800000|100%| O|  |TAMS 0x0000000080800000, 0x0000000080700000| Untracked 
|   8|0x0000000080800000, 0x0000000080900000, 0x0000000080900000|100%| O|  |TAMS 0x0000000080900000, 0x0000000080800000| Untracked 
|   9|0x0000000080900000, 0x0000000080a00000, 0x0000000080a00000|100%| O|  |TAMS 0x0000000080a00000, 0x0000000080900000| Untracked 
|  10|0x0000000080a00000, 0x0000000080b00000, 0x0000000080b00000|100%| O|  |TAMS 0x0000000080b00000, 0x0000000080a00000| Untracked 
|  11|0x0000000080b00000, 0x0000000080c00000, 0x0000000080c00000|100%| O|  |TAMS 0x0000000080c00000, 0x0000000080b00000| Untracked 
|  12|0x0000000080c00000, 0x0000000080d00000, 0x0000000080d00000|100%| O|  |TAMS 0x0000000080d00000, 0x0000000080c00000| Untracked 
|  13|0x0000000080d00000, 0x0000000080e00000, 0x0000000080e00000|100%| O|  |TAMS 0x0000000080e00000, 0x0000000080d00000| Untracked 
|  14|0x0000000080e00000, 0x0000000080f00000, 0x0000000080f00000|100%| O|  |TAMS 0x0000000080f00000, 0x0000000080e00000| Untracked 
|  15|0x0000000080f00000, 0x0000000081000000, 0x0000000081000000|100%| O|  |TAMS 0x0000000081000000, 0x0000000080f00000| Untracked 
|  16|0x0000000081000000, 0x0000000081100000, 0x0000000081100000|100%|HS|  |TAMS 0x0000000081100000, 0x0000000081000000| Complete 
|  17|0x0000000081100000, 0x0000000081200000, 0x0000000081200000|100%|HS|  |TAMS 0x0000000081200000, 0x0000000081100000| Complete 
|  18|0x0000000081200000, 0x0000000081300000, 0x0000000081300000|100%|HS|  |TAMS 0x0000000081300000, 0x0000000081200000| Complete 
|  19|0x0000000081300000, 0x0000000081400000, 0x0000000081400000|100%|HS|  |TAMS 0x0000000081400000, 0x0000000081300000| Complete 
|  20|0x0000000081400000, 0x0000000081500000, 0x0000000081500000|100%|HC|  |TAMS 0x0000000081500000, 0x0000000081400000| Complete 
|  21|0x0000000081500000, 0x0000000081600000, 0x0000000081600000|100%|HC|  |TAMS 0x0000000081600000, 0x0000000081500000| Complete 
|  22|0x0000000081600000, 0x0000000081700000, 0x0000000081700000|100%|HS|  |TAMS 0x0000000081700000, 0x0000000081600000| Complete 
|  23|0x0000000081700000, 0x0000000081800000, 0x0000000081800000|100%|HC|  |TAMS 0x0000000081800000, 0x0000000081700000| Complete 
|  24|0x0000000081800000, 0x0000000081900000, 0x0000000081900000|100%| O|  |TAMS 0x0000000081900000, 0x0000000081800000| Untracked 
|  25|0x0000000081900000, 0x0000000081a00000, 0x0000000081a00000|100%| O|  |TAMS 0x0000000081a00000, 0x0000000081900000| Untracked 
|  26|0x0000000081a00000, 0x0000000081b00000, 0x0000000081b00000|100%| O|  |TAMS 0x0000000081b00000, 0x0000000081a00000| Untracked 
|  27|0x0000000081b00000, 0x0000000081c00000, 0x0000000081c00000|100%| O|  |TAMS 0x0000000081c00000, 0x0000000081b00000| Untracked 
|  28|0x0000000081c00000, 0x0000000081d00000, 0x0000000081d00000|100%| O|  |TAMS 0x0000000081d00000, 0x0000000081c00000| Untracked 
|  29|0x0000000081d00000, 0x0000000081e00000, 0x0000000081e00000|100%| O|  |TAMS 0x0000000081e00000, 0x0000000081d00000| Untracked 
|  30|0x0000000081e00000, 0x0000000081f00000, 0x0000000081f00000|100%| O|  |TAMS 0x0000000081f00000, 0x0000000081e00000| Untracked 
|  31|0x0000000081f00000, 0x0000000082000000, 0x0000000082000000|100%| O|  |TAMS 0x0000000082000000, 0x0000000081f00000| Untracked 
|  32|0x0000000082000000, 0x0000000082100000, 0x0000000082100000|100%| O|  |TAMS 0x0000000082100000, 0x0000000082000000| Untracked 
|  33|0x0000000082100000, 0x0000000082200000, 0x0000000082200000|100%| O|  |TAMS 0x0000000082200000, 0x0000000082100000| Untracked 
|  34|0x0000000082200000, 0x0000000082300000, 0x0000000082300000|100%| O|  |TAMS 0x0000000082300000, 0x0000000082200000| Untracked 
|  35|0x0000000082300000, 0x0000000082400000, 0x0000000082400000|100%| O|  |TAMS 0x0000000082400000, 0x0000000082300000| Untracked 
|  36|0x0000000082400000, 0x0000000082500000, 0x0000000082500000|100%| O|  |TAMS 0x0000000082500000, 0x0000000082400000| Untracked 
|  37|0x0000000082500000, 0x0000000082600000, 0x0000000082600000|100%| O|  |TAMS 0x0000000082600000, 0x0000000082500000| Untracked 
|  38|0x0000000082600000, 0x0000000082700000, 0x0000000082700000|100%| O|  |TAMS 0x0000000082700000, 0x0000000082600000| Untracked 
|  39|0x0000000082700000, 0x0000000082800000, 0x0000000082800000|100%| O|  |TAMS 0x0000000082800000, 0x0000000082700000| Untracked 
|  40|0x0000000082800000, 0x0000000082900000, 0x0000000082900000|100%| O|  |TAMS 0x0000000082900000, 0x0000000082800000| Untracked 
|  41|0x0000000082900000, 0x0000000082a00000, 0x0000000082a00000|100%| O|  |TAMS 0x0000000082a00000, 0x0000000082900000| Untracked 
|  42|0x0000000082a00000, 0x0000000082b00000, 0x0000000082b00000|100%| O|  |TAMS 0x0000000082b00000, 0x0000000082a00000| Untracked 
|  43|0x0000000082b00000, 0x0000000082c00000, 0x0000000082c00000|100%| O|  |TAMS 0x0000000082c00000, 0x0000000082b00000| Untracked 
|  44|0x0000000082c00000, 0x0000000082d00000, 0x0000000082d00000|100%| O|  |TAMS 0x0000000082d00000, 0x0000000082c00000| Untracked 
|  45|0x0000000082d00000, 0x0000000082e00000, 0x0000000082e00000|100%| O|  |TAMS 0x0000000082e00000, 0x0000000082d00000| Untracked 
|  46|0x0000000082e00000, 0x0000000082f00000, 0x0000000082f00000|100%| O|  |TAMS 0x0000000082f00000, 0x0000000082e00000| Untracked 
|  47|0x0000000082f00000, 0x0000000083000000, 0x0000000083000000|100%| O|  |TAMS 0x0000000082f2be00, 0x0000000082f00000| Untracked 
|  48|0x0000000083000000, 0x0000000083100000, 0x0000000083100000|100%| O|  |TAMS 0x0000000083000000, 0x0000000083000000| Untracked 
|  49|0x0000000083100000, 0x0000000083200000, 0x0000000083200000|100%| O|  |TAMS 0x0000000083100000, 0x0000000083100000| Untracked 
|  50|0x0000000083200000, 0x0000000083300000, 0x0000000083300000|100%| O|  |TAMS 0x0000000083200000, 0x0000000083200000| Untracked 
|  51|0x0000000083300000, 0x0000000083400000, 0x0000000083400000|100%| O|  |TAMS 0x0000000083300000, 0x0000000083300000| Untracked 
|  52|0x0000000083400000, 0x0000000083500000, 0x0000000083500000|100%| O|  |TAMS 0x0000000083400000, 0x0000000083400000| Untracked 
|  53|0x0000000083500000, 0x0000000083600000, 0x0000000083600000|100%| O|  |TAMS 0x0000000083500000, 0x0000000083500000| Untracked 
|  54|0x0000000083600000, 0x0000000083700000, 0x0000000083700000|100%| O|  |TAMS 0x0000000083600000, 0x0000000083600000| Untracked 
|  55|0x0000000083700000, 0x0000000083800000, 0x0000000083800000|100%| O|  |TAMS 0x0000000083700000, 0x0000000083700000| Untracked 
|  56|0x0000000083800000, 0x0000000083900000, 0x0000000083900000|100%| O|  |TAMS 0x0000000083800000, 0x0000000083800000| Untracked 
|  57|0x0000000083900000, 0x0000000083a00000, 0x0000000083a00000|100%| O|  |TAMS 0x0000000083900000, 0x0000000083900000| Untracked 
|  58|0x0000000083a00000, 0x0000000083b00000, 0x0000000083b00000|100%| O|  |TAMS 0x0000000083a00000, 0x0000000083a00000| Untracked 
|  59|0x0000000083b00000, 0x0000000083c00000, 0x0000000083c00000|100%| O|  |TAMS 0x0000000083b00000, 0x0000000083b00000| Untracked 
|  60|0x0000000083c00000, 0x0000000083d00000, 0x0000000083d00000|100%| O|  |TAMS 0x0000000083c00000, 0x0000000083c00000| Untracked 
|  61|0x0000000083d00000, 0x0000000083e00000, 0x0000000083e00000|100%| O|  |TAMS 0x0000000083d00000, 0x0000000083d00000| Untracked 
|  62|0x0000000083e00000, 0x0000000083f00000, 0x0000000083f00000|100%| O|  |TAMS 0x0000000083e00000, 0x0000000083e00000| Untracked 
|  63|0x0000000083f00000, 0x0000000084000000, 0x0000000084000000|100%| O|  |TAMS 0x0000000083f00000, 0x0000000083f00000| Untracked 
|  64|0x0000000084000000, 0x0000000084100000, 0x0000000084100000|100%| O|  |TAMS 0x0000000084000000, 0x0000000084000000| Untracked 
|  65|0x0000000084100000, 0x0000000084200000, 0x0000000084200000|100%| O|  |TAMS 0x0000000084100000, 0x0000000084100000| Untracked 
|  66|0x0000000084200000, 0x0000000084300000, 0x0000000084300000|100%| O|  |TAMS 0x0000000084200000, 0x0000000084200000| Untracked 
|  67|0x0000000084300000, 0x0000000084400000, 0x0000000084400000|100%| O|  |TAMS 0x0000000084300000, 0x0000000084300000| Untracked 
|  68|0x0000000084400000, 0x0000000084500000, 0x0000000084500000|100%| O|  |TAMS 0x0000000084400000, 0x0000000084400000| Untracked 
|  69|0x0000000084500000, 0x0000000084600000, 0x0000000084600000|100%| O|  |TAMS 0x0000000084500000, 0x0000000084500000| Untracked 
|  70|0x0000000084600000, 0x0000000084700000, 0x0000000084700000|100%| O|  |TAMS 0x0000000084600000, 0x0000000084600000| Untracked 
|  71|0x0000000084700000, 0x0000000084800000, 0x0000000084800000|100%| O|  |TAMS 0x0000000084700000, 0x0000000084700000| Untracked 
|  72|0x0000000084800000, 0x0000000084900000, 0x0000000084900000|100%| O|  |TAMS 0x0000000084800000, 0x0000000084800000| Untracked 
|  73|0x0000000084900000, 0x0000000084a00000, 0x0000000084a00000|100%| O|  |TAMS 0x0000000084900000, 0x0000000084900000| Untracked 
|  74|0x0000000084a00000, 0x0000000084b00000, 0x0000000084b00000|100%| O|  |TAMS 0x0000000084a00000, 0x0000000084a00000| Untracked 
|  75|0x0000000084b00000, 0x0000000084c00000, 0x0000000084c00000|100%| O|  |TAMS 0x0000000084b00000, 0x0000000084b00000| Untracked 
|  76|0x0000000084c00000, 0x0000000084d00000, 0x0000000084d00000|100%| O|  |TAMS 0x0000000084c00000, 0x0000000084c00000| Untracked 
|  77|0x0000000084d00000, 0x0000000084e00000, 0x0000000084e00000|100%| O|  |TAMS 0x0000000084d00000, 0x0000000084d00000| Untracked 
|  78|0x0000000084e00000, 0x0000000084f00000, 0x0000000084f00000|100%| O|  |TAMS 0x0000000084e00000, 0x0000000084e00000| Untracked 
|  79|0x0000000084f00000, 0x0000000085000000, 0x0000000085000000|100%| O|  |TAMS 0x0000000084f00000, 0x0000000084f00000| Untracked 
|  80|0x0000000085000000, 0x0000000085100000, 0x0000000085100000|100%| O|  |TAMS 0x0000000085000000, 0x0000000085000000| Untracked 
|  81|0x0000000085100000, 0x0000000085200000, 0x0000000085200000|100%| O|  |TAMS 0x0000000085100000, 0x0000000085100000| Untracked 
|  82|0x0000000085200000, 0x0000000085300000, 0x0000000085300000|100%| O|  |TAMS 0x0000000085200000, 0x0000000085200000| Untracked 
|  83|0x0000000085300000, 0x0000000085400000, 0x0000000085400000|100%| O|  |TAMS 0x0000000085300000, 0x0000000085300000| Untracked 
|  84|0x0000000085400000, 0x0000000085500000, 0x0000000085500000|100%| O|  |TAMS 0x0000000085400000, 0x0000000085400000| Untracked 
|  85|0x0000000085500000, 0x0000000085600000, 0x0000000085600000|100%| O|  |TAMS 0x0000000085500000, 0x0000000085500000| Untracked 
|  86|0x0000000085600000, 0x0000000085700000, 0x0000000085700000|100%| O|  |TAMS 0x0000000085600000, 0x0000000085600000| Untracked 
|  87|0x0000000085700000, 0x0000000085800000, 0x0000000085800000|100%| O|  |TAMS 0x0000000085700000, 0x0000000085700000| Untracked 
|  88|0x0000000085800000, 0x0000000085900000, 0x0000000085900000|100%| O|  |TAMS 0x0000000085800000, 0x0000000085800000| Untracked 
|  89|0x0000000085900000, 0x0000000085a00000, 0x0000000085a00000|100%| O|  |TAMS 0x0000000085900000, 0x0000000085900000| Untracked 
|  90|0x0000000085a00000, 0x0000000085b00000, 0x0000000085b00000|100%| O|  |TAMS 0x0000000085a00000, 0x0000000085a00000| Untracked 
|  91|0x0000000085b00000, 0x0000000085c00000, 0x0000000085c00000|100%| O|  |TAMS 0x0000000085b00000, 0x0000000085b00000| Untracked 
|  92|0x0000000085c00000, 0x0000000085d00000, 0x0000000085d00000|100%| O|  |TAMS 0x0000000085c00000, 0x0000000085c00000| Untracked 
|  93|0x0000000085d00000, 0x0000000085e00000, 0x0000000085e00000|100%| O|  |TAMS 0x0000000085d00000, 0x0000000085d00000| Untracked 
|  94|0x0000000085e00000, 0x0000000085f00000, 0x0000000085f00000|100%| O|  |TAMS 0x0000000085e00000, 0x0000000085e00000| Untracked 
|  95|0x0000000085f00000, 0x0000000086000000, 0x0000000086000000|100%| O|  |TAMS 0x0000000085f00000, 0x0000000085f00000| Untracked 
|  96|0x0000000086000000, 0x0000000086100000, 0x0000000086100000|100%| O|  |TAMS 0x0000000086000000, 0x0000000086000000| Untracked 
|  97|0x0000000086100000, 0x0000000086200000, 0x0000000086200000|100%| O|  |TAMS 0x0000000086100000, 0x0000000086100000| Untracked 
|  98|0x0000000086200000, 0x0000000086300000, 0x0000000086300000|100%| O|  |TAMS 0x0000000086200000, 0x0000000086200000| Untracked 
|  99|0x0000000086300000, 0x0000000086400000, 0x0000000086400000|100%| O|  |TAMS 0x0000000086300000, 0x0000000086300000| Untracked 
| 100|0x0000000086400000, 0x0000000086500000, 0x0000000086500000|100%| O|  |TAMS 0x0000000086400000, 0x0000000086400000| Untracked 
| 101|0x0000000086500000, 0x0000000086600000, 0x0000000086600000|100%| O|  |TAMS 0x0000000086500000, 0x0000000086500000| Untracked 
| 102|0x0000000086600000, 0x0000000086700000, 0x0000000086700000|100%| O|  |TAMS 0x0000000086600000, 0x0000000086600000| Untracked 
| 103|0x0000000086700000, 0x0000000086800000, 0x0000000086800000|100%| O|  |TAMS 0x0000000086700000, 0x0000000086700000| Untracked 
| 104|0x0000000086800000, 0x0000000086900000, 0x0000000086900000|100%| O|  |TAMS 0x0000000086800000, 0x0000000086800000| Untracked 
| 105|0x0000000086900000, 0x0000000086a00000, 0x0000000086a00000|100%| O|  |TAMS 0x0000000086900000, 0x0000000086900000| Untracked 
| 106|0x0000000086a00000, 0x0000000086b00000, 0x0000000086b00000|100%| O|  |TAMS 0x0000000086a00000, 0x0000000086a00000| Untracked 
| 107|0x0000000086b00000, 0x0000000086c00000, 0x0000000086c00000|100%| O|  |TAMS 0x0000000086b00000, 0x0000000086b00000| Untracked 
| 108|0x0000000086c00000, 0x0000000086d00000, 0x0000000086d00000|100%| O|  |TAMS 0x0000000086c00000, 0x0000000086c00000| Untracked 
| 109|0x0000000086d00000, 0x0000000086e00000, 0x0000000086e00000|100%| O|  |TAMS 0x0000000086d00000, 0x0000000086d00000| Untracked 
| 110|0x0000000086e00000, 0x0000000086f00000, 0x0000000086f00000|100%| O|  |TAMS 0x0000000086e00000, 0x0000000086e00000| Untracked 
| 111|0x0000000086f00000, 0x0000000087000000, 0x0000000087000000|100%| O|  |TAMS 0x0000000086f00000, 0x0000000086f00000| Untracked 
| 112|0x0000000087000000, 0x0000000087100000, 0x0000000087100000|100%| O|  |TAMS 0x0000000087000000, 0x0000000087000000| Untracked 
| 113|0x0000000087100000, 0x0000000087200000, 0x0000000087200000|100%| O|  |TAMS 0x0000000087100000, 0x0000000087100000| Untracked 
| 114|0x0000000087200000, 0x0000000087300000, 0x0000000087300000|100%| O|  |TAMS 0x0000000087200000, 0x0000000087200000| Untracked 
| 115|0x0000000087300000, 0x0000000087400000, 0x0000000087400000|100%| O|  |TAMS 0x0000000087300000, 0x0000000087300000| Untracked 
| 116|0x0000000087400000, 0x0000000087500000, 0x0000000087500000|100%| O|  |TAMS 0x0000000087400000, 0x0000000087400000| Untracked 
| 117|0x0000000087500000, 0x0000000087600000, 0x0000000087600000|100%| O|  |TAMS 0x0000000087500000, 0x0000000087500000| Untracked 
| 118|0x0000000087600000, 0x0000000087700000, 0x0000000087700000|100%| O|  |TAMS 0x0000000087600000, 0x0000000087600000| Untracked 
| 119|0x0000000087700000, 0x0000000087800000, 0x0000000087800000|100%| O|  |TAMS 0x0000000087700000, 0x0000000087700000| Untracked 
| 120|0x0000000087800000, 0x0000000087900000, 0x0000000087900000|100%| O|  |TAMS 0x0000000087800000, 0x0000000087800000| Untracked 
| 121|0x0000000087900000, 0x0000000087a00000, 0x0000000087a00000|100%| O|  |TAMS 0x0000000087900000, 0x0000000087900000| Untracked 
| 122|0x0000000087a00000, 0x0000000087b00000, 0x0000000087b00000|100%| O|  |TAMS 0x0000000087a00000, 0x0000000087a00000| Untracked 
| 123|0x0000000087b00000, 0x0000000087c00000, 0x0000000087c00000|100%| O|  |TAMS 0x0000000087b00000, 0x0000000087b00000| Untracked 
| 124|0x0000000087c00000, 0x0000000087d00000, 0x0000000087d00000|100%| O|  |TAMS 0x0000000087c00000, 0x0000000087c00000| Untracked 
| 125|0x0000000087d00000, 0x0000000087e00000, 0x0000000087e00000|100%| O|  |TAMS 0x0000000087d00000, 0x0000000087d00000| Untracked 
| 126|0x0000000087e00000, 0x0000000087f00000, 0x0000000087f00000|100%| O|  |TAMS 0x0000000087e00000, 0x0000000087e00000| Untracked 
| 127|0x0000000087f00000, 0x0000000088000000, 0x0000000088000000|100%| O|  |TAMS 0x0000000087f00000, 0x0000000087f00000| Untracked 
| 128|0x0000000088000000, 0x0000000088100000, 0x0000000088100000|100%| O|  |TAMS 0x0000000088000000, 0x0000000088000000| Untracked 
| 129|0x0000000088100000, 0x0000000088200000, 0x0000000088200000|100%| O|  |TAMS 0x0000000088100000, 0x0000000088100000| Untracked 
| 130|0x0000000088200000, 0x0000000088300000, 0x0000000088300000|100%| O|  |TAMS 0x0000000088200000, 0x0000000088200000| Untracked 
| 131|0x0000000088300000, 0x0000000088400000, 0x0000000088400000|100%| O|  |TAMS 0x0000000088300000, 0x0000000088300000| Untracked 
| 132|0x0000000088400000, 0x0000000088500000, 0x0000000088500000|100%| O|  |TAMS 0x0000000088400000, 0x0000000088400000| Untracked 
| 133|0x0000000088500000, 0x0000000088600000, 0x0000000088600000|100%| O|  |TAMS 0x0000000088500000, 0x0000000088500000| Untracked 
| 134|0x0000000088600000, 0x0000000088700000, 0x0000000088700000|100%| O|  |TAMS 0x0000000088600000, 0x0000000088600000| Untracked 
| 135|0x0000000088700000, 0x0000000088800000, 0x0000000088800000|100%| O|  |TAMS 0x0000000088700000, 0x0000000088700000| Untracked 
| 136|0x0000000088800000, 0x0000000088900000, 0x0000000088900000|100%| O|  |TAMS 0x0000000088800000, 0x0000000088800000| Untracked 
| 137|0x0000000088900000, 0x0000000088a00000, 0x0000000088a00000|100%| O|  |TAMS 0x0000000088900000, 0x0000000088900000| Untracked 
| 138|0x0000000088a00000, 0x0000000088b00000, 0x0000000088b00000|100%| O|  |TAMS 0x0000000088a00000, 0x0000000088a00000| Untracked 
| 139|0x0000000088b00000, 0x0000000088c00000, 0x0000000088c00000|100%| O|  |TAMS 0x0000000088b00000, 0x0000000088b00000| Untracked 
| 140|0x0000000088c00000, 0x0000000088d00000, 0x0000000088d00000|100%| O|  |TAMS 0x0000000088c00000, 0x0000000088c00000| Untracked 
| 141|0x0000000088d00000, 0x0000000088e00000, 0x0000000088e00000|100%| O|  |TAMS 0x0000000088d00000, 0x0000000088d00000| Untracked 
| 142|0x0000000088e00000, 0x0000000088f00000, 0x0000000088f00000|100%| O|  |TAMS 0x0000000088e00000, 0x0000000088e00000| Untracked 
| 143|0x0000000088f00000, 0x0000000089000000, 0x0000000089000000|100%| O|  |TAMS 0x0000000088f00000, 0x0000000088f00000| Untracked 
| 144|0x0000000089000000, 0x0000000089100000, 0x0000000089100000|100%| O|  |TAMS 0x0000000089000000, 0x0000000089000000| Untracked 
| 145|0x0000000089100000, 0x0000000089200000, 0x0000000089200000|100%| O|  |TAMS 0x0000000089100000, 0x0000000089100000| Untracked 
| 146|0x0000000089200000, 0x0000000089300000, 0x0000000089300000|100%| O|  |TAMS 0x0000000089200000, 0x0000000089200000| Untracked 
| 147|0x0000000089300000, 0x0000000089400000, 0x0000000089400000|100%| O|  |TAMS 0x0000000089300000, 0x0000000089300000| Untracked 
| 148|0x0000000089400000, 0x0000000089500000, 0x0000000089500000|100%| O|  |TAMS 0x0000000089400000, 0x0000000089400000| Untracked 
| 149|0x0000000089500000, 0x0000000089600000, 0x0000000089600000|100%| O|  |TAMS 0x0000000089500000, 0x0000000089500000| Untracked 
| 150|0x0000000089600000, 0x0000000089700000, 0x0000000089700000|100%| O|  |TAMS 0x0000000089600000, 0x0000000089600000| Untracked 
| 151|0x0000000089700000, 0x0000000089800000, 0x0000000089800000|100%| O|  |TAMS 0x0000000089700000, 0x0000000089700000| Untracked 
| 152|0x0000000089800000, 0x0000000089900000, 0x0000000089900000|100%| O|  |TAMS 0x0000000089800000, 0x0000000089800000| Untracked 
| 153|0x0000000089900000, 0x0000000089a00000, 0x0000000089a00000|100%| O|  |TAMS 0x0000000089900000, 0x0000000089900000| Untracked 
| 154|0x0000000089a00000, 0x0000000089b00000, 0x0000000089b00000|100%| O|  |TAMS 0x0000000089a00000, 0x0000000089a00000| Untracked 
| 155|0x0000000089b00000, 0x0000000089b5dc00, 0x0000000089c00000| 36%| O|  |TAMS 0x0000000089b00000, 0x0000000089b00000| Untracked 
| 156|0x0000000089c00000, 0x0000000089c00000, 0x0000000089d00000|  0%| F|  |TAMS 0x0000000089c00000, 0x0000000089c00000| Untracked 
| 157|0x0000000089d00000, 0x0000000089d00000, 0x0000000089e00000|  0%| F|  |TAMS 0x0000000089d00000, 0x0000000089d00000| Untracked 
| 158|0x0000000089e00000, 0x0000000089e00000, 0x0000000089f00000|  0%| F|  |TAMS 0x0000000089e00000, 0x0000000089e00000| Untracked 
| 159|0x0000000089f00000, 0x0000000089f00000, 0x000000008a000000|  0%| F|  |TAMS 0x0000000089f00000, 0x0000000089f00000| Untracked 
| 160|0x000000008a000000, 0x000000008a000000, 0x000000008a100000|  0%| F|  |TAMS 0x000000008a000000, 0x000000008a000000| Untracked 
| 161|0x000000008a100000, 0x000000008a100000, 0x000000008a200000|  0%| F|  |TAMS 0x000000008a100000, 0x000000008a100000| Untracked 
| 162|0x000000008a200000, 0x000000008a200000, 0x000000008a300000|  0%| F|  |TAMS 0x000000008a200000, 0x000000008a200000| Untracked 
| 163|0x000000008a300000, 0x000000008a300000, 0x000000008a400000|  0%| F|  |TAMS 0x000000008a300000, 0x000000008a300000| Untracked 
| 164|0x000000008a400000, 0x000000008a400000, 0x000000008a500000|  0%| F|  |TAMS 0x000000008a400000, 0x000000008a400000| Untracked 
| 165|0x000000008a500000, 0x000000008a500000, 0x000000008a600000|  0%| F|  |TAMS 0x000000008a500000, 0x000000008a500000| Untracked 
| 166|0x000000008a600000, 0x000000008a600000, 0x000000008a700000|  0%| F|  |TAMS 0x000000008a600000, 0x000000008a600000| Untracked 
| 167|0x000000008a700000, 0x000000008a700000, 0x000000008a800000|  0%| F|  |TAMS 0x000000008a700000, 0x000000008a700000| Untracked 
| 168|0x000000008a800000, 0x000000008a800000, 0x000000008a900000|  0%| F|  |TAMS 0x000000008a800000, 0x000000008a800000| Untracked 
| 169|0x000000008a900000, 0x000000008a900000, 0x000000008aa00000|  0%| F|  |TAMS 0x000000008a900000, 0x000000008a900000| Untracked 
| 170|0x000000008aa00000, 0x000000008aa00000, 0x000000008ab00000|  0%| F|  |TAMS 0x000000008aa00000, 0x000000008aa00000| Untracked 
| 171|0x000000008ab00000, 0x000000008ab00000, 0x000000008ac00000|  0%| F|  |TAMS 0x000000008ab00000, 0x000000008ab00000| Untracked 
| 172|0x000000008ac00000, 0x000000008ac00000, 0x000000008ad00000|  0%| F|  |TAMS 0x000000008ac00000, 0x000000008ac00000| Untracked 
| 173|0x000000008ad00000, 0x000000008ad00000, 0x000000008ae00000|  0%| F|  |TAMS 0x000000008ad00000, 0x000000008ad00000| Untracked 
| 174|0x000000008ae00000, 0x000000008ae00000, 0x000000008af00000|  0%| F|  |TAMS 0x000000008ae00000, 0x000000008ae00000| Untracked 
| 175|0x000000008af00000, 0x000000008af00000, 0x000000008b000000|  0%| F|  |TAMS 0x000000008af00000, 0x000000008af00000| Untracked 
| 176|0x000000008b000000, 0x000000008b000000, 0x000000008b100000|  0%| F|  |TAMS 0x000000008b000000, 0x000000008b000000| Untracked 
| 177|0x000000008b100000, 0x000000008b100000, 0x000000008b200000|  0%| F|  |TAMS 0x000000008b100000, 0x000000008b100000| Untracked 
| 178|0x000000008b200000, 0x000000008b200000, 0x000000008b300000|  0%| F|  |TAMS 0x000000008b200000, 0x000000008b200000| Untracked 
| 179|0x000000008b300000, 0x000000008b300000, 0x000000008b400000|  0%| F|  |TAMS 0x000000008b300000, 0x000000008b300000| Untracked 
| 180|0x000000008b400000, 0x000000008b400000, 0x000000008b500000|  0%| F|  |TAMS 0x000000008b400000, 0x000000008b400000| Untracked 
| 181|0x000000008b500000, 0x000000008b500000, 0x000000008b600000|  0%| F|  |TAMS 0x000000008b500000, 0x000000008b500000| Untracked 
| 182|0x000000008b600000, 0x000000008b600000, 0x000000008b700000|  0%| F|  |TAMS 0x000000008b600000, 0x000000008b600000| Untracked 
| 183|0x000000008b700000, 0x000000008b700000, 0x000000008b800000|  0%| F|  |TAMS 0x000000008b700000, 0x000000008b700000| Untracked 
| 184|0x000000008b800000, 0x000000008b800000, 0x000000008b900000|  0%| F|  |TAMS 0x000000008b800000, 0x000000008b800000| Untracked 
| 185|0x000000008b900000, 0x000000008b900000, 0x000000008ba00000|  0%| F|  |TAMS 0x000000008b900000, 0x000000008b900000| Untracked 
| 186|0x000000008ba00000, 0x000000008ba00000, 0x000000008bb00000|  0%| F|  |TAMS 0x000000008ba00000, 0x000000008ba00000| Untracked 
| 187|0x000000008bb00000, 0x000000008bb00000, 0x000000008bc00000|  0%| F|  |TAMS 0x000000008bb00000, 0x000000008bb00000| Untracked 
| 188|0x000000008bc00000, 0x000000008bc00000, 0x000000008bd00000|  0%| F|  |TAMS 0x000000008bc00000, 0x000000008bc00000| Untracked 
| 189|0x000000008bd00000, 0x000000008bd00000, 0x000000008be00000|  0%| F|  |TAMS 0x000000008bd00000, 0x000000008bd00000| Untracked 
| 190|0x000000008be00000, 0x000000008be00000, 0x000000008bf00000|  0%| F|  |TAMS 0x000000008be00000, 0x000000008be00000| Untracked 
| 191|0x000000008bf00000, 0x000000008bf00000, 0x000000008c000000|  0%| F|  |TAMS 0x000000008bf00000, 0x000000008bf00000| Untracked 
| 192|0x000000008c000000, 0x000000008c000000, 0x000000008c100000|  0%| F|  |TAMS 0x000000008c000000, 0x000000008c000000| Untracked 
| 193|0x000000008c100000, 0x000000008c100000, 0x000000008c200000|  0%| F|  |TAMS 0x000000008c100000, 0x000000008c100000| Untracked 
| 194|0x000000008c200000, 0x000000008c200000, 0x000000008c300000|  0%| F|  |TAMS 0x000000008c200000, 0x000000008c200000| Untracked 
| 195|0x000000008c300000, 0x000000008c300000, 0x000000008c400000|  0%| F|  |TAMS 0x000000008c300000, 0x000000008c300000| Untracked 
| 196|0x000000008c400000, 0x000000008c400000, 0x000000008c500000|  0%| F|  |TAMS 0x000000008c400000, 0x000000008c400000| Untracked 
| 197|0x000000008c500000, 0x000000008c500000, 0x000000008c600000|  0%| F|  |TAMS 0x000000008c500000, 0x000000008c500000| Untracked 
| 198|0x000000008c600000, 0x000000008c600000, 0x000000008c700000|  0%| F|  |TAMS 0x000000008c600000, 0x000000008c600000| Untracked 
| 199|0x000000008c700000, 0x000000008c700000, 0x000000008c800000|  0%| F|  |TAMS 0x000000008c700000, 0x000000008c700000| Untracked 
| 200|0x000000008c800000, 0x000000008c800000, 0x000000008c900000|  0%| F|  |TAMS 0x000000008c800000, 0x000000008c800000| Untracked 
| 201|0x000000008c900000, 0x000000008c900000, 0x000000008ca00000|  0%| F|  |TAMS 0x000000008c900000, 0x000000008c900000| Untracked 
| 202|0x000000008ca00000, 0x000000008cae6580, 0x000000008cb00000| 89%| S|CS|TAMS 0x000000008ca00000, 0x000000008ca00000| Complete 
| 203|0x000000008cb00000, 0x000000008cb00000, 0x000000008cc00000|  0%| F|  |TAMS 0x000000008cb00000, 0x000000008cb00000| Untracked 
| 204|0x000000008cc00000, 0x000000008cc00000, 0x000000008cd00000|  0%| F|  |TAMS 0x000000008cc00000, 0x000000008cc00000| Untracked 
| 205|0x000000008cd00000, 0x000000008cd00000, 0x000000008ce00000|  0%| F|  |TAMS 0x000000008cd00000, 0x000000008cd00000| Untracked 
| 206|0x000000008ce00000, 0x000000008ce00000, 0x000000008cf00000|  0%| F|  |TAMS 0x000000008ce00000, 0x000000008ce00000| Untracked 
| 207|0x000000008cf00000, 0x000000008cf00000, 0x000000008d000000|  0%| F|  |TAMS 0x000000008cf00000, 0x000000008cf00000| Untracked 
| 208|0x000000008d000000, 0x000000008d000000, 0x000000008d100000|  0%| F|  |TAMS 0x000000008d000000, 0x000000008d000000| Untracked 
| 209|0x000000008d100000, 0x000000008d100000, 0x000000008d200000|  0%| F|  |TAMS 0x000000008d100000, 0x000000008d100000| Untracked 
| 210|0x000000008d200000, 0x000000008d300000, 0x000000008d300000|100%| S|CS|TAMS 0x000000008d200000, 0x000000008d200000| Complete 
| 211|0x000000008d300000, 0x000000008d400000, 0x000000008d400000|100%| S|CS|TAMS 0x000000008d300000, 0x000000008d300000| Complete 
| 212|0x000000008d400000, 0x000000008d500000, 0x000000008d500000|100%| S|CS|TAMS 0x000000008d400000, 0x000000008d400000| Complete 
| 213|0x000000008d500000, 0x000000008d600000, 0x000000008d600000|100%| S|CS|TAMS 0x000000008d500000, 0x000000008d500000| Complete 
| 214|0x000000008d600000, 0x000000008d700000, 0x000000008d700000|100%| S|CS|TAMS 0x000000008d600000, 0x000000008d600000| Complete 
| 215|0x000000008d700000, 0x000000008d800000, 0x000000008d800000|100%| S|CS|TAMS 0x000000008d700000, 0x000000008d700000| Complete 
| 216|0x000000008d800000, 0x000000008d900000, 0x000000008d900000|100%| S|CS|TAMS 0x000000008d800000, 0x000000008d800000| Complete 
| 217|0x000000008d900000, 0x000000008da00000, 0x000000008da00000|100%| S|CS|TAMS 0x000000008d900000, 0x000000008d900000| Complete 
| 218|0x000000008da00000, 0x000000008db00000, 0x000000008db00000|100%| S|CS|TAMS 0x000000008da00000, 0x000000008da00000| Complete 
| 219|0x000000008db00000, 0x000000008dc00000, 0x000000008dc00000|100%| S|CS|TAMS 0x000000008db00000, 0x000000008db00000| Complete 
| 220|0x000000008dc00000, 0x000000008dd00000, 0x000000008dd00000|100%| S|CS|TAMS 0x000000008dc00000, 0x000000008dc00000| Complete 
| 221|0x000000008dd00000, 0x000000008de00000, 0x000000008de00000|100%| S|CS|TAMS 0x000000008dd00000, 0x000000008dd00000| Complete 
| 222|0x000000008de00000, 0x000000008df00000, 0x000000008df00000|100%| S|CS|TAMS 0x000000008de00000, 0x000000008de00000| Complete 
| 223|0x000000008df00000, 0x000000008e000000, 0x000000008e000000|100%| S|CS|TAMS 0x000000008df00000, 0x000000008df00000| Complete 
| 224|0x000000008e000000, 0x000000008e000000, 0x000000008e100000|  0%| F|  |TAMS 0x000000008e000000, 0x000000008e000000| Untracked 
| 225|0x000000008e100000, 0x000000008e100000, 0x000000008e200000|  0%| F|  |TAMS 0x000000008e100000, 0x000000008e100000| Untracked 
| 226|0x000000008e200000, 0x000000008e200000, 0x000000008e300000|  0%| F|  |TAMS 0x000000008e200000, 0x000000008e200000| Untracked 
| 227|0x000000008e300000, 0x000000008e300000, 0x000000008e400000|  0%| F|  |TAMS 0x000000008e300000, 0x000000008e300000| Untracked 
| 228|0x000000008e400000, 0x000000008e400000, 0x000000008e500000|  0%| F|  |TAMS 0x000000008e400000, 0x000000008e400000| Untracked 
| 229|0x000000008e500000, 0x000000008e500000, 0x000000008e600000|  0%| F|  |TAMS 0x000000008e500000, 0x000000008e500000| Untracked 
| 230|0x000000008e600000, 0x000000008e600000, 0x000000008e700000|  0%| F|  |TAMS 0x000000008e600000, 0x000000008e600000| Untracked 
| 231|0x000000008e700000, 0x000000008e700000, 0x000000008e800000|  0%| F|  |TAMS 0x000000008e700000, 0x000000008e700000| Untracked 
| 232|0x000000008e800000, 0x000000008e800000, 0x000000008e900000|  0%| F|  |TAMS 0x000000008e800000, 0x000000008e800000| Untracked 
| 233|0x000000008e900000, 0x000000008e900000, 0x000000008ea00000|  0%| F|  |TAMS 0x000000008e900000, 0x000000008e900000| Untracked 
| 234|0x000000008ea00000, 0x000000008ea00000, 0x000000008eb00000|  0%| F|  |TAMS 0x000000008ea00000, 0x000000008ea00000| Untracked 
| 235|0x000000008eb00000, 0x000000008eb00000, 0x000000008ec00000|  0%| F|  |TAMS 0x000000008eb00000, 0x000000008eb00000| Untracked 
| 236|0x000000008ec00000, 0x000000008ec00000, 0x000000008ed00000|  0%| F|  |TAMS 0x000000008ec00000, 0x000000008ec00000| Untracked 
| 237|0x000000008ed00000, 0x000000008ed00000, 0x000000008ee00000|  0%| F|  |TAMS 0x000000008ed00000, 0x000000008ed00000| Untracked 
| 238|0x000000008ee00000, 0x000000008ee00000, 0x000000008ef00000|  0%| F|  |TAMS 0x000000008ee00000, 0x000000008ee00000| Untracked 
| 239|0x000000008ef00000, 0x000000008ef00000, 0x000000008f000000|  0%| F|  |TAMS 0x000000008ef00000, 0x000000008ef00000| Untracked 
| 240|0x000000008f000000, 0x000000008f000000, 0x000000008f100000|  0%| F|  |TAMS 0x000000008f000000, 0x000000008f000000| Untracked 
| 241|0x000000008f100000, 0x000000008f100000, 0x000000008f200000|  0%| F|  |TAMS 0x000000008f100000, 0x000000008f100000| Untracked 
| 242|0x000000008f200000, 0x000000008f200000, 0x000000008f300000|  0%| F|  |TAMS 0x000000008f200000, 0x000000008f200000| Untracked 
| 243|0x000000008f300000, 0x000000008f300000, 0x000000008f400000|  0%| F|  |TAMS 0x000000008f300000, 0x000000008f300000| Untracked 
| 244|0x000000008f400000, 0x000000008f400000, 0x000000008f500000|  0%| F|  |TAMS 0x000000008f400000, 0x000000008f400000| Untracked 
| 245|0x000000008f500000, 0x000000008f500000, 0x000000008f600000|  0%| F|  |TAMS 0x000000008f500000, 0x000000008f500000| Untracked 
| 246|0x000000008f600000, 0x000000008f600000, 0x000000008f700000|  0%| F|  |TAMS 0x000000008f600000, 0x000000008f600000| Untracked 
| 247|0x000000008f700000, 0x000000008f700000, 0x000000008f800000|  0%| F|  |TAMS 0x000000008f700000, 0x000000008f700000| Untracked 
| 248|0x000000008f800000, 0x000000008f800000, 0x000000008f900000|  0%| F|  |TAMS 0x000000008f800000, 0x000000008f800000| Untracked 
| 249|0x000000008f900000, 0x000000008f900000, 0x000000008fa00000|  0%| F|  |TAMS 0x000000008f900000, 0x000000008f900000| Untracked 
| 250|0x000000008fa00000, 0x000000008fa00000, 0x000000008fb00000|  0%| F|  |TAMS 0x000000008fa00000, 0x000000008fa00000| Untracked 
| 251|0x000000008fb00000, 0x000000008fb00000, 0x000000008fc00000|  0%| F|  |TAMS 0x000000008fb00000, 0x000000008fb00000| Untracked 
| 252|0x000000008fc00000, 0x000000008fc00000, 0x000000008fd00000|  0%| F|  |TAMS 0x000000008fc00000, 0x000000008fc00000| Untracked 
| 253|0x000000008fd00000, 0x000000008fd00000, 0x000000008fe00000|  0%| F|  |TAMS 0x000000008fd00000, 0x000000008fd00000| Untracked 
| 254|0x000000008fe00000, 0x000000008fe00000, 0x000000008ff00000|  0%| F|  |TAMS 0x000000008fe00000, 0x000000008fe00000| Untracked 
| 255|0x000000008ff00000, 0x000000008ff00000, 0x0000000090000000|  0%| F|  |TAMS 0x000000008ff00000, 0x000000008ff00000| Untracked 
| 256|0x0000000090000000, 0x0000000090000000, 0x0000000090100000|  0%| F|  |TAMS 0x0000000090000000, 0x0000000090000000| Untracked 
| 257|0x0000000090100000, 0x0000000090100000, 0x0000000090200000|  0%| F|  |TAMS 0x0000000090100000, 0x0000000090100000| Untracked 
| 258|0x0000000090200000, 0x0000000090200000, 0x0000000090300000|  0%| F|  |TAMS 0x0000000090200000, 0x0000000090200000| Untracked 
| 259|0x0000000090300000, 0x0000000090300000, 0x0000000090400000|  0%| F|  |TAMS 0x0000000090300000, 0x0000000090300000| Untracked 
| 260|0x0000000090400000, 0x0000000090400000, 0x0000000090500000|  0%| F|  |TAMS 0x0000000090400000, 0x0000000090400000| Untracked 
| 261|0x0000000090500000, 0x0000000090500000, 0x0000000090600000|  0%| F|  |TAMS 0x0000000090500000, 0x0000000090500000| Untracked 
| 262|0x0000000090600000, 0x0000000090600000, 0x0000000090700000|  0%| F|  |TAMS 0x0000000090600000, 0x0000000090600000| Untracked 
| 263|0x0000000090700000, 0x0000000090700000, 0x0000000090800000|  0%| F|  |TAMS 0x0000000090700000, 0x0000000090700000| Untracked 
| 264|0x0000000090800000, 0x0000000090800000, 0x0000000090900000|  0%| F|  |TAMS 0x0000000090800000, 0x0000000090800000| Untracked 
| 265|0x0000000090900000, 0x0000000090900000, 0x0000000090a00000|  0%| F|  |TAMS 0x0000000090900000, 0x0000000090900000| Untracked 
| 266|0x0000000090a00000, 0x0000000090a00000, 0x0000000090b00000|  0%| F|  |TAMS 0x0000000090a00000, 0x0000000090a00000| Untracked 
| 267|0x0000000090b00000, 0x0000000090b00000, 0x0000000090c00000|  0%| F|  |TAMS 0x0000000090b00000, 0x0000000090b00000| Untracked 
| 268|0x0000000090c00000, 0x0000000090c00000, 0x0000000090d00000|  0%| F|  |TAMS 0x0000000090c00000, 0x0000000090c00000| Untracked 
| 269|0x0000000090d00000, 0x0000000090d00000, 0x0000000090e00000|  0%| F|  |TAMS 0x0000000090d00000, 0x0000000090d00000| Untracked 
| 270|0x0000000090e00000, 0x0000000090e00000, 0x0000000090f00000|  0%| F|  |TAMS 0x0000000090e00000, 0x0000000090e00000| Untracked 
| 271|0x0000000090f00000, 0x0000000090f00000, 0x0000000091000000|  0%| F|  |TAMS 0x0000000090f00000, 0x0000000090f00000| Untracked 
| 272|0x0000000091000000, 0x0000000091000000, 0x0000000091100000|  0%| F|  |TAMS 0x0000000091000000, 0x0000000091000000| Untracked 
| 273|0x0000000091100000, 0x0000000091100000, 0x0000000091200000|  0%| F|  |TAMS 0x0000000091100000, 0x0000000091100000| Untracked 
| 274|0x0000000091200000, 0x0000000091200000, 0x0000000091300000|  0%| F|  |TAMS 0x0000000091200000, 0x0000000091200000| Untracked 
| 275|0x0000000091300000, 0x0000000091300000, 0x0000000091400000|  0%| F|  |TAMS 0x0000000091300000, 0x0000000091300000| Untracked 
| 276|0x0000000091400000, 0x0000000091400000, 0x0000000091500000|  0%| F|  |TAMS 0x0000000091400000, 0x0000000091400000| Untracked 
| 277|0x0000000091500000, 0x0000000091500000, 0x0000000091600000|  0%| F|  |TAMS 0x0000000091500000, 0x0000000091500000| Untracked 
| 278|0x0000000091600000, 0x0000000091600000, 0x0000000091700000|  0%| F|  |TAMS 0x0000000091600000, 0x0000000091600000| Untracked 
| 279|0x0000000091700000, 0x0000000091700000, 0x0000000091800000|  0%| F|  |TAMS 0x0000000091700000, 0x0000000091700000| Untracked 
| 280|0x0000000091800000, 0x0000000091800000, 0x0000000091900000|  0%| F|  |TAMS 0x0000000091800000, 0x0000000091800000| Untracked 
| 281|0x0000000091900000, 0x0000000091900000, 0x0000000091a00000|  0%| F|  |TAMS 0x0000000091900000, 0x0000000091900000| Untracked 
| 282|0x0000000091a00000, 0x0000000091a00000, 0x0000000091b00000|  0%| F|  |TAMS 0x0000000091a00000, 0x0000000091a00000| Untracked 
| 283|0x0000000091b00000, 0x0000000091b00000, 0x0000000091c00000|  0%| F|  |TAMS 0x0000000091b00000, 0x0000000091b00000| Untracked 
| 284|0x0000000091c00000, 0x0000000091c00000, 0x0000000091d00000|  0%| F|  |TAMS 0x0000000091c00000, 0x0000000091c00000| Untracked 
| 285|0x0000000091d00000, 0x0000000091d00000, 0x0000000091e00000|  0%| F|  |TAMS 0x0000000091d00000, 0x0000000091d00000| Untracked 
| 286|0x0000000091e00000, 0x0000000091e00000, 0x0000000091f00000|  0%| F|  |TAMS 0x0000000091e00000, 0x0000000091e00000| Untracked 
| 287|0x0000000091f00000, 0x0000000091f00000, 0x0000000092000000|  0%| F|  |TAMS 0x0000000091f00000, 0x0000000091f00000| Untracked 
| 288|0x0000000092000000, 0x0000000092000000, 0x0000000092100000|  0%| F|  |TAMS 0x0000000092000000, 0x0000000092000000| Untracked 
| 289|0x0000000092100000, 0x0000000092100000, 0x0000000092200000|  0%| F|  |TAMS 0x0000000092100000, 0x0000000092100000| Untracked 
| 290|0x0000000092200000, 0x0000000092200000, 0x0000000092300000|  0%| F|  |TAMS 0x0000000092200000, 0x0000000092200000| Untracked 
| 291|0x0000000092300000, 0x0000000092300000, 0x0000000092400000|  0%| F|  |TAMS 0x0000000092300000, 0x0000000092300000| Untracked 
| 292|0x0000000092400000, 0x0000000092400000, 0x0000000092500000|  0%| F|  |TAMS 0x0000000092400000, 0x0000000092400000| Untracked 
| 293|0x0000000092500000, 0x0000000092500000, 0x0000000092600000|  0%| F|  |TAMS 0x0000000092500000, 0x0000000092500000| Untracked 
| 294|0x0000000092600000, 0x0000000092600000, 0x0000000092700000|  0%| F|  |TAMS 0x0000000092600000, 0x0000000092600000| Untracked 
| 295|0x0000000092700000, 0x0000000092700000, 0x0000000092800000|  0%| F|  |TAMS 0x0000000092700000, 0x0000000092700000| Untracked 
| 296|0x0000000092800000, 0x0000000092800000, 0x0000000092900000|  0%| F|  |TAMS 0x0000000092800000, 0x0000000092800000| Untracked 
| 297|0x0000000092900000, 0x0000000092900000, 0x0000000092a00000|  0%| F|  |TAMS 0x0000000092900000, 0x0000000092900000| Untracked 
| 298|0x0000000092a00000, 0x0000000092a00000, 0x0000000092b00000|  0%| F|  |TAMS 0x0000000092a00000, 0x0000000092a00000| Untracked 
| 299|0x0000000092b00000, 0x0000000092b00000, 0x0000000092c00000|  0%| F|  |TAMS 0x0000000092b00000, 0x0000000092b00000| Untracked 
| 300|0x0000000092c00000, 0x0000000092c00000, 0x0000000092d00000|  0%| F|  |TAMS 0x0000000092c00000, 0x0000000092c00000| Untracked 
| 301|0x0000000092d00000, 0x0000000092d00000, 0x0000000092e00000|  0%| F|  |TAMS 0x0000000092d00000, 0x0000000092d00000| Untracked 
| 302|0x0000000092e00000, 0x0000000092e00000, 0x0000000092f00000|  0%| F|  |TAMS 0x0000000092e00000, 0x0000000092e00000| Untracked 
| 303|0x0000000092f00000, 0x0000000092f00000, 0x0000000093000000|  0%| F|  |TAMS 0x0000000092f00000, 0x0000000092f00000| Untracked 
| 304|0x0000000093000000, 0x0000000093000000, 0x0000000093100000|  0%| F|  |TAMS 0x0000000093000000, 0x0000000093000000| Untracked 
| 305|0x0000000093100000, 0x0000000093100000, 0x0000000093200000|  0%| F|  |TAMS 0x0000000093100000, 0x0000000093100000| Untracked 
| 306|0x0000000093200000, 0x0000000093200000, 0x0000000093300000|  0%| F|  |TAMS 0x0000000093200000, 0x0000000093200000| Untracked 
| 307|0x0000000093300000, 0x0000000093300000, 0x0000000093400000|  0%| F|  |TAMS 0x0000000093300000, 0x0000000093300000| Untracked 
| 308|0x0000000093400000, 0x0000000093400000, 0x0000000093500000|  0%| F|  |TAMS 0x0000000093400000, 0x0000000093400000| Untracked 
| 309|0x0000000093500000, 0x0000000093500000, 0x0000000093600000|  0%| F|  |TAMS 0x0000000093500000, 0x0000000093500000| Untracked 
| 310|0x0000000093600000, 0x0000000093600000, 0x0000000093700000|  0%| F|  |TAMS 0x0000000093600000, 0x0000000093600000| Untracked 
| 311|0x0000000093700000, 0x0000000093700000, 0x0000000093800000|  0%| F|  |TAMS 0x0000000093700000, 0x0000000093700000| Untracked 
| 312|0x0000000093800000, 0x0000000093800000, 0x0000000093900000|  0%| F|  |TAMS 0x0000000093800000, 0x0000000093800000| Untracked 
| 313|0x0000000093900000, 0x0000000093900000, 0x0000000093a00000|  0%| F|  |TAMS 0x0000000093900000, 0x0000000093900000| Untracked 
| 314|0x0000000093a00000, 0x0000000093a00000, 0x0000000093b00000|  0%| F|  |TAMS 0x0000000093a00000, 0x0000000093a00000| Untracked 
| 315|0x0000000093b00000, 0x0000000093b00000, 0x0000000093c00000|  0%| F|  |TAMS 0x0000000093b00000, 0x0000000093b00000| Untracked 
| 316|0x0000000093c00000, 0x0000000093c00000, 0x0000000093d00000|  0%| F|  |TAMS 0x0000000093c00000, 0x0000000093c00000| Untracked 
| 317|0x0000000093d00000, 0x0000000093d00000, 0x0000000093e00000|  0%| F|  |TAMS 0x0000000093d00000, 0x0000000093d00000| Untracked 
| 318|0x0000000093e00000, 0x0000000093e00000, 0x0000000093f00000|  0%| F|  |TAMS 0x0000000093e00000, 0x0000000093e00000| Untracked 
| 319|0x0000000093f00000, 0x0000000093f00000, 0x0000000094000000|  0%| F|  |TAMS 0x0000000093f00000, 0x0000000093f00000| Untracked 
| 320|0x0000000094000000, 0x0000000094000000, 0x0000000094100000|  0%| F|  |TAMS 0x0000000094000000, 0x0000000094000000| Untracked 
| 321|0x0000000094100000, 0x0000000094100000, 0x0000000094200000|  0%| F|  |TAMS 0x0000000094100000, 0x0000000094100000| Untracked 
| 322|0x0000000094200000, 0x0000000094200000, 0x0000000094300000|  0%| F|  |TAMS 0x0000000094200000, 0x0000000094200000| Untracked 
| 323|0x0000000094300000, 0x0000000094300000, 0x0000000094400000|  0%| F|  |TAMS 0x0000000094300000, 0x0000000094300000| Untracked 
| 324|0x0000000094400000, 0x0000000094400000, 0x0000000094500000|  0%| F|  |TAMS 0x0000000094400000, 0x0000000094400000| Untracked 
| 325|0x0000000094500000, 0x0000000094500000, 0x0000000094600000|  0%| F|  |TAMS 0x0000000094500000, 0x0000000094500000| Untracked 
| 326|0x0000000094600000, 0x0000000094600000, 0x0000000094700000|  0%| F|  |TAMS 0x0000000094600000, 0x0000000094600000| Untracked 
| 327|0x0000000094700000, 0x0000000094700000, 0x0000000094800000|  0%| F|  |TAMS 0x0000000094700000, 0x0000000094700000| Untracked 
| 328|0x0000000094800000, 0x0000000094800000, 0x0000000094900000|  0%| F|  |TAMS 0x0000000094800000, 0x0000000094800000| Untracked 
| 329|0x0000000094900000, 0x0000000094900000, 0x0000000094a00000|  0%| F|  |TAMS 0x0000000094900000, 0x0000000094900000| Untracked 
| 330|0x0000000094a00000, 0x0000000094a00000, 0x0000000094b00000|  0%| F|  |TAMS 0x0000000094a00000, 0x0000000094a00000| Untracked 
| 331|0x0000000094b00000, 0x0000000094b00000, 0x0000000094c00000|  0%| F|  |TAMS 0x0000000094b00000, 0x0000000094b00000| Untracked 
| 332|0x0000000094c00000, 0x0000000094c00000, 0x0000000094d00000|  0%| F|  |TAMS 0x0000000094c00000, 0x0000000094c00000| Untracked 
| 333|0x0000000094d00000, 0x0000000094d00000, 0x0000000094e00000|  0%| F|  |TAMS 0x0000000094d00000, 0x0000000094d00000| Untracked 
| 334|0x0000000094e00000, 0x0000000094e00000, 0x0000000094f00000|  0%| F|  |TAMS 0x0000000094e00000, 0x0000000094e00000| Untracked 
| 335|0x0000000094f00000, 0x0000000094f00000, 0x0000000095000000|  0%| F|  |TAMS 0x0000000094f00000, 0x0000000094f00000| Untracked 
| 336|0x0000000095000000, 0x0000000095000000, 0x0000000095100000|  0%| F|  |TAMS 0x0000000095000000, 0x0000000095000000| Untracked 
| 337|0x0000000095100000, 0x0000000095100000, 0x0000000095200000|  0%| F|  |TAMS 0x0000000095100000, 0x0000000095100000| Untracked 
| 338|0x0000000095200000, 0x0000000095200000, 0x0000000095300000|  0%| F|  |TAMS 0x0000000095200000, 0x0000000095200000| Untracked 
| 339|0x0000000095300000, 0x0000000095300000, 0x0000000095400000|  0%| F|  |TAMS 0x0000000095300000, 0x0000000095300000| Untracked 
| 340|0x0000000095400000, 0x0000000095400000, 0x0000000095500000|  0%| F|  |TAMS 0x0000000095400000, 0x0000000095400000| Untracked 
| 341|0x0000000095500000, 0x0000000095500000, 0x0000000095600000|  0%| F|  |TAMS 0x0000000095500000, 0x0000000095500000| Untracked 
| 342|0x0000000095600000, 0x0000000095600000, 0x0000000095700000|  0%| F|  |TAMS 0x0000000095600000, 0x0000000095600000| Untracked 
| 343|0x0000000095700000, 0x0000000095700000, 0x0000000095800000|  0%| F|  |TAMS 0x0000000095700000, 0x0000000095700000| Untracked 
| 344|0x0000000095800000, 0x0000000095800000, 0x0000000095900000|  0%| F|  |TAMS 0x0000000095800000, 0x0000000095800000| Untracked 
| 345|0x0000000095900000, 0x0000000095900000, 0x0000000095a00000|  0%| F|  |TAMS 0x0000000095900000, 0x0000000095900000| Untracked 
| 346|0x0000000095a00000, 0x0000000095a00000, 0x0000000095b00000|  0%| F|  |TAMS 0x0000000095a00000, 0x0000000095a00000| Untracked 
| 347|0x0000000095b00000, 0x0000000095b00000, 0x0000000095c00000|  0%| F|  |TAMS 0x0000000095b00000, 0x0000000095b00000| Untracked 
| 348|0x0000000095c00000, 0x0000000095c00000, 0x0000000095d00000|  0%| F|  |TAMS 0x0000000095c00000, 0x0000000095c00000| Untracked 
| 349|0x0000000095d00000, 0x0000000095d00000, 0x0000000095e00000|  0%| F|  |TAMS 0x0000000095d00000, 0x0000000095d00000| Untracked 
| 350|0x0000000095e00000, 0x0000000095e00000, 0x0000000095f00000|  0%| F|  |TAMS 0x0000000095e00000, 0x0000000095e00000| Untracked 
| 351|0x0000000095f00000, 0x0000000095f00000, 0x0000000096000000|  0%| F|  |TAMS 0x0000000095f00000, 0x0000000095f00000| Untracked 
| 352|0x0000000096000000, 0x0000000096000000, 0x0000000096100000|  0%| F|  |TAMS 0x0000000096000000, 0x0000000096000000| Untracked 
| 353|0x0000000096100000, 0x0000000096100000, 0x0000000096200000|  0%| F|  |TAMS 0x0000000096100000, 0x0000000096100000| Untracked 
| 354|0x0000000096200000, 0x0000000096200000, 0x0000000096300000|  0%| F|  |TAMS 0x0000000096200000, 0x0000000096200000| Untracked 
| 355|0x0000000096300000, 0x0000000096300000, 0x0000000096400000|  0%| F|  |TAMS 0x0000000096300000, 0x0000000096300000| Untracked 
| 356|0x0000000096400000, 0x0000000096400000, 0x0000000096500000|  0%| F|  |TAMS 0x0000000096400000, 0x0000000096400000| Untracked 
| 357|0x0000000096500000, 0x0000000096500000, 0x0000000096600000|  0%| F|  |TAMS 0x0000000096500000, 0x0000000096500000| Untracked 
| 358|0x0000000096600000, 0x0000000096600000, 0x0000000096700000|  0%| F|  |TAMS 0x0000000096600000, 0x0000000096600000| Untracked 
| 359|0x0000000096700000, 0x0000000096700000, 0x0000000096800000|  0%| F|  |TAMS 0x0000000096700000, 0x0000000096700000| Untracked 
| 360|0x0000000096800000, 0x0000000096800000, 0x0000000096900000|  0%| F|  |TAMS 0x0000000096800000, 0x0000000096800000| Untracked 
| 361|0x0000000096900000, 0x0000000096900000, 0x0000000096a00000|  0%| F|  |TAMS 0x0000000096900000, 0x0000000096900000| Untracked 
| 362|0x0000000096a00000, 0x0000000096a00000, 0x0000000096b00000|  0%| F|  |TAMS 0x0000000096a00000, 0x0000000096a00000| Untracked 
| 363|0x0000000096b00000, 0x0000000096b00000, 0x0000000096c00000|  0%| F|  |TAMS 0x0000000096b00000, 0x0000000096b00000| Untracked 
| 364|0x0000000096c00000, 0x0000000096c00000, 0x0000000096d00000|  0%| F|  |TAMS 0x0000000096c00000, 0x0000000096c00000| Untracked 
| 365|0x0000000096d00000, 0x0000000096d00000, 0x0000000096e00000|  0%| F|  |TAMS 0x0000000096d00000, 0x0000000096d00000| Untracked 

Card table byte_map: [0x0000025054a20000,0x0000025054e20000] _byte_map_base: 0x0000025054620000

Marking Bits (Prev, Next): (CMBitMap*) 0x00000250418372d8, (CMBitMap*) 0x0000025041837310
 Prev Bits: [0x0000025055220000, 0x0000025057220000)
 Next Bits: [0x0000025057220000, 0x0000025059220000)

Polling page: 0x000002503f650000

Metaspace:

Usage:
  Non-class:     90.05 MB capacity,    88.28 MB ( 98%) used,     1.41 MB (  2%) free+waste,   362.13 KB ( <1%) overhead. 
      Class:     14.36 MB capacity,    13.21 MB ( 92%) used,  1018.39 KB (  7%) free+waste,   163.88 KB (  1%) overhead. 
       Both:    104.41 MB capacity,   101.49 MB ( 97%) used,     2.40 MB (  2%) free+waste,   526.00 KB ( <1%) overhead. 

Virtual space:
  Non-class space:       92.00 MB reserved,      90.18 MB ( 98%) committed 
      Class space:        1.00 GB reserved,      14.45 MB (  1%) committed 
             Both:        1.09 GB reserved,     104.63 MB (  9%) committed 

Chunk freelists:
   Non-Class:  3.00 KB
       Class:  12.00 KB
        Both:  15.00 KB

MaxMetaspaceSize: 17179869184.00 GB
CompressedClassSpaceSize: 1.00 GB

CodeHeap 'non-profiled nmethods': size=120000Kb used=7785Kb max_used=7785Kb free=112214Kb
 bounds [0x000002504cdc0000, 0x000002504d560000, 0x00000250542f0000]
CodeHeap 'profiled nmethods': size=120000Kb used=35017Kb max_used=35017Kb free=84982Kb
 bounds [0x0000025045890000, 0x0000025047ad0000, 0x000002504cdc0000]
CodeHeap 'non-nmethods': size=5760Kb used=2307Kb max_used=2379Kb free=3452Kb
 bounds [0x00000250452f0000, 0x0000025045560000, 0x0000025045890000]
 total_blobs=15740 nmethods=14821 adapters=829
 compilation: enabled
              stopped_count=0, restarted_count=0
 full_count=0

Compilation events (20 events):
Event: 12.740 Thread 0x000002505c55c800 15219 %     3       com.android.tools.r8.internal.gr::a @ 3 (38 bytes)
Event: 12.740 Thread 0x000002505c55c800 nmethod 15219% 0x0000025047abe390 code [0x0000025047abe580, 0x0000025047abeb48]
Event: 12.740 Thread 0x000002505c55c800 15218       3       com.android.tools.r8.internal.Rz::a (176 bytes)
Event: 12.741 Thread 0x000002505c55c800 nmethod 15218 0x0000025047abed90 code [0x0000025047abefe0, 0x0000025047abf7a8]
Event: 12.741 Thread 0x000002505c55c800 15220       2       com.android.tools.r8.internal.v6::a (102 bytes)
Event: 12.742 Thread 0x000002505c55c800 nmethod 15220 0x0000025047abfa90 code [0x0000025047abfce0, 0x0000025047ac0358]
Event: 12.745 Thread 0x000002505c55c800 15221       2       java.lang.RuntimeException::<init> (5 bytes)
Event: 12.746 Thread 0x000002505c55c800 nmethod 15221 0x0000025047ac0710 code [0x0000025047ac08e0, 0x0000025047ac0b28]
Event: 12.746 Thread 0x000002505c55c800 15222       2       java.lang.IllegalArgumentException::<init> (5 bytes)
Event: 12.746 Thread 0x000002505c55c800 nmethod 15222 0x0000025047ac0c10 code [0x0000025047ac0dc0, 0x0000025047ac0ec8]
Event: 12.754 Thread 0x000002505c55c800 15225       2       com.android.tools.r8.internal.E8$$Lambda$1412/0x0000000100d73440::compare (12 bytes)
Event: 12.755 Thread 0x000002505c55c800 nmethod 15225 0x0000025047ac0f90 code [0x0000025047ac1180, 0x0000025047ac1478]
Event: 12.755 Thread 0x000002505c55c800 15226       2       com.android.tools.r8.internal.E8::a (32 bytes)
Event: 12.755 Thread 0x000002505c55c800 nmethod 15226 0x0000025047ac1610 code [0x0000025047ac1800, 0x0000025047ac1a38]
Event: 12.757 Thread 0x000002505c55c800 15227       1       com.android.tools.r8.internal.Qr::Y1 (4 bytes)
Event: 12.757 Thread 0x000002505c55c800 nmethod 15227 0x000002504d55a090 code [0x000002504d55a240, 0x000002504d55a2f8]
Event: 12.757 Thread 0x000002505c55c800 15228 %     3       java.util.PriorityQueue::siftUpComparable @ 5 (52 bytes)
Event: 12.758 Thread 0x000002505c55c800 nmethod 15228% 0x0000025047ac1b90 code [0x0000025047ac1da0, 0x0000025047ac2528]
Event: 12.762 Thread 0x000002505c55c800 15229       1       com.android.tools.r8.internal.qj::F1 (2 bytes)
Event: 12.762 Thread 0x000002505c55c800 nmethod 15229 0x000002504d55a390 code [0x000002504d55a540, 0x000002504d55a5f8]

GC Heap History (20 events):
Event: 10.113 GC heap after
{Heap after GC invocations=19 (full 0):
 garbage-first heap   total 312320K, used 132134K [0x0000000080000000, 0x0000000100000000)
  region size 1024K, 17 young (17408K), 17 survivors (17408K)
 Metaspace       used 101435K, capacity 104311K, committed 104576K, reserved 1138688K
  class space    used 13355K, capacity 14480K, committed 14540K, reserved 1048576K
}
Event: 10.360 GC heap before
{Heap before GC invocations=19 (full 0):
 garbage-first heap   total 312320K, used 234534K [0x0000000080000000, 0x0000000100000000)
  region size 1024K, 117 young (119808K), 17 survivors (17408K)
 Metaspace       used 101879K, capacity 104800K, committed 104960K, reserved 1140736K
  class space    used 13405K, capacity 14555K, committed 14668K, reserved 1048576K
}
Event: 10.380 GC heap after
{Heap after GC invocations=20 (full 0):
 garbage-first heap   total 374784K, used 143982K [0x0000000080000000, 0x0000000100000000)
  region size 1024K, 14 young (14336K), 14 survivors (14336K)
 Metaspace       used 101879K, capacity 104800K, committed 104960K, reserved 1140736K
  class space    used 13405K, capacity 14555K, committed 14668K, reserved 1048576K
}
Event: 10.693 GC heap before
{Heap before GC invocations=20 (full 0):
 garbage-first heap   total 374784K, used 271982K [0x0000000080000000, 0x0000000100000000)
  region size 1024K, 140 young (143360K), 14 survivors (14336K)
 Metaspace       used 102377K, capacity 105378K, committed 105472K, reserved 1140736K
  class space    used 13485K, capacity 14640K, committed 14668K, reserved 1048576K
}
Event: 10.707 GC heap after
{Heap after GC invocations=21 (full 0):
 garbage-first heap   total 374784K, used 150866K [0x0000000080000000, 0x0000000100000000)
  region size 1024K, 9 young (9216K), 9 survivors (9216K)
 Metaspace       used 102377K, capacity 105378K, committed 105472K, reserved 1140736K
  class space    used 13485K, capacity 14640K, committed 14668K, reserved 1048576K
}
Event: 11.019 GC heap before
{Heap before GC invocations=21 (full 0):
 garbage-first heap   total 374784K, used 280914K [0x0000000080000000, 0x0000000100000000)
  region size 1024K, 136 young (139264K), 9 survivors (9216K)
 Metaspace       used 102480K, capacity 105472K, committed 105728K, reserved 1140736K
  class space    used 13492K, capacity 14650K, committed 14668K, reserved 1048576K
}
Event: 11.028 GC heap after
{Heap after GC invocations=22 (full 0):
 garbage-first heap   total 374784K, used 150865K [0x0000000080000000, 0x0000000100000000)
  region size 1024K, 9 young (9216K), 9 survivors (9216K)
 Metaspace       used 102480K, capacity 105472K, committed 105728K, reserved 1140736K
  class space    used 13492K, capacity 14650K, committed 14668K, reserved 1048576K
}
Event: 11.324 GC heap before
{Heap before GC invocations=22 (full 0):
 garbage-first heap   total 374784K, used 286033K [0x0000000080000000, 0x0000000100000000)
  region size 1024K, 142 young (145408K), 9 survivors (9216K)
 Metaspace       used 102676K, capacity 105688K, committed 105728K, reserved 1140736K
  class space    used 13495K, capacity 14655K, committed 14668K, reserved 1048576K
}
Event: 11.333 GC heap after
{Heap after GC invocations=23 (full 0):
 garbage-first heap   total 374784K, used 155103K [0x0000000080000000, 0x0000000100000000)
  region size 1024K, 13 young (13312K), 13 survivors (13312K)
 Metaspace       used 102676K, capacity 105688K, committed 105728K, reserved 1140736K
  class space    used 13495K, capacity 14655K, committed 14668K, reserved 1048576K
}
Event: 11.569 GC heap before
{Heap before GC invocations=23 (full 0):
 garbage-first heap   total 374784K, used 293343K [0x0000000080000000, 0x0000000100000000)
  region size 1024K, 149 young (152576K), 13 survivors (13312K)
 Metaspace       used 102943K, capacity 105908K, committed 105984K, reserved 1140736K
  class space    used 13505K, capacity 14659K, committed 14668K, reserved 1048576K
}
Event: 11.584 GC heap after
{Heap after GC invocations=24 (full 0):
 garbage-first heap   total 374784K, used 159675K [0x0000000080000000, 0x0000000100000000)
  region size 1024K, 11 young (11264K), 11 survivors (11264K)
 Metaspace       used 102943K, capacity 105908K, committed 105984K, reserved 1140736K
  class space    used 13505K, capacity 14659K, committed 14668K, reserved 1048576K
}
Event: 11.867 GC heap before
{Heap before GC invocations=24 (full 0):
 garbage-first heap   total 374784K, used 298939K [0x0000000080000000, 0x0000000100000000)
  region size 1024K, 147 young (150528K), 11 survivors (11264K)
 Metaspace       used 103243K, capacity 106241K, committed 106496K, reserved 1140736K
  class space    used 13508K, capacity 14660K, committed 14668K, reserved 1048576K
}
Event: 11.877 GC heap after
{Heap after GC invocations=25 (full 0):
 garbage-first heap   total 374784K, used 161692K [0x0000000080000000, 0x0000000100000000)
  region size 1024K, 13 young (13312K), 13 survivors (13312K)
 Metaspace       used 103243K, capacity 106241K, committed 106496K, reserved 1140736K
  class space    used 13508K, capacity 14660K, committed 14668K, reserved 1048576K
}
Event: 12.147 GC heap before
{Heap before GC invocations=25 (full 0):
 garbage-first heap   total 374784K, used 303004K [0x0000000080000000, 0x0000000100000000)
  region size 1024K, 151 young (154624K), 13 survivors (13312K)
 Metaspace       used 103575K, capacity 106569K, committed 106880K, reserved 1140736K
  class space    used 13519K, capacity 14672K, committed 14796K, reserved 1048576K
}
Event: 12.157 GC heap after
{Heap after GC invocations=26 (full 0):
 garbage-first heap   total 374784K, used 163108K [0x0000000080000000, 0x0000000100000000)
  region size 1024K, 12 young (12288K), 12 survivors (12288K)
 Metaspace       used 103575K, capacity 106569K, committed 106880K, reserved 1140736K
  class space    used 13519K, capacity 14672K, committed 14796K, reserved 1048576K
}
Event: 12.366 GC heap before
{Heap before GC invocations=26 (full 0):
 garbage-first heap   total 374784K, used 308516K [0x0000000080000000, 0x0000000100000000)
  region size 1024K, 155 young (158720K), 12 survivors (12288K)
 Metaspace       used 103796K, capacity 106771K, committed 106880K, reserved 1140736K
  class space    used 13525K, capacity 14707K, committed 14796K, reserved 1048576K
}
Event: 12.375 GC heap after
{Heap after GC invocations=27 (full 0):
 garbage-first heap   total 374784K, used 162535K [0x0000000080000000, 0x0000000100000000)
  region size 1024K, 11 young (11264K), 11 survivors (11264K)
 Metaspace       used 103796K, capacity 106771K, committed 106880K, reserved 1140736K
  class space    used 13525K, capacity 14707K, committed 14796K, reserved 1048576K
}
Event: 12.560 GC heap before
{Heap before GC invocations=27 (full 0):
 garbage-first heap   total 374784K, used 314087K [0x0000000080000000, 0x0000000100000000)
  region size 1024K, 159 young (162816K), 11 survivors (11264K)
 Metaspace       used 103868K, capacity 106841K, committed 107136K, reserved 1142784K
  class space    used 13525K, capacity 14708K, committed 14796K, reserved 1048576K
}
Event: 12.570 GC heap after
{Heap after GC invocations=28 (full 0):
 garbage-first heap   total 374784K, used 168897K [0x0000000080000000, 0x0000000100000000)
  region size 1024K, 14 young (14336K), 14 survivors (14336K)
 Metaspace       used 103868K, capacity 106841K, committed 107136K, reserved 1142784K
  class space    used 13525K, capacity 14708K, committed 14796K, reserved 1048576K
}
Event: 12.766 GC heap before
{Heap before GC invocations=28 (full 0):
 garbage-first heap   total 374784K, used 314305K [0x0000000080000000, 0x0000000100000000)
  region size 1024K, 156 young (159744K), 14 survivors (14336K)
 Metaspace       used 103929K, capacity 106917K, committed 107136K, reserved 1142784K
  class space    used 13525K, capacity 14708K, committed 14796K, reserved 1048576K
}

Deoptimization events (20 events):
Event: 12.436 Thread 0x000002505eda5000 DEOPT PACKING pc=0x00000250478f113b sp=0x000000689daf8da0
Event: 12.436 Thread 0x000002505eda5000 DEOPT UNPACKING pc=0x0000025045316dde sp=0x000000689daf8270 mode 0
Event: 12.497 Thread 0x000002505eda8800 DEOPT PACKING pc=0x00000250474e8fd1 sp=0x000000689d9f9500
Event: 12.497 Thread 0x000002505eda8800 DEOPT UNPACKING pc=0x0000025045316dde sp=0x000000689d9f89a0 mode 0
Event: 12.504 Thread 0x000002505eda6800 DEOPT PACKING pc=0x00000250478f113b sp=0x000000689ddf8cc0
Event: 12.504 Thread 0x000002505eda6800 DEOPT UNPACKING pc=0x0000025045316dde sp=0x000000689ddf8190 mode 0
Event: 12.576 Thread 0x000002505eda6800 DEOPT PACKING pc=0x00000250478f113b sp=0x000000689ddf8a00
Event: 12.576 Thread 0x000002505eda6800 DEOPT UNPACKING pc=0x0000025045316dde sp=0x000000689ddf7ed0 mode 0
Event: 12.640 Thread 0x000002505eda8800 DEOPT PACKING pc=0x00000250478f113b sp=0x000000689d9f89e0
Event: 12.640 Thread 0x000002505eda8800 DEOPT UNPACKING pc=0x0000025045316dde sp=0x000000689d9f7eb0 mode 0
Event: 12.698 Thread 0x000002505ee3c800 DEOPT PACKING pc=0x00000250474e8fd1 sp=0x000000689def97b0
Event: 12.698 Thread 0x000002505ee3c800 DEOPT UNPACKING pc=0x0000025045316dde sp=0x000000689def8c50 mode 0
Event: 12.726 Thread 0x000002505eda6000 DEOPT PACKING pc=0x000002504708dc0d sp=0x000000689dbf9640
Event: 12.726 Thread 0x000002505eda6000 DEOPT UNPACKING pc=0x0000025045316dde sp=0x000000689dbf8dd0 mode 0
Event: 12.746 Thread 0x000002505ee3c000 DEOPT PACKING pc=0x00000250478f113b sp=0x000000689e0f89c0
Event: 12.746 Thread 0x000002505ee3c000 DEOPT UNPACKING pc=0x0000025045316dde sp=0x000000689e0f7e90 mode 0
Event: 12.750 Thread 0x000002505eda6000 DEOPT PACKING pc=0x000002504708dc0d sp=0x000000689dbf9270
Event: 12.750 Thread 0x000002505eda6000 DEOPT UNPACKING pc=0x0000025045316dde sp=0x000000689dbf8a00 mode 0
Event: 12.758 Thread 0x000002505ee3c800 DEOPT PACKING pc=0x00000250471acc8a sp=0x000000689def8ed0
Event: 12.758 Thread 0x000002505ee3c800 DEOPT UNPACKING pc=0x0000025045316dde sp=0x000000689def8368 mode 0

Classes redefined (0 events):
No events

Internal exceptions (20 events):
Event: 10.231 Thread 0x000002505eda7800 Exception <a 'sun/nio/fs/WindowsException'{0x0000000091232df8}> (0x0000000091232df8) thrown at [./src/hotspot/share/prims/jni.cpp, line 615]
Event: 10.261 Thread 0x000002505eda6800 Exception <a 'sun/nio/fs/WindowsException'{0x000000008ffa0ca8}> (0x000000008ffa0ca8) thrown at [./src/hotspot/share/prims/jni.cpp, line 615]
Event: 10.319 Thread 0x000002505eda7800 Exception <a 'sun/nio/fs/WindowsException'{0x000000008df20ba8}> (0x000000008df20ba8) thrown at [./src/hotspot/share/prims/jni.cpp, line 615]
Event: 10.533 Thread 0x000002505eda5000 Exception <a 'java/lang/NoSuchMethodError'{0x00000000930b80e8}: 'int java.lang.invoke.DirectMethodHandle$Holder.invokeInterface(java.lang.Object, java.lang.Object, int)'> (0x00000000930b80e8) thrown at [./src/hotspot/share/interpreter/linkResolver.cpp, line 773]
Event: 10.544 Thread 0x000002505ee3c800 Exception <a 'sun/nio/fs/WindowsException'{0x0000000092b82e08}> (0x0000000092b82e08) thrown at [./src/hotspot/share/prims/jni.cpp, line 615]
Event: 11.010 Thread 0x000002505eda6800 Exception <a 'sun/nio/fs/WindowsException'{0x000000008fb4a950}> (0x000000008fb4a950) thrown at [./src/hotspot/share/prims/jni.cpp, line 615]
Event: 11.059 Thread 0x000002505eda6800 Exception <a 'sun/nio/fs/WindowsException'{0x0000000096b37318}> (0x0000000096b37318) thrown at [./src/hotspot/share/prims/jni.cpp, line 615]
Event: 11.114 Thread 0x000002505eda6800 Exception <a 'sun/nio/fs/WindowsException'{0x0000000094ee0fe0}> (0x0000000094ee0fe0) thrown at [./src/hotspot/share/prims/jni.cpp, line 615]
Event: 11.141 Thread 0x000002505eda6800 Exception <a 'sun/nio/fs/WindowsException'{0x00000000946077d8}> (0x00000000946077d8) thrown at [./src/hotspot/share/prims/jni.cpp, line 615]
Event: 11.351 Thread 0x000002505ee3c800 Exception <a 'sun/nio/fs/WindowsException'{0x0000000095ec7148}> (0x0000000095ec7148) thrown at [./src/hotspot/share/prims/jni.cpp, line 615]
Event: 12.066 Thread 0x000002505eda6800 Exception <a 'sun/nio/fs/WindowsException'{0x0000000091393c30}> (0x0000000091393c30) thrown at [./src/hotspot/share/prims/jni.cpp, line 615]
Event: 12.093 Thread 0x000002505eda6800 Exception <a 'sun/nio/fs/WindowsException'{0x00000000900807c0}> (0x00000000900807c0) thrown at [./src/hotspot/share/prims/jni.cpp, line 615]
Event: 12.129 Thread 0x000002505eda6000 Exception <a 'sun/nio/fs/WindowsException'{0x000000008f395768}> (0x000000008f395768) thrown at [./src/hotspot/share/prims/jni.cpp, line 615]
Event: 12.139 Thread 0x000002505eda6800 Exception <a 'sun/nio/fs/WindowsException'{0x000000008e95fb38}> (0x000000008e95fb38) thrown at [./src/hotspot/share/prims/jni.cpp, line 615]
Event: 12.212 Thread 0x000002505eda6800 Exception <a 'sun/nio/fs/WindowsException'{0x0000000094c93990}> (0x0000000094c93990) thrown at [./src/hotspot/share/prims/jni.cpp, line 615]
Event: 12.336 Thread 0x000002505eda6800 Exception <a 'sun/nio/fs/WindowsException'{0x000000008f8dfe80}> (0x000000008f8dfe80) thrown at [./src/hotspot/share/prims/jni.cpp, line 615]
Event: 12.421 Thread 0x000002505eda6800 Exception <a 'sun/nio/fs/WindowsException'{0x00000000955595d0}> (0x00000000955595d0) thrown at [./src/hotspot/share/prims/jni.cpp, line 615]
Event: 12.473 Thread 0x000002505eda6000 Exception <a 'sun/nio/fs/WindowsException'{0x000000009236a6c0}> (0x000000009236a6c0) thrown at [./src/hotspot/share/prims/jni.cpp, line 615]
Event: 12.694 Thread 0x000002505eda6800 Exception <a 'sun/nio/fs/WindowsException'{0x00000000917ecd08}> (0x00000000917ecd08) thrown at [./src/hotspot/share/prims/jni.cpp, line 615]
Event: 12.742 Thread 0x000002505eda6800 Exception <a 'sun/nio/fs/WindowsException'{0x000000008f507240}> (0x000000008f507240) thrown at [./src/hotspot/share/prims/jni.cpp, line 615]

Events (20 events):
Event: 12.212 Loaded shared library C:\Program Files\Android\Android Studio\jre\bin\zip.dll
Event: 12.232 loading class com/android/tools/r8/internal/Oj
Event: 12.232 loading class com/android/tools/r8/internal/Oj done
Event: 12.258 loading class com/android/tools/r8/code/y0
Event: 12.258 loading class com/android/tools/r8/code/y0 done
Event: 12.259 loading class com/android/tools/r8/code/x0
Event: 12.259 loading class com/android/tools/r8/code/x0 done
Event: 12.335 loading class com/android/tools/r8/internal/Sr
Event: 12.335 loading class com/android/tools/r8/internal/Sr done
Event: 12.335 loading class com/android/tools/r8/internal/Sr
Event: 12.335 loading class com/android/tools/r8/internal/Sr done
Event: 12.366 Executing VM operation: G1CollectForAllocation
Event: 12.375 Executing VM operation: G1CollectForAllocation done
Event: 12.473 loading class com/android/tools/r8/internal/Nv
Event: 12.473 loading class com/android/tools/r8/internal/Nv done
Event: 12.559 Executing VM operation: G1CollectForAllocation
Event: 12.570 Executing VM operation: G1CollectForAllocation done
Event: 12.642 loading class com/android/tools/r8/internal/X$i$a
Event: 12.642 loading class com/android/tools/r8/internal/X$i$a done
Event: 12.765 Executing VM operation: G1CollectForAllocation


Dynamic libraries:
0x00007ff78b600000 - 0x00007ff78b60a000 	C:\Program Files\Android\Android Studio\jre\bin\java.exe
0x00007ffbc8290000 - 0x00007ffbc8485000 	C:\Windows\SYSTEM32\ntdll.dll
0x00007ffb92c30000 - 0x00007ffb92c44000 	C:\Program Files\AVG\Antivirus\x64\aswhooka.dll
0x00007ffbc7060000 - 0x00007ffbc711e000 	C:\Windows\System32\KERNEL32.DLL
0x00007ffbc5d00000 - 0x00007ffbc5fc8000 	C:\Windows\System32\KERNELBASE.dll
0x00007ffbc59a0000 - 0x00007ffbc5aa0000 	C:\Windows\System32\ucrtbase.dll
0x00007ffbba590000 - 0x00007ffbba5a9000 	C:\Program Files\Android\Android Studio\jre\bin\jli.dll
0x00007ffbc75d0000 - 0x00007ffbc7771000 	C:\Windows\System32\USER32.dll
0x00007ffbc5aa0000 - 0x00007ffbc5ac2000 	C:\Windows\System32\win32u.dll
0x00007ffbc7de0000 - 0x00007ffbc7e0b000 	C:\Windows\System32\GDI32.dll
0x00007ffbc61c0000 - 0x00007ffbc62cd000 	C:\Windows\System32\gdi32full.dll
0x00007ffbc5c30000 - 0x00007ffbc5ccd000 	C:\Windows\System32\msvcp_win.dll
0x00007ffbba570000 - 0x00007ffbba587000 	C:\Program Files\Android\Android Studio\jre\bin\VCRUNTIME140.dll
0x00007ffbb21b0000 - 0x00007ffbb244a000 	C:\Windows\WinSxS\amd64_microsoft.windows.common-controls_6595b64144ccf1df_6.0.19041.1110_none_60b5254171f9507e\COMCTL32.dll
0x00007ffbc6b40000 - 0x00007ffbc6bde000 	C:\Windows\System32\msvcrt.dll
0x00007ffbc6f20000 - 0x00007ffbc6f50000 	C:\Windows\System32\IMM32.DLL
0x00007ffb7ea50000 - 0x00007ffb7eaed000 	C:\Program Files\Android\Android Studio\jre\bin\msvcp140.dll
0x00007ffb6d720000 - 0x00007ffb6e1f5000 	C:\Program Files\Android\Android Studio\jre\bin\server\jvm.dll
0x00007ffbc6e50000 - 0x00007ffbc6efe000 	C:\Windows\System32\ADVAPI32.dll
0x00007ffbc7b60000 - 0x00007ffbc7bfc000 	C:\Windows\System32\sechost.dll
0x00007ffbc7cb0000 - 0x00007ffbc7dd5000 	C:\Windows\System32\RPCRT4.dll
0x00007ffbc6f00000 - 0x00007ffbc6f08000 	C:\Windows\System32\PSAPI.DLL
0x00007ffbab300000 - 0x00007ffbab309000 	C:\Windows\SYSTEM32\WSOCK32.dll
0x00007ffbc8180000 - 0x00007ffbc81eb000 	C:\Windows\System32\WS2_32.dll
0x00007ffbbf570000 - 0x00007ffbbf597000 	C:\Windows\SYSTEM32\WINMM.dll
0x00007ffbc4840000 - 0x00007ffbc484a000 	C:\Windows\SYSTEM32\VERSION.dll
0x00007ffbc4800000 - 0x00007ffbc4812000 	C:\Windows\SYSTEM32\kernel.appcore.dll
0x00007ffbb9e20000 - 0x00007ffbb9e31000 	C:\Program Files\Android\Android Studio\jre\bin\verify.dll
0x00007ffbc35f0000 - 0x00007ffbc37d4000 	C:\Windows\SYSTEM32\DBGHELP.DLL
0x00007ffbbf540000 - 0x00007ffbbf56c000 	C:\Windows\SYSTEM32\dbgcore.DLL
0x00007ffbc5fd0000 - 0x00007ffbc6052000 	C:\Windows\System32\bcryptPrimitives.dll
0x00007ffb8a990000 - 0x00007ffb8a9b9000 	C:\Program Files\Android\Android Studio\jre\bin\java.dll
0x00007ffbbb8a0000 - 0x00007ffbbb8ab000 	C:\Program Files\Android\Android Studio\jre\bin\jimage.dll
0x00007ffb99c90000 - 0x00007ffb99ca8000 	C:\Program Files\Android\Android Studio\jre\bin\zip.dll
0x00007ffbc62d0000 - 0x00007ffbc6a14000 	C:\Windows\System32\SHELL32.dll
0x00007ffbc4060000 - 0x00007ffbc47f5000 	C:\Windows\SYSTEM32\windows.storage.dll
0x00007ffbc7800000 - 0x00007ffbc7b55000 	C:\Windows\System32\combase.dll
0x00007ffbc53f0000 - 0x00007ffbc541e000 	C:\Windows\SYSTEM32\Wldp.dll
0x00007ffbc7c00000 - 0x00007ffbc7cad000 	C:\Windows\System32\SHCORE.dll
0x00007ffbc6df0000 - 0x00007ffbc6e45000 	C:\Windows\System32\shlwapi.dll
0x00007ffbc58e0000 - 0x00007ffbc58ff000 	C:\Windows\SYSTEM32\profapi.dll
0x00007ffb8bb60000 - 0x00007ffb8bb7a000 	C:\Program Files\Android\Android Studio\jre\bin\net.dll
0x00007ffbbcba0000 - 0x00007ffbbccac000 	C:\Windows\SYSTEM32\WINHTTP.dll
0x00007ffbc5150000 - 0x00007ffbc51ba000 	C:\Windows\system32\mswsock.dll
0x00007ffb8ac60000 - 0x00007ffb8ac74000 	C:\Program Files\Android\Android Studio\jre\bin\nio.dll
0x00007ffbba040000 - 0x00007ffbba067000 	C:\Users\ShadiZidan\.gradle\native\8bec1ad78214c89d9ad589b4d07fe93259594b29d510b10fafb7a158f7737e5d\windows-amd64\native-platform.dll
0x00007ffb7eaf0000 - 0x00007ffb7ec2d000 	C:\Users\ShadiZidan\.gradle\native\53dbd7edfb1c66fb8903c78663c9afc45aea4f116125fa6feffd364cf09443e8\windows-amd64\native-platform-file-events.dll
0x00007ffbbb5f0000 - 0x00007ffbbb5fa000 	C:\Program Files\Android\Android Studio\jre\bin\management.dll
0x00007ffbba670000 - 0x00007ffbba67d000 	C:\Program Files\Android\Android Studio\jre\bin\management_ext.dll
0x00007ffbc5340000 - 0x00007ffbc5358000 	C:\Windows\SYSTEM32\CRYPTSP.dll
0x00007ffbc4a60000 - 0x00007ffbc4a94000 	C:\Windows\system32\rsaenh.dll
0x00007ffbc5cd0000 - 0x00007ffbc5cf7000 	C:\Windows\System32\bcrypt.dll
0x00007ffbc58a0000 - 0x00007ffbc58ce000 	C:\Windows\SYSTEM32\USERENV.dll
0x00007ffbc5360000 - 0x00007ffbc536c000 	C:\Windows\SYSTEM32\CRYPTBASE.dll
0x00007ffbc4df0000 - 0x00007ffbc4e2b000 	C:\Windows\SYSTEM32\IPHLPAPI.DLL
0x00007ffbc6f10000 - 0x00007ffbc6f18000 	C:\Windows\System32\NSI.dll
0x00007ffbbae80000 - 0x00007ffbbae97000 	C:\Windows\SYSTEM32\dhcpcsvc6.DLL
0x00007ffbbae60000 - 0x00007ffbbae7d000 	C:\Windows\SYSTEM32\dhcpcsvc.DLL
0x00007ffbc4e40000 - 0x00007ffbc4f0b000 	C:\Windows\SYSTEM32\DNSAPI.dll

dbghelp: loaded successfully - version: 4.0.5 - missing functions: none
symbol engine: initialized successfully - sym options: 0x614 - pdb path: .;C:\Program Files\Android\Android Studio\jre\bin;C:\Windows\SYSTEM32;C:\Program Files\AVG\Antivirus\x64;C:\Windows\WinSxS\amd64_microsoft.windows.common-controls_6595b64144ccf1df_6.0.19041.1110_none_60b5254171f9507e;C:\Program Files\Android\Android Studio\jre\bin\server;C:\Users\ShadiZidan\.gradle\native\8bec1ad78214c89d9ad589b4d07fe93259594b29d510b10fafb7a158f7737e5d\windows-amd64;C:\Users\ShadiZidan\.gradle\native\53dbd7edfb1c66fb8903c78663c9afc45aea4f116125fa6feffd364cf09443e8\windows-amd64

VM Arguments:
jvm_args: --add-opens=java.base/java.util=ALL-UNNAMED --add-opens=java.base/java.lang=ALL-UNNAMED --add-opens=java.base/java.lang.invoke=ALL-UNNAMED --add-opens=java.base/java.util=ALL-UNNAMED --add-opens=java.prefs/java.util.prefs=ALL-UNNAMED --add-opens=java.prefs/java.util.prefs=ALL-UNNAMED --add-opens=java.base/java.nio.charset=ALL-UNNAMED --add-opens=java.base/java.net=ALL-UNNAMED --add-opens=java.base/java.util.concurrent.atomic=ALL-UNNAMED -Xmx2048m -Dfile.encoding=UTF-8 -Duser.country=US -Duser.language=en -Duser.variant 
java_command: org.gradle.launcher.daemon.bootstrap.GradleDaemon 7.0.2
java_class_path (initial): C:\Users\ShadiZidan\.gradle\wrapper\dists\gradle-7.0.2-bin\857tjihv64xamwrf0h14cai3r\gradle-7.0.2\lib\gradle-launcher-7.0.2.jar
Launcher Type: SUN_STANDARD

[Global flags]
     intx CICompilerCount                          = 4                                         {product} {ergonomic}
     uint ConcGCThreads                            = 2                                         {product} {ergonomic}
     uint G1ConcRefinementThreads                  = 8                                         {product} {ergonomic}
   size_t G1HeapRegionSize                         = 1048576                                   {product} {ergonomic}
    uintx GCDrainStackTargetSize                   = 64                                        {product} {ergonomic}
   size_t InitialHeapSize                          = 266338304                                 {product} {ergonomic}
   size_t MarkStackSize                            = 4194304                                   {product} {ergonomic}
   size_t MaxHeapSize                              = 2147483648                                {product} {command line}
   size_t MaxNewSize                               = 1287651328                                {product} {ergonomic}
   size_t MinHeapDeltaBytes                        = 1048576                                   {product} {ergonomic}
    uintx NonNMethodCodeHeapSize                   = 5836300                                {pd product} {ergonomic}
    uintx NonProfiledCodeHeapSize                  = 122910970                              {pd product} {ergonomic}
    uintx ProfiledCodeHeapSize                     = 122910970                              {pd product} {ergonomic}
    uintx ReservedCodeCacheSize                    = 251658240                              {pd product} {ergonomic}
     bool SegmentedCodeCache                       = true                                      {product} {ergonomic}
     bool UseCompressedClassPointers               = true                                 {lp64_product} {ergonomic}
     bool UseCompressedOops                        = true                                 {lp64_product} {ergonomic}
     bool UseG1GC                                  = true                                      {product} {ergonomic}
     bool UseLargePagesIndividualAllocation        = false                                  {pd product} {ergonomic}

Logging:
Log output configuration:
 #0: stdout all=warning uptime,level,tags
 #1: stderr all=off uptime,level,tags

Environment Variables:
JAVA_HOME=C:\Program Files\Java\jre1.8.0_311\bin
PATH=C:\Program Files (x86)\Common Files\Oracle\Java\javapath;C:\Windows\system32;C:\Windows;C:\Windows\System32\Wbem;C:\Windows\System32\WindowsPowerShell\v1.0\;C:\Windows\System32\OpenSSH\;C:\Program Files\Microsoft SQL Server\Client SDK\ODBC\170\Tools\Binn\;C:\Program Files (x86)\Microsoft SQL Server\150\Tools\Binn\;C:\Program Files\Microsoft SQL Server\150\Tools\Binn\;C:\Program Files\Microsoft SQL Server\150\DTS\Binn\;C:\Program Files (x86)\Microsoft SQL Server\150\DTS\Binn\;C:\Program Files\Azure Data Studio\bin;C:\Program Files\Microsoft SQL Server\130\Tools\Binn\;C:\Program Files\SourceGear\Common\DiffMerge\;C:\Program Files\Microsoft SQL Server\110\Tools\Binn\;C:\Program Files\dotnet\;C:\Program Files\nodejs\;C:\Program Files\Git\cmd;C:\Program Files\MySQL\MySQL Shell 8.0\bin\;C:\Program Files\Java\jdk-11.0.10\bin;C:\Users\ShadiZidan\AppData\Local\Android\android-sdk-hp\platform-tools;C:\Program Files\Azure Data Studio\bin;C:\Users\ShadiZidan\.dotnet\tools;C:\Users\ShadiZidan\AppData\Local\Programs\Microsoft VS Code\bin;C:\Users\ShadiZidan\AppData\Roaming\npm;C:\Users\ShadiZidan\AppData\Local\Android\android-sdk\tools;C:\Users\ShadiZidan\Desktop\apache-ant-1.10.12\bin;C:\Program Files\Java\jre1.8.0_311\bin;C:\Users\ShadiZidan\AppData\Local\GitHubDesktop\bin
USERNAME=ShadiZidan
OS=Windows_NT
PROCESSOR_IDENTIFIER=Intel64 Family 6 Model 142 Stepping 12, GenuineIntel



---------------  S Y S T E M  ---------------

OS: Windows 10 , 64 bit Build 19041 (10.0.19041.1466)
OS uptime: 14 days 6:58 hours

CPU:total 8 (initial active 8) (4 cores per cpu, 2 threads per core) family 6 model 142 stepping 12 microcode 0xd6, cmov, cx8, fxsr, mmx, sse, sse2, sse3, ssse3, sse4.1, sse4.2, popcnt, avx, avx2, aes, clmul, erms, 3dnowpref, lzcnt, ht, tsc, tscinvbit, bmi1, bmi2, adx, fma

Memory: 4k page, system-wide physical 16140M (3620M free)
TotalPageFile size 19140M (AvailPageFile size 54M)
current process WorkingSet (physical memory assigned to process): 787M, peak: 787M
current process commit charge ("private bytes"): 874M, peak: 941M

vm_info: OpenJDK 64-Bit Server VM (11.0.11+9-b60-7590822) for windows-amd64 JRE (11.0.11+9-b60-7590822), built on Jul 29 2021 21:43:44 by "builder" with MS VC++ 14.0 (VS2015)

END.
